INFO-FLOW: Workspace C:/Users/EMILIO/Desktop/HLS/FFR_Reorder_x_num/with_out_OP opened at Sun Mar 28 22:19:31 -0600 2021
Execute     config_clock -quiet -name default -period 5 -default=false 
INFO: [SYN 201-201] Setting up clock 'default' with a period of 5ns.
Execute     open_platform DefaultPlatform 
Execute     import_lib C:/Xilinx_2018/Vivado/2018.3/common/technology/xilinx/zynq/zynq 
Execute       source C:/Xilinx_2018/Vivado/2018.3/common/technology/xilinx/common/xilinx.lib 
Execute         source C:/Xilinx_2018/Vivado/2018.3/common/technology/xilinx/interface/xilinx_interface.lib 
Execute           source C:/Xilinx_2018/Vivado/2018.3/common/technology/xilinx/interface/plb46.lib 
Execute           source C:/Xilinx_2018/Vivado/2018.3/common/technology/xilinx/interface/fsl.lib 
Execute           source C:/Xilinx_2018/Vivado/2018.3/common/technology/xilinx/interface/axi4.lib 
Execute           source C:/Xilinx_2018/Vivado/2018.3/common/technology/xilinx/interface/maxi.lib 
Execute           source C:/Xilinx_2018/Vivado/2018.3/common/technology/xilinx/interface/saxilite.lib 
Execute         source C:/Xilinx_2018/Vivado/2018.3/common/technology/xilinx/common/dsp48.lib 
Execute         source C:/Xilinx_2018/Vivado/2018.3/common/technology/xilinx/ip/dds_compiler.lib 
Execute         source C:/Xilinx_2018/Vivado/2018.3/common/technology/xilinx/ip/xfft.lib 
Execute         source C:/Xilinx_2018/Vivado/2018.3/common/technology/xilinx/ip/xfir.lib 
Execute       source C:/Xilinx_2018/Vivado/2018.3/common/technology/xilinx/common/xilinx_old.lib 
Execute       source C:/Xilinx_2018/Vivado/2018.3/common/technology/xilinx/common/xilinx_vivado.lib 
Execute       source C:/Xilinx_2018/Vivado/2018.3/common/technology/xilinx/common/xilinx.hlp 
Execute         source C:/Xilinx_2018/Vivado/2018.3/common/technology/xilinx/common/target_info.tcl 
Execute         source C:/Xilinx_2018/Vivado/2018.3/common/technology/xilinx/interface/xilinx_interface.hlp 
Execute           source C:/Xilinx_2018/Vivado/2018.3/common/technology/xilinx/interface/maxi.hlp 
Execute           source C:/Xilinx_2018/Vivado/2018.3/common/technology/xilinx/interface/saxilite.hlp 
Execute         source C:/Xilinx_2018/Vivado/2018.3/common/technology/xilinx/common/dsp48.hlp 
Execute       source C:/Xilinx_2018/Vivado/2018.3/common/technology/xilinx/zynq/dsp48e1.hlp 
Execute       get_default_platform 
Execute       config_chip_info -quiet -resource  {SLICE 13300}  {LUT 53200}     {FF 106400} {DSP48E 220}   {BRAM 280}  
Execute       config_chip_info -quiet -speed medium 
Execute       source C:/Xilinx_2018/Vivado/2018.3/common/technology/xilinx/common/xilinx.hlp 
Execute         source C:/Xilinx_2018/Vivado/2018.3/common/technology/xilinx/common/target_info.tcl 
Execute         source C:/Xilinx_2018/Vivado/2018.3/common/technology/xilinx/interface/xilinx_interface.hlp 
Execute           source C:/Xilinx_2018/Vivado/2018.3/common/technology/xilinx/interface/maxi.hlp 
Execute           source C:/Xilinx_2018/Vivado/2018.3/common/technology/xilinx/interface/saxilite.hlp 
Execute         source C:/Xilinx_2018/Vivado/2018.3/common/technology/xilinx/common/dsp48.hlp 
Execute     source C:/Xilinx_2018/Vivado/2018.3/common/technology/xilinx/zynq/zynq.gen 
Execute       source C:/Xilinx_2018/Vivado/2018.3/common/technology/xilinx/common/virtex.gen 
Execute         source C:/Xilinx_2018/Vivado/2018.3/common/technology/xilinx/common/xilinx.gen 
Execute           source C:/Xilinx_2018/Vivado/2018.3/common/technology/xilinx/interface/plb46.gen 
Execute           source C:/Xilinx_2018/Vivado/2018.3/common/technology/xilinx/interface/fsl.gen 
Execute           source C:/Xilinx_2018/Vivado/2018.3/common/technology/xilinx/interface/axi4.gen 
Execute           source C:/Xilinx_2018/Vivado/2018.3/common/technology/xilinx/interface/nativeAXI4.gen 
Execute             source C:/Xilinx_2018/Vivado/2018.3/common/technology/xilinx/interface/saxilite.gen 
Execute             source C:/Xilinx_2018/Vivado/2018.3/common/technology/xilinx/interface/maxi.gen 
Execute           source C:/Xilinx_2018/Vivado/2018.3/common/technology/xilinx/scripts/xilinxcoregen.gen 
Execute           source C:/Xilinx_2018/Vivado/2018.3/common/technology/xilinx/interface/XilEDKCoreGen.gen 
Execute           source C:/Xilinx_2018/Vivado/2018.3/common/technology/xilinx/ip/dds_compiler.gen 
Execute           source C:/Xilinx_2018/Vivado/2018.3/common/technology/xilinx/ip/util.gen 
Execute           source C:/Xilinx_2018/Vivado/2018.3/common/technology/xilinx/ip/xfft.gen 
Command           ap_source done; 0.135 sec.
Execute           source C:/Xilinx_2018/Vivado/2018.3/common/technology/xilinx/ip/xfir.gen 
Command         ap_source done; 0.189 sec.
Execute         source C:/Xilinx_2018/Vivado/2018.3/common/technology/xilinx/common/dsp48.gen 
Command       ap_source done; 0.192 sec.
Command     ap_source done; 0.192 sec.
Execute     set_part xc7z045ffg900-2 
Execute       add_library xilinx/zynq/zynq:xc7z045:ffg900:-2 
Execute         get_default_platform 
Execute         license_isbetapart xc7z045 
Command         license_isbetapart done; error code: 1; 
Execute         get_default_platform 
Execute         config_chip_info -quiet -resource  {SLICE 54650}  {LUT 218600}    {FF 437200} {DSP48E 900}   {BRAM 1090}  
Execute         config_chip_info -quiet -speed medium 
Execute       add_library xilinx/zynq/zynq_fpv6 
Execute         get_default_platform 
Execute         open_platform DefaultPlatform 
Execute         import_lib C:/Xilinx_2018/Vivado/2018.3/common/technology/xilinx/zynq/zynq_fpv6 
Execute           source C:/Xilinx_2018/Vivado/2018.3/common/technology/xilinx/common/xilinx_fpv7.lib 
Execute             source C:/Xilinx_2018/Vivado/2018.3/common/technology/xilinx/common/xilinx_hp.lib 
Execute           source C:/Xilinx_2018/Vivado/2018.3/common/technology/xilinx/common/xilinx_fpv.hlp 
Execute             source C:/Xilinx_2018/Vivado/2018.3/common/technology/xilinx/common/xilinx.hlp 
Execute               source C:/Xilinx_2018/Vivado/2018.3/common/technology/xilinx/common/target_info.tcl 
Execute               source C:/Xilinx_2018/Vivado/2018.3/common/technology/xilinx/interface/xilinx_interface.hlp 
Execute                 source C:/Xilinx_2018/Vivado/2018.3/common/technology/xilinx/interface/maxi.hlp 
Execute                 source C:/Xilinx_2018/Vivado/2018.3/common/technology/xilinx/interface/saxilite.hlp 
Execute               source C:/Xilinx_2018/Vivado/2018.3/common/technology/xilinx/common/dsp48.hlp 
Execute           source C:/Xilinx_2018/Vivado/2018.3/common/technology/xilinx/zynq/zynq_hp.hlp 
Execute         source C:/Xilinx_2018/Vivado/2018.3/common/technology/xilinx/zynq/zynq_fpv6.gen 
Execute           source C:/Xilinx_2018/Vivado/2018.3/common/technology/xilinx/common/xilinx_fpv6.gen 
INFO: [HLS 200-10] Setting target device to 'xc7z045ffg900-2'
Execute       get_default_platform 
Command     set_part done; 0.129 sec.
Execute     get_default_platform 
Execute     config_chip_info -quiet -resource  {SLICE 54650}  {LUT 218600}    {FF 437200} {DSP48E 900}   {BRAM 1090}  
Execute     config_chip_info -quiet -speed medium 
Execute     config_compile -no_signed_zeros=false 
INFO: [XFORM 203-1172] Optimizing floating point zeros and discarding its signedness.
Execute     config_compile -unsafe_math_optimizations=false 
INFO: [XFORM 203-1172] Optimizing floating point zeros and discarding its signedness.
INFO: [XFORM 203-1173] Reordering floating point operations aggressively.
INFO: [XFORM 203-1176] Optimizing floating point comparison without checking NaN.
Execute     config_sdx -optimization_level=none 
Execute       get_config_export -vivado_synth_design_args 
Execute       get_config_export -vivado_impl_strategy 
Execute       get_config_export -vivado_synth_strategy 
Execute       get_config_export -vivado_phys_opt 
Execute       get_config_bind -effort 
Execute       send_msg_by_id INFO @200-435@%s%s 'config_sdx -optimization_level' config_bind -effort=medium 
INFO: [HLS 200-435] Setting 'config_sdx -optimization_level' configuration: config_bind -effort=medium
Execute       config_bind -effort=medium 
Execute       get_config_schedule -effort 
Execute       send_msg_by_id INFO @200-435@%s%s 'config_sdx -optimization_level' config_schedule -effort=medium 
INFO: [HLS 200-435] Setting 'config_sdx -optimization_level' configuration: config_schedule -effort=medium
Execute       config_schedule -effort=medium 
Execute     config_sdx -target=none 
Execute       send_msg_by_id INFO @200-435@%s%s 'config_sdx -target' config_sdx -optimization_level=none 
INFO: [HLS 200-435] Setting 'config_sdx -target' configuration: config_sdx -optimization_level=none
Execute       config_sdx -optimization_level=none 
Execute         get_config_export -vivado_synth_design_args 
Execute         get_config_export -vivado_impl_strategy 
Execute         get_config_export -vivado_synth_strategy 
Execute         get_config_export -vivado_phys_opt 
Execute         get_config_bind -effort 
Execute         get_config_schedule -effort 
Execute       get_config_compile -pipeline_loops 
Execute       get_config_compile -name_max_length 
Execute       get_config_schedule -relax_ii_for_timing 
Execute       send_msg_by_id INFO @200-435@%s%s 'config_sdx -target' config_schedule -relax_ii_for_timing=0 
INFO: [HLS 200-435] Setting 'config_sdx -target' configuration: config_schedule -relax_ii_for_timing=0
Execute       config_schedule -relax_ii_for_timing=0 
Execute       get_config_schedule -enable_dsp_full_reg 
Execute       get_config_rtl -register_reset_num 
Execute       get_config_rtl -auto_prefix 
Execute       get_config_rtl -enable_maxiConservative 
Execute       get_config_interface -m_axi_addr64 
Execute       send_msg_by_id INFO @200-435@%s%s 'config_sdx -target' set_clock_uncertainty default 
INFO: [HLS 200-435] Setting 'config_sdx -target' configuration: set_clock_uncertainty default
Execute       set_clock_uncertainty default 
Execute         get_clock_period -default -name=default 
Execute         config_clock -quiet -name default -uncertainty 0.625 -unit % 
INFO: [SYN 201-201] Setting up clock 'default' with an uncertainty of 0.625ns.
Command   open_solution done; 0.488 sec.
Execute   set_part xc7z045ffg900-2 
Execute     add_library xilinx/zynq/zynq:xc7z045:ffg900:-2 
Execute       get_default_platform 
Execute       license_isbetapart xc7z045 
Command       license_isbetapart done; error code: 1; 
Execute       get_default_platform 
Execute       config_chip_info -quiet -resource  {SLICE 54650}  {LUT 218600}    {FF 437200} {DSP48E 900}   {BRAM 1090}  
Execute       config_chip_info -quiet -speed medium 
Execute     add_library xilinx/zynq/zynq_fpv6 
Execute       get_default_platform 
Execute       open_platform DefaultPlatform 
Execute       import_lib C:/Xilinx_2018/Vivado/2018.3/common/technology/xilinx/zynq/zynq_fpv6 
Execute         source C:/Xilinx_2018/Vivado/2018.3/common/technology/xilinx/common/xilinx_fpv7.lib 
Execute           source C:/Xilinx_2018/Vivado/2018.3/common/technology/xilinx/common/xilinx_hp.lib 
Execute         source C:/Xilinx_2018/Vivado/2018.3/common/technology/xilinx/common/xilinx_fpv.hlp 
Execute           source C:/Xilinx_2018/Vivado/2018.3/common/technology/xilinx/common/xilinx.hlp 
Execute             source C:/Xilinx_2018/Vivado/2018.3/common/technology/xilinx/common/target_info.tcl 
Execute             source C:/Xilinx_2018/Vivado/2018.3/common/technology/xilinx/interface/xilinx_interface.hlp 
Execute               source C:/Xilinx_2018/Vivado/2018.3/common/technology/xilinx/interface/maxi.hlp 
Execute               source C:/Xilinx_2018/Vivado/2018.3/common/technology/xilinx/interface/saxilite.hlp 
Execute             source C:/Xilinx_2018/Vivado/2018.3/common/technology/xilinx/common/dsp48.hlp 
Execute         source C:/Xilinx_2018/Vivado/2018.3/common/technology/xilinx/zynq/zynq_hp.hlp 
Execute       source C:/Xilinx_2018/Vivado/2018.3/common/technology/xilinx/zynq/zynq_fpv6.gen 
Execute         source C:/Xilinx_2018/Vivado/2018.3/common/technology/xilinx/common/xilinx_fpv6.gen 
Execute     get_default_platform 
Command   set_part done; 0.107 sec.
Execute   create_clock -period 5 -name default 
Execute     config_clock -quiet -name default -period 5 -default=false 
INFO: [SYN 201-201] Setting up clock 'default' with a period of 5ns.
Execute   config_compile 
Execute   config_sdx -optimization_level none -target none 
Execute     get_config_export -vivado_synth_design_args 
Execute     get_config_export -vivado_impl_strategy 
Execute     get_config_export -vivado_synth_strategy 
Execute     get_config_export -vivado_phys_opt 
Execute     get_config_bind -effort 
Execute     get_config_schedule -effort 
Execute     get_config_compile -pipeline_loops 
Execute     get_config_compile -name_max_length 
Execute     get_config_schedule -relax_ii_for_timing 
Execute     get_config_schedule -enable_dsp_full_reg 
Execute     get_config_rtl -register_reset_num 
Execute     get_config_rtl -auto_prefix 
Execute     get_config_rtl -enable_maxiConservative 
Execute     get_config_interface -m_axi_addr64 
Execute     send_msg_by_id INFO @200-435@%s%s 'config_sdx -target' set_clock_uncertainty default 
INFO: [HLS 200-435] Setting 'config_sdx -target' configuration: set_clock_uncertainty default
Execute     set_clock_uncertainty default 
Execute   csynth_design 
Execute     get_config_compile -effort 
Execute     get_config_compile -enable_clang39 
Execute     get_config_compile -g 
Execute     get_config_compile -lm 
Execute     get_config_compile -ng 
Execute     get_config_compile -opt_fp 
Execute     get_config_compile -skip_cdt 
Execute     get_config_compile -skip_syncheck 
Execute     get_config_compile -skip_transform 
Execute     config_compile -blackbox  
Execute     get_config_compile -keep_printf 
Execute     elaborate -effort=medium -skip_syncheck=0 -keep_printf=0 -lm=0 -skip_cdt=0 -skip_transform=0 -ng=0 -g=0 -opt_fp=0 -from_csynth_design=1 
Execute       get_config_schedule -relax_ii_for_timing 
Execute       get_config_schedule -suppress_dependence_error_break 
INFO: [HLS 200-10] Analyzing design file 'FFR_Reorder_x_num/Reorder_FFT.cpp' ... 
INFO-FLOW: Compiling one TU...
Execute       is_m_axi_addr64 
INFO-FLOW: Handling FFR_Reorder_x_num/Reorder_FFT.cpp as C++
Execute       get_default_platform 
Execute       is_encrypted FFR_Reorder_x_num/Reorder_FFT.cpp 
Execute       get_default_platform 
INFO-FLOW: Running: GCC PP
INFO-FLOW: Source preprocessing
Execute       clang  -fno-limit-debug-info -gcc-toolchain "C:/Xilinx_2018/Vivado/2018.3/msys" -hls  -fno-exceptions  -D__llvm__  -E "FFR_Reorder_x_num/Reorder_FFT.cpp"     -fno-math-errno -c -emit-llvm -O0  -mllvm -disable-llvm-optzns -fno-threadsafe-statics  -fno-use-cxa-atexit  -fno-threadsafe-statics -fno-use-cxa-atexit -D__CLANG_3_1__ -D__cdecl= -DAESL_SYN -D__SYNTHESIS__ -D__HLS_SYN__ -I "C:/Xilinx_2018/Vivado/2018.3/common/technology/autopilot" -I "C:/Xilinx_2018/Vivado/2018.3/common/technology/autopilot/ap_sysc" -include etc/autopilot_ssdm_op.h -D__DSP48E1__  -o "C:/Users/EMILIO/Desktop/HLS/FFR_Reorder_x_num/with_out_OP/.autopilot/db/Reorder_FFT.pp.0.cpp" 
INFO-FLOW: exec C:/Xilinx_2018/Vivado/2018.3/win64/tools/clang/bin/clang -fno-limit-debug-info -gcc-toolchain C:/Xilinx_2018/Vivado/2018.3/msys -hls -fno-exceptions -D__llvm__ -E FFR_Reorder_x_num/Reorder_FFT.cpp -fno-math-errno -c -emit-llvm -O0 -mllvm -disable-llvm-optzns -fno-threadsafe-statics -fno-use-cxa-atexit -fno-threadsafe-statics -fno-use-cxa-atexit -D__CLANG_3_1__ -D__cdecl= -DAESL_SYN -D__SYNTHESIS__ -D__HLS_SYN__ -I C:/Xilinx_2018/Vivado/2018.3/common/technology/autopilot -I C:/Xilinx_2018/Vivado/2018.3/common/technology/autopilot/ap_sysc -include etc/autopilot_ssdm_op.h -D__DSP48E1__ -o C:/Users/EMILIO/Desktop/HLS/FFR_Reorder_x_num/with_out_OP/.autopilot/db/Reorder_FFT.pp.0.cpp
Command       clang done; 1.148 sec.
Execute       tidy_31 xilinx-xfmat-array-geometry C:/Users/EMILIO/Desktop/HLS/FFR_Reorder_x_num/with_out_OP/.autopilot/db/Reorder_FFT.pp.0.cpp std=gnu++98 
INFO-FLOW: exec C:/Xilinx_2018/Vivado/2018.3/win64/tools/clang-3.9-csynth/bin/tidy-3.1 -header-filter=.* -checks=-*,xilinx-xfmat-array-geometry -quiet -fix C:/Users/EMILIO/Desktop/HLS/FFR_Reorder_x_num/with_out_OP/.autopilot/db/Reorder_FFT.pp.0.cpp -- -std=gnu++98 -fhls -ferror-limit=0
Command       tidy_31 done; 0.637 sec.
INFO-FLOW: Syntax Checking before pre-processing...
Execute       clang -syntaxcheck -src C:/Users/EMILIO/Desktop/HLS/FFR_Reorder_x_num/with_out_OP/.autopilot/db/Reorder_FFT.pp.0.cpp  -fno-limit-debug-info -gcc-toolchain "C:/Xilinx_2018/Vivado/2018.3/msys" -hls    -fno-math-errno -c -emit-llvm -O0  -mllvm -disable-llvm-optzns -fno-threadsafe-statics  -fno-use-cxa-atexit  -fno-threadsafe-statics -fno-use-cxa-atexit -D__CLANG_3_1__ -D__cdecl= -DAESL_SYN -D__SYNTHESIS__ -D__HLS_SYN__ -I "C:/Xilinx_2018/Vivado/2018.3/common/technology/autopilot" -I "C:/Xilinx_2018/Vivado/2018.3/common/technology/autopilot/ap_sysc" -include etc/autopilot_ssdm_op.h -D__DSP48E1__  "C:/Users/EMILIO/Desktop/HLS/FFR_Reorder_x_num/with_out_OP/.autopilot/db/Reorder_FFT.pp.0.cpp"  -o "C:/Users/EMILIO/Desktop/HLS/FFR_Reorder_x_num/with_out_OP/.autopilot/db/useless.bc"  
INFO-FLOW: exec C:/Xilinx_2018/Vivado/2018.3/win64/tools/clang/bin/clang -fno-limit-debug-info -gcc-toolchain C:/Xilinx_2018/Vivado/2018.3/msys -hls -fno-math-errno -c -emit-llvm -O0 -mllvm -disable-llvm-optzns -fno-threadsafe-statics -fno-use-cxa-atexit -fno-threadsafe-statics -fno-use-cxa-atexit -D__CLANG_3_1__ -D__cdecl= -DAESL_SYN -D__SYNTHESIS__ -D__HLS_SYN__ -I C:/Xilinx_2018/Vivado/2018.3/common/technology/autopilot -I C:/Xilinx_2018/Vivado/2018.3/common/technology/autopilot/ap_sysc -include etc/autopilot_ssdm_op.h -D__DSP48E1__ C:/Users/EMILIO/Desktop/HLS/FFR_Reorder_x_num/with_out_OP/.autopilot/db/Reorder_FFT.pp.0.cpp -o C:/Users/EMILIO/Desktop/HLS/FFR_Reorder_x_num/with_out_OP/.autopilot/db/useless.bc
Command       clang done; 1.643 sec.
INFO-FLOW: Done: GCC PP time: 3.4 seconds per iteration
Execute       list_core -type functional_unit 
Execute       tidy_31 xilinx-systemc-detector C:/Users/EMILIO/Desktop/HLS/FFR_Reorder_x_num/with_out_OP/.autopilot/db/Reorder_FFT.pp.0.cpp std=gnu++98 -directive=C:/Users/EMILIO/Desktop/HLS/FFR_Reorder_x_num/with_out_OP/.autopilot/db/.systemc_flag 
INFO-FLOW: exec C:/Xilinx_2018/Vivado/2018.3/win64/tools/clang-3.9-csynth/bin/tidy-3.1 -header-filter=.* -checks=-*,xilinx-systemc-detector -import-directive=C:/Users/EMILIO/Desktop/HLS/FFR_Reorder_x_num/with_out_OP/.autopilot/db/.systemc_flag -quiet -fix-errors C:/Users/EMILIO/Desktop/HLS/FFR_Reorder_x_num/with_out_OP/.autopilot/db/Reorder_FFT.pp.0.cpp -- -std=gnu++98 -fhls -ferror-limit=0
Command       tidy_31 done; 0.646 sec.
INFO-FLOW: Running: tidy-3.1 CDT preprocess
Execute       tidy_31 xilinx-directive2pragma C:/Users/EMILIO/Desktop/HLS/FFR_Reorder_x_num/with_out_OP/.autopilot/db/Reorder_FFT.pp.0.cpp std=gnu++98 -directive=C:/Users/EMILIO/Desktop/HLS/FFR_Reorder_x_num/with_out_OP/.autopilot/db/all.directive.json 
INFO-FLOW: exec C:/Xilinx_2018/Vivado/2018.3/win64/tools/clang-3.9-csynth/bin/tidy-3.1 -header-filter=.* -checks=-*,xilinx-directive2pragma -import-directive=C:/Users/EMILIO/Desktop/HLS/FFR_Reorder_x_num/with_out_OP/.autopilot/db/all.directive.json -quiet -fix-errors C:/Users/EMILIO/Desktop/HLS/FFR_Reorder_x_num/with_out_OP/.autopilot/db/Reorder_FFT.pp.0.cpp -- -std=gnu++98 -fhls -ferror-limit=0
Command       tidy_31 done; 0.633 sec.
Execute       get_config_dataflow -strict_mode 
Execute       ap_eval exec -ignorestderr C:/Xilinx_2018/Vivado/2018.3/win64/tools/clang-3.9-csynth/bin/xilinx-dataflow-lawyer -export-fixes=C:/Users/EMILIO/Desktop/HLS/FFR_Reorder_x_num/with_out_OP/.autopilot/db/xilinx-dataflow-lawyer.Reorder_FFT.pp.0.cpp.diag.yml C:/Users/EMILIO/Desktop/HLS/FFR_Reorder_x_num/with_out_OP/.autopilot/db/Reorder_FFT.pp.0.cpp -- -std=gnu++98 -fhls -ferror-limit=0 -fstrict-dataflow > C:/Users/EMILIO/Desktop/HLS/FFR_Reorder_x_num/with_out_OP/.autopilot/db/xilinx-dataflow-lawyer.Reorder_FFT.pp.0.cpp.out.log 2> C:/Users/EMILIO/Desktop/HLS/FFR_Reorder_x_num/with_out_OP/.autopilot/db/xilinx-dataflow-lawyer.Reorder_FFT.pp.0.cpp.err.log 
Command       ap_eval done; 0.529 sec.
Execute       tidy_31 -errorcheck xilinx-constantarray-param,xilinx-resource-pragma-transformer,xilinx-xfmat-array-geometry C:/Users/EMILIO/Desktop/HLS/FFR_Reorder_x_num/with_out_OP/.autopilot/db/Reorder_FFT.pp.0.cpp std=gnu++98 
Execute         ap_eval exec -ignorestderr C:/Xilinx_2018/Vivado/2018.3/win64/tools/clang-3.9-csynth/bin/tidy-3.1 -export-fixes=C:/Users/EMILIO/Desktop/HLS/FFR_Reorder_x_num/with_out_OP/.autopilot/db/tidy-3.1.Reorder_FFT.pp.0.cpp.diag.yml -header-filter=.* -checks=-*,xilinx-constantarray-param,xilinx-resource-pragma-transformer,xilinx-xfmat-array-geometry -quiet -fix-errors C:/Users/EMILIO/Desktop/HLS/FFR_Reorder_x_num/with_out_OP/.autopilot/db/Reorder_FFT.pp.0.cpp -- -std=gnu++98 -fhls -ferror-limit=0 > C:/Users/EMILIO/Desktop/HLS/FFR_Reorder_x_num/with_out_OP/.autopilot/db/tidy-3.1.Reorder_FFT.pp.0.cpp.out.log 2> C:/Users/EMILIO/Desktop/HLS/FFR_Reorder_x_num/with_out_OP/.autopilot/db/tidy-3.1.Reorder_FFT.pp.0.cpp.err.log 
Command         ap_eval done; 1.629 sec.
Execute         ap_eval exec -ignorestderr C:/Xilinx_2018/Vivado/2018.3/win64/tools/clang-3.9-csynth/bin/xilinx-legacy-rewriter C:/Users/EMILIO/Desktop/HLS/FFR_Reorder_x_num/with_out_OP/.autopilot/db/Reorder_FFT.pp.0.cpp -- -std=gnu++98 -fhls -ferror-limit=0 > C:/Users/EMILIO/Desktop/HLS/FFR_Reorder_x_num/with_out_OP/.autopilot/db/xilinx-legacy-rewriter.Reorder_FFT.pp.0.cpp.out.log 2> C:/Users/EMILIO/Desktop/HLS/FFR_Reorder_x_num/with_out_OP/.autopilot/db/xilinx-legacy-rewriter.Reorder_FFT.pp.0.cpp.err.log 
Command         ap_eval done; 0.911 sec.
Command       tidy_31 done; 2.562 sec.
INFO-FLOW: Done: tidy-3.1 CDT preprocess time: 3.7 seconds per iteration
INFO-FLOW: Pragma Handling...
Execute       tidy_31 xilinx-ssdm-intrinsics-arguments C:/Users/EMILIO/Desktop/HLS/FFR_Reorder_x_num/with_out_OP/.autopilot/db/Reorder_FFT.pragma.1.cpp std=gnu++98 
INFO-FLOW: exec C:/Xilinx_2018/Vivado/2018.3/win64/tools/clang-3.9-csynth/bin/tidy-3.1 -header-filter=.* -checks=-*,xilinx-ssdm-intrinsics-arguments -quiet -fix-errors C:/Users/EMILIO/Desktop/HLS/FFR_Reorder_x_num/with_out_OP/.autopilot/db/Reorder_FFT.pragma.1.cpp -- -std=gnu++98 -fhls -ferror-limit=0
Command       tidy_31 done; 1.298 sec.
Execute       get_default_platform 
INFO-FLOW: Processing labels
Execute       clang -src C:/Users/EMILIO/Desktop/HLS/FFR_Reorder_x_num/with_out_OP/.autopilot/db/Reorder_FFT.pragma.2.cpp  -fno-limit-debug-info -gcc-toolchain C:/Xilinx_2018/Vivado/2018.3/msys -hls -hls-analyze-label -hls-analyze-pragma -fno-exceptions  -D__llvm__  -w  "C:/Users/EMILIO/Desktop/HLS/FFR_Reorder_x_num/with_out_OP/.autopilot/db/Reorder_FFT.pragma.2.cpp"    -fno-math-errno -c -emit-llvm -O0  -mllvm -disable-llvm-optzns -fno-threadsafe-statics  -fno-use-cxa-atexit -DAESL_SYN -D__SYNTHESIS__ -D__HLS_SYN__ -I "C:/Xilinx_2018/Vivado/2018.3/common/technology/autopilot" -I "C:/Xilinx_2018/Vivado/2018.3/common/technology/autopilot/ap_sysc" -include etc/autopilot_ssdm_op.h -D__DSP48E1__ -g -o "C:/Users/EMILIO/Desktop/HLS/FFR_Reorder_x_num/with_out_OP/.autopilot/db/Reorder_FFT.bc" 
INFO-FLOW: exec C:/Xilinx_2018/Vivado/2018.3/win64/tools/clang/bin/clang -fno-limit-debug-info -gcc-toolchain C:/Xilinx_2018/Vivado/2018.3/msys -hls -hls-analyze-label -hls-analyze-pragma -fno-exceptions -D__llvm__ -w C:/Users/EMILIO/Desktop/HLS/FFR_Reorder_x_num/with_out_OP/.autopilot/db/Reorder_FFT.pragma.2.cpp -fno-math-errno -c -emit-llvm -O0 -mllvm -disable-llvm-optzns -fno-threadsafe-statics -fno-use-cxa-atexit -DAESL_SYN -D__SYNTHESIS__ -D__HLS_SYN__ -I C:/Xilinx_2018/Vivado/2018.3/common/technology/autopilot -I C:/Xilinx_2018/Vivado/2018.3/common/technology/autopilot/ap_sysc -include etc/autopilot_ssdm_op.h -D__DSP48E1__ -g -o C:/Users/EMILIO/Desktop/HLS/FFR_Reorder_x_num/with_out_OP/.autopilot/db/Reorder_FFT.bc
Command       clang done; 1.453 sec.
INFO-FLOW: Linking Debug ...
Execute       llvm-ld C:/Users/EMILIO/Desktop/HLS/FFR_Reorder_x_num/with_out_OP/.autopilot/db/Reorder_FFT.g.bc -hls-opt -except-internalize Reorder_fft -LC:/Xilinx_2018/Vivado/2018.3/win64/lib -lhlsm -lhlsmc++ -o C:/Users/EMILIO/Desktop/HLS/FFR_Reorder_x_num/with_out_OP/.autopilot/db/a.g 
Command       llvm-ld done; 1.266 sec.
INFO: [HLS 200-111] Finished Linking Time (s): cpu = 00:00:01 ; elapsed = 00:00:14 . Memory (MB): peak = 104.785 ; gain = 20.191
INFO: [HLS 200-111] Finished Checking Pragmas Time (s): cpu = 00:00:01 ; elapsed = 00:00:14 . Memory (MB): peak = 104.785 ; gain = 20.191
Execute       get_config_sdx -target 
Execute       opt_and_import_c a -opt_level=2 -skip_syncheck=0 -ng=0 -keep_printf=0 
Execute         cleanup_all_models 
INFO: [HLS 200-10] Starting code transformations ...
Execute         transform -promote-dbg-pointer C:/Users/EMILIO/Desktop/HLS/FFR_Reorder_x_num/with_out_OP/.autopilot/db/a.pp.bc -o C:/Users/EMILIO/Desktop/HLS/FFR_Reorder_x_num/with_out_OP/.autopilot/db/a.pp.0.bc -f 
Execute         llvm-ld C:/Users/EMILIO/Desktop/HLS/FFR_Reorder_x_num/with_out_OP/.autopilot/db/a.pp.0.bc -disable-opt -LC:/Xilinx_2018/Vivado/2018.3/win64/lib -lfloatconversion -o C:/Users/EMILIO/Desktop/HLS/FFR_Reorder_x_num/with_out_OP/.autopilot/db/a.g.0 
Command         llvm-ld done; 0.544 sec.
INFO-FLOW: Running Standard Transforms...
Execute         transform -hls -share-std-xform -demangle-name -inline-byval-memcpy -always-inline -promote-dbg-pointer -interface-preproc -mem2reg -lower-blackbox -scalarrepl -mem2reg -keep-read-access -instcombine -dce -promote-dbg-pointer -bitop-raise -loop-simplify -indvarspre -indvars -loop-simplify -xunroll -constprop -instcombine -simplifycfg -indvars -simplifycfg -dce -globaldce -basicaa -simplifycfg -mem2reg -globalopt -global-constprop -deadargelim -instcombine -simplifycfg -prune-eh -simplifycfg -scalarrepl -instcombine -reassociate -licm -simplifycfg -loop-simplify -indvars -instcombine -simplifycfg -mem2reg -loop-simplify -indvars -instcombine -gvn -gvn -instcombine -adce -break-crit-edges -simplifycfg -loop-delete -global-array-opt -dce -dse -adce -find-syn-modules -top Reorder_fft -deadargelim -mem2reg -instcombine -dce -presyn-prepare -auto-rom-infer -interface-preproc -syn-check -check-rec-only -find-region -simplifycfg -func-extr -function-inline -globaldce -mem2reg -instcombine -dce -gvn -globaldce -adce -adse -constprop -instcombine -bit-constprop -instcombine -dce -simplifycfg -bitop-raise -simplifycfg -dce -loop-delete -reassociate -globalopt -global-privatize -mem2reg -dce -global-constprop -pointer-simplify -constprop -dce -func-inst -deadargelim -auto-shift-reg-idiom -promote-dbg-pointer -norm-name C:/Users/EMILIO/Desktop/HLS/FFR_Reorder_x_num/with_out_OP/.autopilot/db/a.g.0.bc -o C:/Users/EMILIO/Desktop/HLS/FFR_Reorder_x_num/with_out_OP/.autopilot/db/a.g.1.bc -f -phase std-opt 
Command         transform done; 13.086 sec.
INFO: [HLS 200-111] Finished Standard Transforms Time (s): cpu = 00:00:13 ; elapsed = 00:00:28 . Memory (MB): peak = 1205.230 ; gain = 1120.637
INFO: [HLS 200-10] Checking synthesizability ...
INFO-FLOW: Checking Synthesizability 1/2..
Execute         transform -hls -syn-check -check-rec-only -disaggr -scalarrepl -norm-name -dce -mem2reg -instcombine -function-uniquify -directive-preproc -mem2reg -dse -dce -auto-rom-infer -dce -pag -array-normalize -instcombine -dce -warn-fifo-pointer -array-seg-normalize -instcombine -dce -array-flatten -instcombine -dce -array-burst -dce -deadargelim -promote-global-argument -simplifycfg -mem2reg -globaldce -resolve-double-ptr -dce -deadargelim -dce -instcombine -function-inline -globaldce -dce -doublePtrSimplify -doublePtrElim -dce -doublePtrSimplify -promote-dbg-pointer -dce -scalarrepl -dse -adse -instcombine -ptrLegalization -simplifycfg -dce -instcombine -pointer-simplify -ptrArgReplace -dce -instcombine -disaggr -scalarrepl -norm-name -dce -mem2reg -instcombine -ptrLegalization -simplifycfg -deadargelim -instcombine -dce -inst-simplify -function-uniquify -directive-preproc -mem2reg -dse -dce -globaldce -check-dspbuiltin C:/Users/EMILIO/Desktop/HLS/FFR_Reorder_x_num/with_out_OP/.autopilot/db/a.g.1.bc -o C:/Users/EMILIO/Desktop/HLS/FFR_Reorder_x_num/with_out_OP/.autopilot/db/a.g.2.prechk.bc -f 
Command         transform done; 0.204 sec.
INFO-FLOW: Checking Synthesizability 2/2..
Execute         transform -syn-check C:/Users/EMILIO/Desktop/HLS/FFR_Reorder_x_num/with_out_OP/.autopilot/db/a.g.2.prechk.bc -o C:/Users/EMILIO/Desktop/HLS/FFR_Reorder_x_num/with_out_OP/.autopilot/db/a.g.2.bc -f -phase syn-check 
INFO: [HLS 200-111] Finished Checking Synthesizability Time (s): cpu = 00:00:13 ; elapsed = 00:00:28 . Memory (MB): peak = 1205.230 ; gain = 1120.637
INFO-FLOW: Compiler optimizing ...
INFO-FLOW: Share syncheck's 1.bc for syn flow: copy C:/Users/EMILIO/Desktop/HLS/FFR_Reorder_x_num/with_out_OP/.autopilot/db/a.g.1.bc to C:/Users/EMILIO/Desktop/HLS/FFR_Reorder_x_num/with_out_OP/.autopilot/db/a.o.1.bc
INFO-FLOW: Presyn 1...
Execute         transform -hls -tmp C:/Users/EMILIO/Desktop/HLS/FFR_Reorder_x_num/with_out_OP/.autopilot/db -interface-port-rename -type-info -function-uniquify -directive-preproc -mem2reg -dse -dce -disaggr -scalarrepl -norm-name -deadargelim -mem2reg -instcombine -dce -simplifycfg -auto-rom-infer -dce -function-uniquify -resource-proc -simplifycfg -mem2reg -globaldce -resolve-double-ptr -dce -deadargelim -dce -instcombine -clib-intrinsic-prepare -dce -func-buffer -dce -pag -array-normalize -func-legal -instcombine -gvn -constprop -dce -ptrArgReplace -mem2reg -instcombine -dce -array-seg-normalize -deadargelim -instcombine -dce -pointer-simplify -dce -port-alignment -dce -interface-preproc -data-pack -instcombine -dce -basicaa -aggr-aa -aggrmodref-aa -aggr-aa -gvn -gvn -basicaa -aggr-aa -aggrmodref-aa -aggr-aa -dse -adse -adce -loop-simplify -indvars -instcombine -gvn -loop-simplify -mem2reg -dce -find-region -instcombine -auto-loop-pipeline -inst-simplify -interface-preproc -cfgopt -instcombine -indvars -auto-loop-unroll -loop-simplify -loop-bound -xunroll -constprop -instcombine -simplifycfg -indvars -simplifycfg -dce -globaldce -clean-region -attach-range -gvn -inst-simplify -constprop -simplifycfg -dce -pointer-simplify -dce -globalopt -constprop -dce -array-promote -constprop -instcombine -dce -ptrArgReplace -mem2reg -instcombine -simplifycfg -dce -auto-par -instcombine -dce -array-transform-check -array-reshape -instcombine -simplifycfg -dce -ptrArgReplace -deadargelim -mem2reg -instcombine -simplifycfg -dce -indvars -loop-simplify -loop-bound -xunroll -constprop -instcombine -simplifycfg -indvars -simplifycfg -dce -globaldce -basicaa -aggr-aa -aggrmodref-aa -aggr-aa -dse -duplicate-dataflow-processes -globaldce -instcombine -array-partition -instcombine -simplifycfg -dce -ptrArgReplace -global-constprop -deadargelim -mem2reg -func-legal -instcombine -dce -global-constprop -deadargelim -mem2reg -instcombine -simplifycfg -dce -merge-param -deadargelim -globalopt -constprop -dce -array-promote -constprop -instcombine -dce -ptrArgReplace -mem2reg -instcombine -simplifycfg -dce -mem-intrinsic-preproc -dce -global-internalize -global-privatize -mem2reg -globaldce -promote-global-argument -ptrArgReplace -mem2reg -instcombine -dce -globalopt -mergereturn -simplify-global-access -mem2reg -dce -pointer-simplify -dce -functionattrs -basicaa -aggr-aa -aggrmodref-aa -aggr-aa -gvn -gvn -basicaa -aggr-aa -aggrmodref-aa -aggr-aa -dse -adse -adce -inst-simplify -dce -norm-name -function-inline -globaldce -func-inst -constprop -instcombine -simplifycfg -dce -func-legal -dce -loop-bound -arraycheck -bitwidthmin -on-by-dataflow -loop-delete -instcombine -simplifycfg -globaldce -dce -gvn -deadargelim -dce -loop-simplify -clean-region -simplifycfg -propagate-stable-arguments -loop-stream -instcombine -simplifycfg -dce -globaldce -duplicate-dataflow-processes -stream-intrinsic-preproc -dce -check-ap-stream -loop-simplify -eliminate-keepreads -extract-dataflow-in-loop -loop-simplify -dce -gvn -deadargelim -dse -check-dataflow-syntax -legalize-stream-variable -legalize-global -extract-subproc -dce -dead-channel-elimination -canonicalize-gep -globaldce -dce -gvn -deadargelim -annotate-dataflow-channels -scalar-propagation -deadargelim -globaldce -mem2reg -check-dataflow-channels -function-stream -dce -globaldce -prop-fifo-spec -internal-stream-gen -canonicalize-gep -globaldce -dce -gvn -deadargelim -mergereturn -indvars -loop-simplify -instcombine -array-stream -array-seg-normalize -array-partition -func-legal -instcombine -simplifycfg -dce -bundle-memfifo-ops -deadargelim -function-uniquify -directive-preproc -mem2reg -dse -dce -group-axi-access -licm -simplifycfg -dce -loop-delete -norm-name C:/Users/EMILIO/Desktop/HLS/FFR_Reorder_x_num/with_out_OP/.autopilot/db/a.o.1.bc -o C:/Users/EMILIO/Desktop/HLS/FFR_Reorder_x_num/with_out_OP/.autopilot/db/a.o.1.tmp.bc -f 
INFO: [XFORM 203-102] Automatically partitioning small array 'sign' (FFR_Reorder_x_num/Reorder_FFT.cpp:31) completely based on array size.
INFO: [XFORM 203-102] Automatically partitioning small array 'signRE' (FFR_Reorder_x_num/Reorder_FFT.cpp:32) completely based on array size.
INFO: [XFORM 203-102] Automatically partitioning small array 'signIM' (FFR_Reorder_x_num/Reorder_FFT.cpp:33) completely based on array size.
INFO: [XFORM 203-102] Automatically partitioning small array 'RE_vec_128_c' (FFR_Reorder_x_num/Reorder_FFT.cpp:46) completely based on array size.
INFO: [XFORM 203-102] Automatically partitioning small array 'IM_vec_128_c' (FFR_Reorder_x_num/Reorder_FFT.cpp:46) completely based on array size.
INFO: [XFORM 203-102] Automatically partitioning small array 'RE_vec_128_d' (FFR_Reorder_x_num/Reorder_FFT.cpp:47) completely based on array size.
INFO: [XFORM 203-102] Automatically partitioning small array 'IM_vec_128_d' (FFR_Reorder_x_num/Reorder_FFT.cpp:47) completely based on array size.
INFO: [XFORM 203-101] Partitioning array 'sign' (FFR_Reorder_x_num/Reorder_FFT.cpp:31) in dimension 1 completely.
INFO: [XFORM 203-101] Partitioning array 'signRE' (FFR_Reorder_x_num/Reorder_FFT.cpp:32) in dimension 1 completely.
INFO: [XFORM 203-101] Partitioning array 'signIM' (FFR_Reorder_x_num/Reorder_FFT.cpp:33) in dimension 1 completely.
INFO: [XFORM 203-101] Partitioning array 'RE_vec_128_c' (FFR_Reorder_x_num/Reorder_FFT.cpp:46) in dimension 1 completely.
INFO: [XFORM 203-101] Partitioning array 'IM_vec_128_c' (FFR_Reorder_x_num/Reorder_FFT.cpp:46) in dimension 1 completely.
INFO: [XFORM 203-101] Partitioning array 'RE_vec_128_d' (FFR_Reorder_x_num/Reorder_FFT.cpp:47) in dimension 1 completely.
INFO: [XFORM 203-101] Partitioning array 'IM_vec_128_d' (FFR_Reorder_x_num/Reorder_FFT.cpp:47) in dimension 1 completely.
Command         transform done; 0.268 sec.
INFO-FLOW: Presyn 2...
Execute         transform -hls -keep-callgraph -scalarrepl -mem2reg -port-alignment -attach-range -dce -pipe-mux-gen -indvars -loop-bound -inst-simplify -instcombine -dce -merge-array-access -mem2reg -dce -clean-region -mergereturn -if-conv -instcombine -dce -constprop -basicaa -aggr-aa -aggrmodref-aa -aggr-aa -gvn -gvn -basicaa -aggr-aa -aggrmodref-aa -aggr-aa -dse -adse -adce -scalarrepl -mem2reg -global-constprop -deadargelim -deadargelim -instcombine -dce -simplifycfg -ptrArgReplace -mem2reg -function-inline -globaldce -mem2reg -instcombine -dce -expr-balance -instcombine -dce -bitwidthmin -interface-preproc -directive-preproc -inst-rectify -instcombine -dce -functionattrs -constprop -instcombine -bit-constprop -simplify-global-access -globalopt -globaldce -inst-simplify -instcombine -elimdeaddata -dce -loop-delete -simplifycfg -loop-simplify -auto-burst -norm-name C:/Users/EMILIO/Desktop/HLS/FFR_Reorder_x_num/with_out_OP/.autopilot/db/a.o.1.tmp.bc -o C:/Users/EMILIO/Desktop/HLS/FFR_Reorder_x_num/with_out_OP/.autopilot/db/a.o.2.bc -f -phase presyn 
INFO: [XFORM 203-401] Performing if-conversion on hyperblock from (FFR_Reorder_x_num/Reorder_FFT.cpp:123:3) to (FFR_Reorder_x_num/Reorder_FFT.cpp:118:32) in function 'Reorder_fft'... converting 7 basic blocks.
INFO: [XFORM 203-401] Performing if-conversion on hyperblock to (FFR_Reorder_x_num/Reorder_FFT.cpp:72:5) in function 'Reorder_fft'... converting 3 basic blocks.
Command         transform done; 0.109 sec.
INFO: [HLS 200-111] Finished Pre-synthesis Time (s): cpu = 00:00:13 ; elapsed = 00:00:28 . Memory (MB): peak = 1205.230 ; gain = 1120.637
INFO-FLOW: Building ssdm...
Execute         transform -hls -function-uniquify -auto-function-inline -globaldce -ptrArgReplace -mem2reg -instcombine -dce -reset-lda -loop-simplify -indvars -licm -loop-dep -loop-bound -licm -loop-simplify -flattenloopnest -array-flatten -gvn -instcombine -dce -array-map -dce -func-legal -gvn -adce -instcombine -cfgopt -simplifycfg -loop-simplify -array-burst -promote-global-argument -dce -axi4-lower -array-seg-normalize -basicaa -aggrmodref-aa -globalsmodref-aa -aggr-aa -gvn -gvn -basicaa -aggrmodref-aa -globalsmodref-aa -aggr-aa -dse -adse -adce -licm -inst-simplify -dce -globaldce -instcombine -array-stream -eliminate-keepreads -instcombine -dce -deadargelim -doublePtrSimplify -doublePtrElim -dce -doublePtrSimplify -promote-dbg-pointer -dce -scalarrepl -mem2reg -disaggr -norm-name -mem2reg -instcombine -dse -adse -adce -ptrLegalization -dce -auto-rom-infer -array-flatten -dce -instcombine -check-doubleptr -loop-rot -constprop -cfgopt -simplifycfg -loop-simplify -indvars -pointer-simplify -dce -loop-bound -loop-simplify -loop-preproc -constprop -global-constprop -gvn -mem2reg -instcombine -dce -loop-bound -loop-merge -dce -bitwidthmin -deadargelim -dce -canonicalize-dataflow -dce -scalar-propagation -deadargelim -globaldce -mem2reg -read-loop-dep -interface-preproc -directive-preproc -interface-gen -bram-byte-enable -deadargelim -inst-simplify -dce -gvn -mem2reg -instcombine -dce -adse -loop-bound -instcombine -cfgopt -simplifycfg -loop-simplify -clean-region -io-protocol -find-region -mem2reg -bitop-raise -inst-simplify -inst-rectify -instcombine -adce -deadargelim -loop-simplify -phi-opt -bitop-raise -cfgopt -simplifycfg -strip-dead-prototypes -interface-lower -bitop-lower -intrinsic-lower -auto-function-inline -basicaa -aggrmodref-aa -globalsmodref-aa -aggr-aa -inst-simplify -simplifycfg -loop-simplify -mergereturn -inst-simplify -inst-rectify -dce -load-elim -bitop-lower -loop-rewind -pointer-simplify -dce -cfgopt -dce -bitwidth -loop-bound -loop-dep -read-loop-dep -dce -check-stream -norm-name -legalize -validate-dataflow -inst-clarity -cdfg-build C:/Users/EMILIO/Desktop/HLS/FFR_Reorder_x_num/with_out_OP/.autopilot/db/a.o.2.bc -o C:/Users/EMILIO/Desktop/HLS/FFR_Reorder_x_num/with_out_OP/.autopilot/db/a.o.3.bc -f -phase build-ssdm 
Command         transform done; 0.161 sec.
INFO: [HLS 200-111] Finished Architecture Synthesis Time (s): cpu = 00:00:13 ; elapsed = 00:00:28 . Memory (MB): peak = 1205.230 ; gain = 1120.637
INFO-FLOW: Finish building internal data model.
Command       opt_and_import_c done; 14.499 sec.
Command     elaborate done; 26.894 sec.
Execute     autosyn -from_csynth_design=1 
INFO: [HLS 200-10] Starting hardware synthesis ...
INFO-FLOW: Synthesizing C/C++ design ...
INFO: [HLS 200-10] Synthesizing 'Reorder_fft' ...
Execute       ap_set_top_model Reorder_fft 
Execute       get_model_list Reorder_fft -filter all-wo-channel -topdown 
Execute       preproc_iomode -model Reorder_fft 
Execute       get_model_list Reorder_fft -filter all-wo-channel 
INFO-FLOW: Model list for configure: Reorder_fft
INFO-FLOW: Configuring Module : Reorder_fft ...
Execute       set_default_model Reorder_fft 
Execute       apply_spec_resource_limit Reorder_fft 
INFO-FLOW: Model list for preprocess: Reorder_fft
INFO-FLOW: Preprocessing Module: Reorder_fft ...
Execute       set_default_model Reorder_fft 
Execute       cdfg_preprocess -model Reorder_fft 
Execute       rtl_gen_preprocess Reorder_fft 
WARNING: [SYN 201-107] Renaming port name 'Reorder_fft/Real' to 'Reorder_fft/Real_r' to avoid the conflict with HDL keywords or other object names.
INFO-FLOW: Model list for synthesis: Reorder_fft
INFO: [HLS 200-10] ----------------------------------------------------------------
INFO: [HLS 200-42] -- Implementing module 'Reorder_fft' 
INFO: [HLS 200-10] ----------------------------------------------------------------
Execute       set_default_model Reorder_fft 
Execute       schedule -model Reorder_fft 
INFO: [SCHED 204-11] Starting scheduling ...
INFO: [SCHED 204-11] Finished scheduling.
Command       schedule done; 0.208 sec.
INFO: [HLS 200-111]  Elapsed time: 28.745 seconds; current allocated memory: 83.992 MB.
Execute       report -o C:/Users/EMILIO/Desktop/HLS/FFR_Reorder_x_num/with_out_OP/.autopilot/db/Reorder_fft.verbose.sched.rpt -verbose -f 
INFO: [HLS 200-434] Only 0 loops out of a total 3 loops have been pipelined in this design.
Command       report done; 0.275 sec.
Execute       db_write -o C:/Users/EMILIO/Desktop/HLS/FFR_Reorder_x_num/with_out_OP/.autopilot/db/Reorder_fft.sched.adb -f 
Command       db_write done; 0.122 sec.
INFO-FLOW: Finish scheduling Reorder_fft.
Execute       set_default_model Reorder_fft 
Execute       bind -model Reorder_fft 
BIND OPTION: effort=medium
BIND OPTION: fu_weight=[ 0.0 -- 1.0 ]
BIND OPTION: model=Reorder_fft
BIND OPTION: reg_weight=[ 0.0 -- 1.0 ]
INFO: [BIND 205-100] Starting micro-architecture generation ...
INFO: [BIND 205-101] Performing variable lifetime analysis.
INFO: [BIND 205-101] Exploring resource sharing.
INFO: [BIND 205-101] Binding ...
INFO: [BIND 205-100] Finished micro-architecture generation.
INFO: [HLS 200-111]  Elapsed time: 0.507 seconds; current allocated memory: 84.734 MB.
Execute       report -o C:/Users/EMILIO/Desktop/HLS/FFR_Reorder_x_num/with_out_OP/.autopilot/db/Reorder_fft.verbose.bind.rpt -verbose -f 
Command       report done; 0.261 sec.
Execute       db_write -o C:/Users/EMILIO/Desktop/HLS/FFR_Reorder_x_num/with_out_OP/.autopilot/db/Reorder_fft.bind.adb -f 
Command       db_write done; 0.117 sec.
INFO-FLOW: Finish binding Reorder_fft.
Execute       get_model_list Reorder_fft -filter all-wo-channel 
INFO-FLOW: Preprocessing for RTLGen ...
Execute       rtl_gen_preprocess Reorder_fft 
INFO-FLOW: Model list for RTL generation: Reorder_fft
INFO: [HLS 200-10] ----------------------------------------------------------------
INFO: [HLS 200-10] -- Generating RTL for module 'Reorder_fft' 
INFO: [HLS 200-10] ----------------------------------------------------------------
Execute       get_config_rtl -prefix 
Execute       get_config_rtl -auto_prefix 
Execute       create_rtl_model Reorder_fft -vendor xilinx -mg_file C:/Users/EMILIO/Desktop/HLS/FFR_Reorder_x_num/with_out_OP/.autopilot/db/Reorder_fft.compgen.tcl 
INFO: [RTGEN 206-500] Setting interface mode on port 'Reorder_fft/num_word' to 'ap_none'.
INFO: [RTGEN 206-500] Setting interface mode on port 'Reorder_fft/Real_r' to 'ap_memory'.
INFO: [RTGEN 206-500] Setting interface mode on port 'Reorder_fft/Imag' to 'ap_memory'.
INFO: [RTGEN 206-500] Setting interface mode on function 'Reorder_fft' to 'ap_ctrl_hs'.
INFO: [SYN 201-210] Renamed object name 'Reorder_fft_lut_reorder_I_1024' to 'Reorder_fft_lut_rbkb' due to the length limit 20
INFO: [SYN 201-210] Renamed object name 'Reorder_fft_lut_reorder_J_1024' to 'Reorder_fft_lut_rcud' due to the length limit 20
INFO: [SYN 201-210] Renamed object name 'Reorder_fft_lut_reorder_I_4096' to 'Reorder_fft_lut_rdEe' due to the length limit 20
INFO: [SYN 201-210] Renamed object name 'Reorder_fft_lut_reorder_J_4096' to 'Reorder_fft_lut_reOg' due to the length limit 20
INFO: [SYN 201-210] Renamed object name 'Reorder_fft_lut_reorder_I_16384' to 'Reorder_fft_lut_rfYi' due to the length limit 20
INFO: [SYN 201-210] Renamed object name 'Reorder_fft_lut_reorder_J_16384' to 'Reorder_fft_lut_rg8j' due to the length limit 20
INFO: [SYN 201-210] Renamed object name 'Reorder_fft_fadd_32ns_32ns_32_8_full_dsp_1' to 'Reorder_fft_fadd_hbi' due to the length limit 20
INFO: [SYN 201-210] Renamed object name 'Reorder_fft_fmul_32ns_32ns_32_5_max_dsp_1' to 'Reorder_fft_fmul_ibs' due to the length limit 20
INFO: [SYN 201-210] Renamed object name 'Reorder_fft_mux_42_32_1_1' to 'Reorder_fft_mux_4jbC' due to the length limit 20
INFO: [RTGEN 206-100] Generating core module 'Reorder_fft_fadd_hbi': 2 instance(s).
INFO: [RTGEN 206-100] Generating core module 'Reorder_fft_fmul_ibs': 4 instance(s).
INFO: [RTGEN 206-100] Generating core module 'Reorder_fft_mux_4jbC': 3 instance(s).
INFO: [RTGEN 206-100] Finished creating RTL model for 'Reorder_fft'.
Command       create_rtl_model done; 0.23 sec.
INFO: [HLS 200-111]  Elapsed time: 0.645 seconds; current allocated memory: 86.070 MB.
Execute       source C:/Users/EMILIO/Desktop/HLS/FFR_Reorder_x_num/with_out_OP/.autopilot/db/Reorder_fft.rtl_wrap.cfg.tcl 
Execute       gen_rtl Reorder_fft -istop -style xilinx -tracefl mytrace -tracefmt vcd -traceopt all -f -lang sc -o C:/Users/EMILIO/Desktop/HLS/FFR_Reorder_x_num/with_out_OP/syn/systemc/Reorder_fft -synmodules Reorder_fft 
Execute       gen_rtl Reorder_fft -istop -style xilinx -f -lang vhdl -o C:/Users/EMILIO/Desktop/HLS/FFR_Reorder_x_num/with_out_OP/syn/vhdl/Reorder_fft 
Execute       gen_rtl Reorder_fft -istop -style xilinx -f -lang vlog -o C:/Users/EMILIO/Desktop/HLS/FFR_Reorder_x_num/with_out_OP/syn/verilog/Reorder_fft 
Execute       export_constraint_db -o C:/Users/EMILIO/Desktop/HLS/FFR_Reorder_x_num/with_out_OP/.autopilot/db/Reorder_fft.constraint.tcl -f -tool general 
Execute       report -model Reorder_fft -o C:/Users/EMILIO/Desktop/HLS/FFR_Reorder_x_num/with_out_OP/.autopilot/db/Reorder_fft.design.xml -verbose -f -dv 
Execute       report -model Reorder_fft -o C:/Users/EMILIO/Desktop/HLS/FFR_Reorder_x_num/with_out_OP/.autopilot/db/Reorder_fft.sdaccel.xml -verbose -f -sdaccel 
Command       report done; 0.111 sec.
Execute       gen_tb_info Reorder_fft -o C:/Users/EMILIO/Desktop/HLS/FFR_Reorder_x_num/with_out_OP/.autopilot/db/Reorder_fft -p C:/Users/EMILIO/Desktop/HLS/FFR_Reorder_x_num/with_out_OP/.autopilot/db 
Execute       report -model Reorder_fft -o C:/Users/EMILIO/Desktop/HLS/FFR_Reorder_x_num/with_out_OP/syn/report/Reorder_fft_csynth.rpt -f 
Execute       report -model Reorder_fft -o C:/Users/EMILIO/Desktop/HLS/FFR_Reorder_x_num/with_out_OP/syn/report/Reorder_fft_csynth.xml -f -x 
Execute       report -model Reorder_fft -o C:/Users/EMILIO/Desktop/HLS/FFR_Reorder_x_num/with_out_OP/.autopilot/db/Reorder_fft.verbose.rpt -verbose -f 
Command       report done; 0.306 sec.
Execute       db_write -model Reorder_fft -o C:/Users/EMILIO/Desktop/HLS/FFR_Reorder_x_num/with_out_OP/.autopilot/db/Reorder_fft.adb -f 
Command       db_write done; 0.184 sec.
Execute       sc_get_clocks Reorder_fft 
Execute       get_config_export -vivado_clock 
Execute       sc_get_portdomain Reorder_fft 
INFO-FLOW: Model list for RTL component generation: Reorder_fft
INFO-FLOW: Handling components in module [Reorder_fft] ... 
Execute       source C:/Users/EMILIO/Desktop/HLS/FFR_Reorder_x_num/with_out_OP/.autopilot/db/Reorder_fft.compgen.tcl 
INFO-FLOW: Found component Reorder_fft_fadd_hbi.
INFO-FLOW: Append model Reorder_fft_fadd_hbi
INFO-FLOW: Found component Reorder_fft_fmul_ibs.
INFO-FLOW: Append model Reorder_fft_fmul_ibs
INFO-FLOW: Found component Reorder_fft_mux_4jbC.
INFO-FLOW: Append model Reorder_fft_mux_4jbC
INFO-FLOW: Found component Reorder_fft_lut_rbkb.
INFO-FLOW: Append model Reorder_fft_lut_rbkb
INFO-FLOW: Found component Reorder_fft_lut_rcud.
INFO-FLOW: Append model Reorder_fft_lut_rcud
INFO-FLOW: Found component Reorder_fft_lut_rdEe.
INFO-FLOW: Append model Reorder_fft_lut_rdEe
INFO-FLOW: Found component Reorder_fft_lut_reOg.
INFO-FLOW: Append model Reorder_fft_lut_reOg
INFO-FLOW: Found component Reorder_fft_lut_rfYi.
INFO-FLOW: Append model Reorder_fft_lut_rfYi
INFO-FLOW: Found component Reorder_fft_lut_rg8j.
INFO-FLOW: Append model Reorder_fft_lut_rg8j
INFO-FLOW: Append model Reorder_fft
INFO-FLOW: Generating RTL model list ...
INFO-FLOW: All models in this session: Reorder_fft_fadd_hbi Reorder_fft_fmul_ibs Reorder_fft_mux_4jbC Reorder_fft_lut_rbkb Reorder_fft_lut_rcud Reorder_fft_lut_rdEe Reorder_fft_lut_reOg Reorder_fft_lut_rfYi Reorder_fft_lut_rg8j Reorder_fft
INFO-FLOW: To file: write model Reorder_fft_fadd_hbi
INFO-FLOW: To file: write model Reorder_fft_fmul_ibs
INFO-FLOW: To file: write model Reorder_fft_mux_4jbC
INFO-FLOW: To file: write model Reorder_fft_lut_rbkb
INFO-FLOW: To file: write model Reorder_fft_lut_rcud
INFO-FLOW: To file: write model Reorder_fft_lut_rdEe
INFO-FLOW: To file: write model Reorder_fft_lut_reOg
INFO-FLOW: To file: write model Reorder_fft_lut_rfYi
INFO-FLOW: To file: write model Reorder_fft_lut_rg8j
INFO-FLOW: To file: write model Reorder_fft
INFO-FLOW: Finished generating RTL model list.


INFO-FLOW: RTL Generation done.
INFO-FLOW: CAS Generation done.
INFO-FLOW: CBC Generation done.
INFO-FLOW: DBG:CMD: auto_generate_csynth_design
INFO-FLOW: DBG:CMD:     auto_generate --sim-model -phase csynth_design -d C:/Users/EMILIO/Desktop/HLS/FFR_Reorder_x_num/with_out_OP
Execute       source C:/Users/EMILIO/Desktop/HLS/FFR_Reorder_x_num/with_out_OP/.autopilot/db/global.setting.tcl 
INFO-FLOW: DBG:CMD: read_platform_lib C:/Users/EMILIO/Desktop/HLS/FFR_Reorder_x_num/with_out_OP/.autopilot/db/global.setting.tcl
Execute       source C:/Xilinx_2018/Vivado/2018.3/common/technology/generic/autopilot/common.gen 
Execute         source C:/Xilinx_2018/Vivado/2018.3/common/technology/generic/autopilot/APCoreGen.gen 
Execute       source C:/Xilinx_2018/Vivado/2018.3/common/technology/generic/autopilot/op.gen 
Execute       source C:/Xilinx_2018/Vivado/2018.3/common/technology/generic/autopilot/op_simcore.gen 
Execute       source C:/Xilinx_2018/Vivado/2018.3/common/technology/generic/autopilot/interface.gen 
Execute       source C:/Users/EMILIO/Desktop/HLS/FFR_Reorder_x_num/with_out_OP/.autopilot/db/global.setting.tcl 
Execute       source C:/Xilinx_2018/Vivado/2018.3/common/technology/xilinx/zynq/zynq.gen 
Execute         source C:/Xilinx_2018/Vivado/2018.3/common/technology/xilinx/common/virtex.gen 
Execute           source C:/Xilinx_2018/Vivado/2018.3/common/technology/xilinx/common/xilinx.gen 
Execute             source C:/Xilinx_2018/Vivado/2018.3/common/technology/xilinx/interface/plb46.gen 
Execute             source C:/Xilinx_2018/Vivado/2018.3/common/technology/xilinx/interface/fsl.gen 
Execute             source C:/Xilinx_2018/Vivado/2018.3/common/technology/xilinx/interface/axi4.gen 
Execute             source C:/Xilinx_2018/Vivado/2018.3/common/technology/xilinx/interface/nativeAXI4.gen 
Execute               source C:/Xilinx_2018/Vivado/2018.3/common/technology/xilinx/interface/saxilite.gen 
Execute               source C:/Xilinx_2018/Vivado/2018.3/common/technology/xilinx/interface/maxi.gen 
Execute             source C:/Xilinx_2018/Vivado/2018.3/common/technology/xilinx/scripts/xilinxcoregen.gen 
Execute             source C:/Xilinx_2018/Vivado/2018.3/common/technology/xilinx/interface/XilEDKCoreGen.gen 
Execute             source C:/Xilinx_2018/Vivado/2018.3/common/technology/xilinx/ip/dds_compiler.gen 
Execute             source C:/Xilinx_2018/Vivado/2018.3/common/technology/xilinx/ip/util.gen 
Execute             source C:/Xilinx_2018/Vivado/2018.3/common/technology/xilinx/ip/xfft.gen 
Command             ap_source done; 0.147 sec.
Execute             source C:/Xilinx_2018/Vivado/2018.3/common/technology/xilinx/ip/xfir.gen 
Command           ap_source done; 0.21 sec.
Execute           source C:/Xilinx_2018/Vivado/2018.3/common/technology/xilinx/common/dsp48.gen 
Command         ap_source done; 0.213 sec.
Command       ap_source done; 0.214 sec.
Execute       source C:/Xilinx_2018/Vivado/2018.3/common/technology/xilinx/zynq/zynq_fpv6.gen 
Execute         source C:/Xilinx_2018/Vivado/2018.3/common/technology/xilinx/common/xilinx_fpv6.gen 
INFO-FLOW: DBG:CMD:   using AESL_AUTOCG::g_clock_period=5.000 (was NA)
INFO-FLOW: DBG:CMD:       generate_ip_cores sim=1 export=0 expOnly=0 dstVlogDir=syn/verilog
Execute       source C:/Users/EMILIO/Desktop/HLS/FFR_Reorder_x_num/with_out_OP/.autopilot/db/global.setting.tcl 
Execute       source C:/Users/EMILIO/Desktop/HLS/FFR_Reorder_x_num/with_out_OP/.autopilot/db/global.setting.tcl 
Execute       source C:/Users/EMILIO/Desktop/HLS/FFR_Reorder_x_num/with_out_OP/.autopilot/db/global.setting.tcl 
Execute       source C:/Users/EMILIO/Desktop/HLS/FFR_Reorder_x_num/with_out_OP/.autopilot/db/Reorder_fft.compgen.tcl 
INFO: [RTMG 210-279] Implementing memory 'Reorder_fft_lut_rbkb_rom' using auto ROMs.
INFO: [RTMG 210-279] Implementing memory 'Reorder_fft_lut_rcud_rom' using auto ROMs.
INFO: [RTMG 210-279] Implementing memory 'Reorder_fft_lut_rdEe_rom' using auto ROMs.
INFO: [RTMG 210-279] Implementing memory 'Reorder_fft_lut_reOg_rom' using auto ROMs.
INFO: [RTMG 210-279] Implementing memory 'Reorder_fft_lut_rfYi_rom' using auto ROMs.
INFO: [RTMG 210-279] Implementing memory 'Reorder_fft_lut_rg8j_rom' using auto ROMs.
Command       ap_source done; 1.146 sec.
INFO-FLOW: DBG:CMD:     auto_generate -export -impltomg_flag -rtl both -tool Vivado -pcore_version 1.00.a -phase csynth_design -d C:/Users/EMILIO/Desktop/HLS/FFR_Reorder_x_num/with_out_OP
Execute       source C:/Users/EMILIO/Desktop/HLS/FFR_Reorder_x_num/with_out_OP/.autopilot/db/global.setting.tcl 
INFO-FLOW: DBG:CMD: read_platform_lib C:/Users/EMILIO/Desktop/HLS/FFR_Reorder_x_num/with_out_OP/.autopilot/db/global.setting.tcl
Execute       source C:/Xilinx_2018/Vivado/2018.3/common/technology/generic/autopilot/common.gen 
Execute         source C:/Xilinx_2018/Vivado/2018.3/common/technology/generic/autopilot/APCoreGen.gen 
Execute       source C:/Xilinx_2018/Vivado/2018.3/common/technology/generic/autopilot/op.gen 
Execute       source C:/Xilinx_2018/Vivado/2018.3/common/technology/generic/autopilot/op_simcore.gen 
Execute       source C:/Xilinx_2018/Vivado/2018.3/common/technology/generic/autopilot/interface.gen 
Execute       source C:/Users/EMILIO/Desktop/HLS/FFR_Reorder_x_num/with_out_OP/.autopilot/db/global.setting.tcl 
Execute       source C:/Xilinx_2018/Vivado/2018.3/common/technology/xilinx/zynq/zynq.gen 
Execute         source C:/Xilinx_2018/Vivado/2018.3/common/technology/xilinx/common/virtex.gen 
Execute           source C:/Xilinx_2018/Vivado/2018.3/common/technology/xilinx/common/xilinx.gen 
Execute             source C:/Xilinx_2018/Vivado/2018.3/common/technology/xilinx/interface/plb46.gen 
Execute             source C:/Xilinx_2018/Vivado/2018.3/common/technology/xilinx/interface/fsl.gen 
Execute             source C:/Xilinx_2018/Vivado/2018.3/common/technology/xilinx/interface/axi4.gen 
Execute             source C:/Xilinx_2018/Vivado/2018.3/common/technology/xilinx/interface/nativeAXI4.gen 
Execute               source C:/Xilinx_2018/Vivado/2018.3/common/technology/xilinx/interface/saxilite.gen 
Execute               source C:/Xilinx_2018/Vivado/2018.3/common/technology/xilinx/interface/maxi.gen 
Execute             source C:/Xilinx_2018/Vivado/2018.3/common/technology/xilinx/scripts/xilinxcoregen.gen 
Execute             source C:/Xilinx_2018/Vivado/2018.3/common/technology/xilinx/interface/XilEDKCoreGen.gen 
Execute             source C:/Xilinx_2018/Vivado/2018.3/common/technology/xilinx/ip/dds_compiler.gen 
Execute             source C:/Xilinx_2018/Vivado/2018.3/common/technology/xilinx/ip/util.gen 
Execute             source C:/Xilinx_2018/Vivado/2018.3/common/technology/xilinx/ip/xfft.gen 
Command             ap_source done; 0.108 sec.
Execute             source C:/Xilinx_2018/Vivado/2018.3/common/technology/xilinx/ip/xfir.gen 
Command           ap_source done; 0.159 sec.
Execute           source C:/Xilinx_2018/Vivado/2018.3/common/technology/xilinx/common/dsp48.gen 
Command         ap_source done; 0.163 sec.
Command       ap_source done; 0.163 sec.
Execute       source C:/Xilinx_2018/Vivado/2018.3/common/technology/xilinx/zynq/zynq_fpv6.gen 
Execute         source C:/Xilinx_2018/Vivado/2018.3/common/technology/xilinx/common/xilinx_fpv6.gen 
INFO-FLOW: DBG:CMD:       initCTypeInfo top_module=Reorder_fft xml_exists=0
Execute       source C:/Users/EMILIO/Desktop/HLS/FFR_Reorder_x_num/with_out_OP/.autopilot/db/Reorder_fft.rtl_wrap.cfg.tcl 
Execute       source C:/Users/EMILIO/Desktop/HLS/FFR_Reorder_x_num/with_out_OP/.autopilot/db/Reorder_fft.rtl_wrap.cfg.tcl 
Execute       source C:/Users/EMILIO/Desktop/HLS/FFR_Reorder_x_num/with_out_OP/.autopilot/db/Reorder_fft.rtl_wrap.cfg.tcl 
Execute       source C:/Users/EMILIO/Desktop/HLS/FFR_Reorder_x_num/with_out_OP/.autopilot/db/Reorder_fft.tbgen.tcl 
Execute       source C:/Users/EMILIO/Desktop/HLS/FFR_Reorder_x_num/with_out_OP/.autopilot/db/Reorder_fft.tbgen.tcl 
INFO-FLOW: DBG:CMD:       export_impl_rtl
INFO-FLOW: DBG:CMD:       generate_ip_cores sim=0 export=0 expOnly=0 dstVlogDir=impl/.verilog
Execute       source C:/Users/EMILIO/Desktop/HLS/FFR_Reorder_x_num/with_out_OP/.autopilot/db/global.setting.tcl 
Execute       source C:/Users/EMILIO/Desktop/HLS/FFR_Reorder_x_num/with_out_OP/.autopilot/db/Reorder_fft.compgen.tcl 
INFO-FLOW: DBG:CMD:       generate_ip_cores sim=0 export=1 expOnly=1 dstVlogDir=impl/.pcores/verilog
Execute       source C:/Users/EMILIO/Desktop/HLS/FFR_Reorder_x_num/with_out_OP/.autopilot/db/global.setting.tcl 
Execute       source C:/Users/EMILIO/Desktop/HLS/FFR_Reorder_x_num/with_out_OP/.autopilot/db/Reorder_fft.compgen.tcl 
Execute         source C:/Users/EMILIO/Desktop/HLS/FFR_Reorder_x_num/with_out_OP/.autopilot/db/Reorder_fft.tbgen.tcl 
Execute         source C:/Users/EMILIO/Desktop/HLS/FFR_Reorder_x_num/with_out_OP/.autopilot/db/Reorder_fft.tbgen.tcl 
INFO-FLOW: DBG:CMD:       generate_ip_cores sim=0 export=0 expOnly=0 dstVlogDir=impl/.pcores/verilog_sim
Execute       source C:/Users/EMILIO/Desktop/HLS/FFR_Reorder_x_num/with_out_OP/.autopilot/db/global.setting.tcl 
Execute       source C:/Users/EMILIO/Desktop/HLS/FFR_Reorder_x_num/with_out_OP/.autopilot/db/Reorder_fft.compgen.tcl 
Execute       source C:/Users/EMILIO/Desktop/HLS/FFR_Reorder_x_num/with_out_OP/.autopilot/db/global.setting.tcl 
Execute       source C:/Users/EMILIO/Desktop/HLS/FFR_Reorder_x_num/with_out_OP/.autopilot/db/Reorder_fft.constraint.tcl 
Execute       source C:/Users/EMILIO/Desktop/HLS/FFR_Reorder_x_num/with_out_OP/.autopilot/db/Reorder_fft.tbgen.tcl 
INFO-FLOW: DBG:CMD:       hasPcoreIpAdapter=false #gSsdmPorts=8
INFO-FLOW: DBG:CMD: Skipping loadAnalyze_DB, #g_database=3
INFO-FLOW: DBG:CMD:       generate_json is_phase_csynth=1 g_has_adaptors=false generate_bd_files=0 #modelList=10 #gSsdmPorts=8
Execute       source C:/Users/EMILIO/Desktop/HLS/FFR_Reorder_x_num/with_out_OP/.autopilot/db/global.setting.tcl 
Execute       source C:/Users/EMILIO/Desktop/HLS/FFR_Reorder_x_num/with_out_OP/.autopilot/db/global.setting.tcl 
Execute       source C:/Users/EMILIO/Desktop/HLS/FFR_Reorder_x_num/with_out_OP/.autopilot/db/Reorder_fft.tbgen.tcl 
Execute       source C:/Users/EMILIO/Desktop/HLS/FFR_Reorder_x_num/with_out_OP/.autopilot/db/Reorder_fft.tbgen.tcl 
Execute       source C:/Users/EMILIO/Desktop/HLS/FFR_Reorder_x_num/with_out_OP/.autopilot/db/Reorder_fft.tbgen.tcl 
Execute       source C:/Users/EMILIO/Desktop/HLS/FFR_Reorder_x_num/with_out_OP/.autopilot/db/global.setting.tcl 
Execute       get_config_sdx -target 
Execute       get_config_export -xo 
Execute       source C:/Users/EMILIO/Desktop/HLS/FFR_Reorder_x_num/with_out_OP/.autopilot/db/global.setting.tcl 
Execute       source C:/Users/EMILIO/Desktop/HLS/FFR_Reorder_x_num/with_out_OP/.autopilot/db/Reorder_fft.constraint.tcl 
Execute       sc_get_clocks Reorder_fft 
Execute       source C:/Users/EMILIO/Desktop/HLS/FFR_Reorder_x_num/with_out_OP/.autopilot/db/global.setting.tcl 
Execute       source C:/Users/EMILIO/Desktop/HLS/FFR_Reorder_x_num/with_out_OP/impl/misc/Reorder_fft_ap_fadd_6_full_dsp_32_ip.tcl 
Execute       source C:/Users/EMILIO/Desktop/HLS/FFR_Reorder_x_num/with_out_OP/impl/misc/Reorder_fft_ap_fmul_3_max_dsp_32_ip.tcl 
Execute       get_config_sdx -target 
Execute       get_config_sdx -profile 
Execute       ::config_rtl 
INFO-FLOW: DBG:CMD: add_json_sdx_info kernel file does not exist: C:/Users/EMILIO/Desktop/HLS/FFR_Reorder_x_num/with_out_OP/.autopilot/db/kernel.internal.xml
INFO-FLOW: DBG:CMD:       delete-temp-dirs (skipped for debug)
INFO: [HLS 200-111] Finished generating all RTL models Time (s): cpu = 00:00:16 ; elapsed = 00:00:34 . Memory (MB): peak = 1205.230 ; gain = 1120.637
INFO: [SYSC 207-301] Generating SystemC RTL for Reorder_fft.
INFO: [VHDL 208-304] Generating VHDL RTL for Reorder_fft.
INFO: [VLOG 209-307] Generating Verilog RTL for Reorder_fft.
Command     autosyn done; 5.77 sec.
Execute     get_part 
Execute     get_config_export -sdx_tcl 
Command   csynth_design done; 32.699 sec.
Command ap_source done; 33.542 sec.
Execute cleanup_all 
INFO-FLOW: Workspace C:/Users/EMILIO/Desktop/HLS/FFR_Reorder_x_num/with_out_OP opened at Sun Mar 28 22:23:18 -0600 2021
Execute     config_clock -quiet -name default -period 5 -default=false 
INFO: [SYN 201-201] Setting up clock 'default' with a period of 5ns.
Execute     open_platform DefaultPlatform 
Execute     import_lib C:/Xilinx_2018/Vivado/2018.3/common/technology/xilinx/zynq/zynq 
Execute       source C:/Xilinx_2018/Vivado/2018.3/common/technology/xilinx/common/xilinx.lib 
Execute         source C:/Xilinx_2018/Vivado/2018.3/common/technology/xilinx/interface/xilinx_interface.lib 
Execute           source C:/Xilinx_2018/Vivado/2018.3/common/technology/xilinx/interface/plb46.lib 
Execute           source C:/Xilinx_2018/Vivado/2018.3/common/technology/xilinx/interface/fsl.lib 
Execute           source C:/Xilinx_2018/Vivado/2018.3/common/technology/xilinx/interface/axi4.lib 
Execute           source C:/Xilinx_2018/Vivado/2018.3/common/technology/xilinx/interface/maxi.lib 
Execute           source C:/Xilinx_2018/Vivado/2018.3/common/technology/xilinx/interface/saxilite.lib 
Execute         source C:/Xilinx_2018/Vivado/2018.3/common/technology/xilinx/common/dsp48.lib 
Execute         source C:/Xilinx_2018/Vivado/2018.3/common/technology/xilinx/ip/dds_compiler.lib 
Execute         source C:/Xilinx_2018/Vivado/2018.3/common/technology/xilinx/ip/xfft.lib 
Execute         source C:/Xilinx_2018/Vivado/2018.3/common/technology/xilinx/ip/xfir.lib 
Execute       source C:/Xilinx_2018/Vivado/2018.3/common/technology/xilinx/common/xilinx_old.lib 
Execute       source C:/Xilinx_2018/Vivado/2018.3/common/technology/xilinx/common/xilinx_vivado.lib 
Execute       source C:/Xilinx_2018/Vivado/2018.3/common/technology/xilinx/common/xilinx.hlp 
Execute         source C:/Xilinx_2018/Vivado/2018.3/common/technology/xilinx/common/target_info.tcl 
Execute         source C:/Xilinx_2018/Vivado/2018.3/common/technology/xilinx/interface/xilinx_interface.hlp 
Execute           source C:/Xilinx_2018/Vivado/2018.3/common/technology/xilinx/interface/maxi.hlp 
Execute           source C:/Xilinx_2018/Vivado/2018.3/common/technology/xilinx/interface/saxilite.hlp 
Execute         source C:/Xilinx_2018/Vivado/2018.3/common/technology/xilinx/common/dsp48.hlp 
Execute       source C:/Xilinx_2018/Vivado/2018.3/common/technology/xilinx/zynq/dsp48e1.hlp 
Execute       get_default_platform 
Execute       config_chip_info -quiet -resource  {SLICE 13300}  {LUT 53200}     {FF 106400} {DSP48E 220}   {BRAM 280}  
Execute       config_chip_info -quiet -speed medium 
Execute       source C:/Xilinx_2018/Vivado/2018.3/common/technology/xilinx/common/xilinx.hlp 
Execute         source C:/Xilinx_2018/Vivado/2018.3/common/technology/xilinx/common/target_info.tcl 
Execute         source C:/Xilinx_2018/Vivado/2018.3/common/technology/xilinx/interface/xilinx_interface.hlp 
Execute           source C:/Xilinx_2018/Vivado/2018.3/common/technology/xilinx/interface/maxi.hlp 
Execute           source C:/Xilinx_2018/Vivado/2018.3/common/technology/xilinx/interface/saxilite.hlp 
Execute         source C:/Xilinx_2018/Vivado/2018.3/common/technology/xilinx/common/dsp48.hlp 
Execute     source C:/Xilinx_2018/Vivado/2018.3/common/technology/xilinx/zynq/zynq.gen 
Execute       source C:/Xilinx_2018/Vivado/2018.3/common/technology/xilinx/common/virtex.gen 
Execute         source C:/Xilinx_2018/Vivado/2018.3/common/technology/xilinx/common/xilinx.gen 
Execute           source C:/Xilinx_2018/Vivado/2018.3/common/technology/xilinx/interface/plb46.gen 
Execute           source C:/Xilinx_2018/Vivado/2018.3/common/technology/xilinx/interface/fsl.gen 
Execute           source C:/Xilinx_2018/Vivado/2018.3/common/technology/xilinx/interface/axi4.gen 
Execute           source C:/Xilinx_2018/Vivado/2018.3/common/technology/xilinx/interface/nativeAXI4.gen 
Execute             source C:/Xilinx_2018/Vivado/2018.3/common/technology/xilinx/interface/saxilite.gen 
Execute             source C:/Xilinx_2018/Vivado/2018.3/common/technology/xilinx/interface/maxi.gen 
Execute           source C:/Xilinx_2018/Vivado/2018.3/common/technology/xilinx/scripts/xilinxcoregen.gen 
Execute           source C:/Xilinx_2018/Vivado/2018.3/common/technology/xilinx/interface/XilEDKCoreGen.gen 
Execute           source C:/Xilinx_2018/Vivado/2018.3/common/technology/xilinx/ip/dds_compiler.gen 
Execute           source C:/Xilinx_2018/Vivado/2018.3/common/technology/xilinx/ip/util.gen 
Execute           source C:/Xilinx_2018/Vivado/2018.3/common/technology/xilinx/ip/xfft.gen 
Command           ap_source done; 0.111 sec.
Execute           source C:/Xilinx_2018/Vivado/2018.3/common/technology/xilinx/ip/xfir.gen 
Command         ap_source done; 0.161 sec.
Execute         source C:/Xilinx_2018/Vivado/2018.3/common/technology/xilinx/common/dsp48.gen 
Command       ap_source done; 0.164 sec.
Command     ap_source done; 0.164 sec.
Execute     set_part xc7z045ffg900-2 
Execute       add_library xilinx/zynq/zynq:xc7z045:ffg900:-2 
Execute         get_default_platform 
Execute         license_isbetapart xc7z045 
Command         license_isbetapart done; error code: 1; 
Execute         get_default_platform 
Execute         config_chip_info -quiet -resource  {SLICE 54650}  {LUT 218600}    {FF 437200} {DSP48E 900}   {BRAM 1090}  
Execute         config_chip_info -quiet -speed medium 
Execute       add_library xilinx/zynq/zynq_fpv6 
Execute         get_default_platform 
Execute         open_platform DefaultPlatform 
Execute         import_lib C:/Xilinx_2018/Vivado/2018.3/common/technology/xilinx/zynq/zynq_fpv6 
Execute           source C:/Xilinx_2018/Vivado/2018.3/common/technology/xilinx/common/xilinx_fpv7.lib 
Execute             source C:/Xilinx_2018/Vivado/2018.3/common/technology/xilinx/common/xilinx_hp.lib 
Execute           source C:/Xilinx_2018/Vivado/2018.3/common/technology/xilinx/common/xilinx_fpv.hlp 
Execute             source C:/Xilinx_2018/Vivado/2018.3/common/technology/xilinx/common/xilinx.hlp 
Execute               source C:/Xilinx_2018/Vivado/2018.3/common/technology/xilinx/common/target_info.tcl 
Execute               source C:/Xilinx_2018/Vivado/2018.3/common/technology/xilinx/interface/xilinx_interface.hlp 
Execute                 source C:/Xilinx_2018/Vivado/2018.3/common/technology/xilinx/interface/maxi.hlp 
Execute                 source C:/Xilinx_2018/Vivado/2018.3/common/technology/xilinx/interface/saxilite.hlp 
Execute               source C:/Xilinx_2018/Vivado/2018.3/common/technology/xilinx/common/dsp48.hlp 
Execute           source C:/Xilinx_2018/Vivado/2018.3/common/technology/xilinx/zynq/zynq_hp.hlp 
Execute         source C:/Xilinx_2018/Vivado/2018.3/common/technology/xilinx/zynq/zynq_fpv6.gen 
Execute           source C:/Xilinx_2018/Vivado/2018.3/common/technology/xilinx/common/xilinx_fpv6.gen 
INFO: [HLS 200-10] Setting target device to 'xc7z045ffg900-2'
Execute       get_default_platform 
Command     set_part done; 0.118 sec.
Execute     get_default_platform 
Execute     config_chip_info -quiet -resource  {SLICE 54650}  {LUT 218600}    {FF 437200} {DSP48E 900}   {BRAM 1090}  
Execute     config_chip_info -quiet -speed medium 
Execute     config_compile -no_signed_zeros=0 
INFO: [XFORM 203-1172] Optimizing floating point zeros and discarding its signedness.
Execute     config_compile -unsafe_math_optimizations=0 
INFO: [XFORM 203-1172] Optimizing floating point zeros and discarding its signedness.
INFO: [XFORM 203-1173] Reordering floating point operations aggressively.
INFO: [XFORM 203-1176] Optimizing floating point comparison without checking NaN.
Execute     config_sdx -optimization_level=none 
Execute       get_config_export -vivado_synth_design_args 
Execute       get_config_export -vivado_impl_strategy 
Execute       get_config_export -vivado_synth_strategy 
Execute       get_config_export -vivado_phys_opt 
Execute       get_config_bind -effort 
Execute       send_msg_by_id INFO @200-435@%s%s 'config_sdx -optimization_level' config_bind -effort=medium 
INFO: [HLS 200-435] Setting 'config_sdx -optimization_level' configuration: config_bind -effort=medium
Execute       config_bind -effort=medium 
Execute       get_config_schedule -effort 
Execute     config_sdx -target=none 
Execute       send_msg_by_id INFO @200-435@%s%s 'config_sdx -target' config_sdx -optimization_level=none 
INFO: [HLS 200-435] Setting 'config_sdx -target' configuration: config_sdx -optimization_level=none
Execute       config_sdx -optimization_level=none 
Execute         get_config_export -vivado_synth_design_args 
Execute         get_config_export -vivado_impl_strategy 
Execute         get_config_export -vivado_synth_strategy 
Execute         get_config_export -vivado_phys_opt 
Execute         get_config_bind -effort 
Execute         get_config_schedule -effort 
Execute       get_config_compile -pipeline_loops 
Execute       get_config_compile -name_max_length 
Execute       get_config_schedule -relax_ii_for_timing 
Execute       get_config_schedule -enable_dsp_full_reg 
Execute       get_config_rtl -register_reset_num 
Execute       get_config_rtl -auto_prefix 
Execute       get_config_rtl -enable_maxiConservative 
Execute       get_config_interface -m_axi_addr64 
Execute       send_msg_by_id INFO @200-435@%s%s 'config_sdx -target' set_clock_uncertainty default 
INFO: [HLS 200-435] Setting 'config_sdx -target' configuration: set_clock_uncertainty default
Execute       set_clock_uncertainty default 
Execute         get_clock_period -default -name=default 
Execute         config_clock -quiet -name default -uncertainty 0.625 -unit % 
INFO: [SYN 201-201] Setting up clock 'default' with an uncertainty of 0.625ns.
Execute     config_schedule -effort=medium 
Execute     config_schedule -relax_ii_for_timing=0 
Command   open_solution done; 0.395 sec.
Execute   cosim_design 
Execute     source C:/Users/EMILIO/Desktop/HLS/FFR_Reorder_x_num/with_out_OP/.autopilot/db/global.setting.tcl 
Execute     source C:/Users/EMILIO/Desktop/HLS/FFR_Reorder_x_num/with_out_OP/.autopilot/db/global.setting.tcl 
Execute     source C:/Users/EMILIO/Desktop/HLS/FFR_Reorder_x_num/with_out_OP/.autopilot/db/global.setting.tcl 
INFO-FLOW: DBG:CMD: read_platform_lib C:/Users/EMILIO/Desktop/HLS/FFR_Reorder_x_num/with_out_OP/.autopilot/db/global.setting.tcl
Execute     source C:/Xilinx_2018/Vivado/2018.3/common/technology/generic/autopilot/common.gen 
Execute       source C:/Xilinx_2018/Vivado/2018.3/common/technology/generic/autopilot/APCoreGen.gen 
Execute     source C:/Xilinx_2018/Vivado/2018.3/common/technology/generic/autopilot/op.gen 
Execute     source C:/Xilinx_2018/Vivado/2018.3/common/technology/generic/autopilot/op_simcore.gen 
Execute     source C:/Xilinx_2018/Vivado/2018.3/common/technology/generic/autopilot/interface.gen 
Execute     source C:/Users/EMILIO/Desktop/HLS/FFR_Reorder_x_num/with_out_OP/.autopilot/db/global.setting.tcl 
Execute     source C:/Xilinx_2018/Vivado/2018.3/common/technology/xilinx/zynq/zynq.gen 
Execute       source C:/Xilinx_2018/Vivado/2018.3/common/technology/xilinx/common/virtex.gen 
Execute         source C:/Xilinx_2018/Vivado/2018.3/common/technology/xilinx/common/xilinx.gen 
Execute           source C:/Xilinx_2018/Vivado/2018.3/common/technology/xilinx/interface/plb46.gen 
Execute           source C:/Xilinx_2018/Vivado/2018.3/common/technology/xilinx/interface/fsl.gen 
Execute           source C:/Xilinx_2018/Vivado/2018.3/common/technology/xilinx/interface/axi4.gen 
Execute           source C:/Xilinx_2018/Vivado/2018.3/common/technology/xilinx/interface/nativeAXI4.gen 
Execute             source C:/Xilinx_2018/Vivado/2018.3/common/technology/xilinx/interface/saxilite.gen 
Execute             source C:/Xilinx_2018/Vivado/2018.3/common/technology/xilinx/interface/maxi.gen 
Execute           source C:/Xilinx_2018/Vivado/2018.3/common/technology/xilinx/scripts/xilinxcoregen.gen 
Execute           source C:/Xilinx_2018/Vivado/2018.3/common/technology/xilinx/interface/XilEDKCoreGen.gen 
Execute           source C:/Xilinx_2018/Vivado/2018.3/common/technology/xilinx/ip/dds_compiler.gen 
Execute           source C:/Xilinx_2018/Vivado/2018.3/common/technology/xilinx/ip/util.gen 
Execute           source C:/Xilinx_2018/Vivado/2018.3/common/technology/xilinx/ip/xfft.gen 
Command           ap_source done; 0.101 sec.
Execute           source C:/Xilinx_2018/Vivado/2018.3/common/technology/xilinx/ip/xfir.gen 
Command         ap_source done; 0.154 sec.
Execute         source C:/Xilinx_2018/Vivado/2018.3/common/technology/xilinx/common/dsp48.gen 
Command       ap_source done; 0.157 sec.
Command     ap_source done; 0.157 sec.
Execute     source C:/Xilinx_2018/Vivado/2018.3/common/technology/xilinx/zynq/zynq_fpv6.gen 
Execute       source C:/Xilinx_2018/Vivado/2018.3/common/technology/xilinx/common/xilinx_fpv6.gen 
INFO-FLOW: DBG:CMD:   using AESL_AUTOCG::g_clock_period=5.000 (was NA)
Execute     source C:/Users/EMILIO/Desktop/HLS/FFR_Reorder_x_num/with_out_OP/.autopilot/db/global.setting.tcl 
Execute     source C:/Users/EMILIO/Desktop/HLS/FFR_Reorder_x_num/with_out_OP/.autopilot/db/Reorder_fft.rtl_wrap.cfg.tcl 
Execute     source C:/Users/EMILIO/Desktop/HLS/FFR_Reorder_x_num/with_out_OP/.autopilot/db/Reorder_fft.tbgen.tcl 
Execute     is_encrypted C:/Users/EMILIO/Desktop/HLS/FFR_Reorder_x_num/Imag.txt 
Execute     is_encrypted C:/Users/EMILIO/Desktop/HLS/FFR_Reorder_x_num/Imag_input_1_16384_2a.txt 
Execute     is_encrypted C:/Users/EMILIO/Desktop/HLS/FFR_Reorder_x_num/Imag_input_1_4096_2a.txt 
Execute     is_encrypted C:/Users/EMILIO/Desktop/HLS/FFR_Reorder_x_num/Imag_ordered.txt 
Execute     is_encrypted C:/Users/EMILIO/Desktop/HLS/FFR_Reorder_x_num/Imag_output_1_16384_2a.txt 
Execute     is_encrypted C:/Users/EMILIO/Desktop/HLS/FFR_Reorder_x_num/Imag_output_1_4096_2a.txt 
Execute     is_encrypted C:/Users/EMILIO/Desktop/HLS/FFR_Reorder_x_num/Reales.txt 
Execute     is_encrypted C:/Users/EMILIO/Desktop/HLS/FFR_Reorder_x_num/Reales_input_1_16384_2a.txt 
Execute     is_encrypted C:/Users/EMILIO/Desktop/HLS/FFR_Reorder_x_num/Reales_input_1_4096_2a.txt 
Execute     is_encrypted C:/Users/EMILIO/Desktop/HLS/FFR_Reorder_x_num/Reales_ordered.txt 
Execute     is_encrypted C:/Users/EMILIO/Desktop/HLS/FFR_Reorder_x_num/Reales_output_1_16384_2a.txt 
Execute     is_encrypted C:/Users/EMILIO/Desktop/HLS/FFR_Reorder_x_num/Reales_output_1_4096_2a.txt 
Execute     is_encrypted C:/Users/EMILIO/Desktop/HLS/FFR_Reorder_x_num/Reorder_FFT_test.cpp 
Execute     is_encrypted C:/Users/EMILIO/Desktop/HLS/FFR_Reorder_x_num/FFT_reorder.h 
Execute     is_encrypted C:/Users/EMILIO/Desktop/HLS/FFR_Reorder_x_num/Reorder_FFT.cpp 
Execute     source C:/Users/EMILIO/Desktop/HLS/FFR_Reorder_x_num/with_out_OP/.autopilot/db/Reorder_fft.tbgen.tcl 
Execute     source C:/Users/EMILIO/Desktop/HLS/FFR_Reorder_x_num/with_out_OP/.autopilot/db/Reorder_fft.tbgen.tcl 
INFO: [COSIM 212-47] Using XSIM for RTL simulation.
INFO: [COSIM 212-14] Instrumenting C test bench ...
Execute     get_default_platform 
INFO-FLOW: TB processing: C:/Users/EMILIO/Desktop/HLS/FFR_Reorder_x_num/Reorder_FFT_test.cpp C:/Users/EMILIO/Desktop/HLS/FFR_Reorder_x_num/with_out_OP/./sim/autowrap/testbench/Reorder_FFT_test.cpp_pre.cpp
Execute     tidy_31 xilinx-tb-xfmat C:/Users/EMILIO/Desktop/HLS/FFR_Reorder_x_num/with_out_OP/./sim/autowrap/testbench/Reorder_FFT_test.cpp_pre.cpp std=c++11 
INFO-FLOW: exec C:/Xilinx_2018/Vivado/2018.3/win64/tools/clang-3.9-csynth/bin/tidy-3.1 -header-filter=.* -checks=-*,xilinx-tb-xfmat -quiet -fix-errors C:/Users/EMILIO/Desktop/HLS/FFR_Reorder_x_num/with_out_OP/./sim/autowrap/testbench/Reorder_FFT_test.cpp_pre.cpp -- -std=c++11 -fhls -ferror-limit=0
Command     tidy_31 done; 0.943 sec.
INFO-FLOW: Marker-Pragma convertor: C:/Users/EMILIO/Desktop/HLS/FFR_Reorder_x_num/with_out_OP/./sim/autowrap/testbench/Reorder_FFT_test.cpp_pre.cpp C:/Users/EMILIO/Desktop/HLS/FFR_Reorder_x_num/with_out_OP/./sim/autowrap/testbench/Reorder_FFT_test.cpp_pre.cpp.line.cpp ./sim/autowrap/testbench/line.tmp 1
INFO-FLOW: Converting Markers to Pragmas...
INFO-FLOW: Marker-Pragma convertor: C:/Users/EMILIO/Desktop/HLS/FFR_Reorder_x_num/with_out_OP/./sim/autowrap/testbench/Reorder_FFT_test.cpp_pre.cpp.tb.cpp.line C:/Users/EMILIO/Desktop/HLS/FFR_Reorder_x_num/with_out_OP/./sim/autowrap/testbench/Reorder_FFT_test.cpp_pre.cpp.tb.cpp ./sim/autowrap/testbench/line.tmp 0
INFO-FLOW: Converting Pragmas to Markers...
Execute     get_default_platform 
INFO-FLOW: TB processing: C:/Users/EMILIO/Desktop/HLS/FFR_Reorder_x_num/Reorder_FFT.cpp C:/Users/EMILIO/Desktop/HLS/FFR_Reorder_x_num/with_out_OP/./sim/autowrap/testbench/Reorder_FFT.cpp_pre.cpp
Execute     tidy_31 xilinx-tb-xfmat C:/Users/EMILIO/Desktop/HLS/FFR_Reorder_x_num/with_out_OP/./sim/autowrap/testbench/Reorder_FFT.cpp_pre.cpp std=c++11 
INFO-FLOW: exec C:/Xilinx_2018/Vivado/2018.3/win64/tools/clang-3.9-csynth/bin/tidy-3.1 -header-filter=.* -checks=-*,xilinx-tb-xfmat -quiet -fix-errors C:/Users/EMILIO/Desktop/HLS/FFR_Reorder_x_num/with_out_OP/./sim/autowrap/testbench/Reorder_FFT.cpp_pre.cpp -- -std=c++11 -fhls -ferror-limit=0
Command     tidy_31 done; 1.148 sec.
INFO-FLOW: Marker-Pragma convertor: C:/Users/EMILIO/Desktop/HLS/FFR_Reorder_x_num/with_out_OP/./sim/autowrap/testbench/Reorder_FFT.cpp_pre.cpp C:/Users/EMILIO/Desktop/HLS/FFR_Reorder_x_num/with_out_OP/./sim/autowrap/testbench/Reorder_FFT.cpp_pre.cpp.line.cpp ./sim/autowrap/testbench/line.tmp 1
INFO-FLOW: Converting Markers to Pragmas...
INFO-FLOW: Marker-Pragma convertor: C:/Users/EMILIO/Desktop/HLS/FFR_Reorder_x_num/with_out_OP/./sim/autowrap/testbench/Reorder_FFT.cpp_pre.cpp.tb.cpp.line C:/Users/EMILIO/Desktop/HLS/FFR_Reorder_x_num/with_out_OP/./sim/autowrap/testbench/Reorder_FFT.cpp_pre.cpp.tb.cpp ./sim/autowrap/testbench/line.tmp 0
INFO-FLOW: Converting Pragmas to Markers...
Execute     source C:/Users/EMILIO/Desktop/HLS/FFR_Reorder_x_num/with_out_OP/./sim/autowrap/testbench/tb.status.tcl 
Execute     source C:/Users/EMILIO/Desktop/HLS/FFR_Reorder_x_num/with_out_OP/.autopilot/db/global.setting.tcl 
Execute     source C:/Users/EMILIO/Desktop/HLS/FFR_Reorder_x_num/with_out_OP/.autopilot/db/Reorder_fft.rtl_wrap.cfg.tcl 
Execute     source C:/Users/EMILIO/Desktop/HLS/FFR_Reorder_x_num/with_out_OP/.autopilot/db/Reorder_fft.rtl_wrap.cfg.tcl 
Execute     source C:/Users/EMILIO/Desktop/HLS/FFR_Reorder_x_num/with_out_OP/.autopilot/db/Reorder_fft.rtl_wrap.cfg.tcl 
Execute     source C:/Users/EMILIO/Desktop/HLS/FFR_Reorder_x_num/with_out_OP/.autopilot/db/Reorder_fft.tbgen.tcl 
Execute     source C:/Users/EMILIO/Desktop/HLS/FFR_Reorder_x_num/with_out_OP/.autopilot/db/Reorder_fft.tbgen.tcl 
Execute     get_default_platform 
Execute     source .run_sim.tcl 
INFO: [COSIM 212-302] Starting C TB testing ... 
Command     ap_source done; 1.358 sec.
INFO: [COSIM 212-333] Generating C post check test bench ...
Execute     get_default_platform 
INFO: [COSIM 212-12] Generating RTL test bench ...
Execute     source C:/Users/EMILIO/Desktop/HLS/FFR_Reorder_x_num/with_out_OP/.autopilot/db/Reorder_fft.tbgen.tcl 
Execute     source C:/Users/EMILIO/Desktop/HLS/FFR_Reorder_x_num/with_out_OP/.autopilot/db/Reorder_fft.tbgen.tcl 
Execute     source C:/Users/EMILIO/Desktop/HLS/FFR_Reorder_x_num/with_out_OP/.autopilot/db/Reorder_fft.tbgen.tcl 
Execute     source C:/Users/EMILIO/Desktop/HLS/FFR_Reorder_x_num/with_out_OP/.autopilot/db/Reorder_fft.tbgen.tcl 
Execute     source ../tv/cdatafile/ref.tcl 
Execute     source C:/Users/EMILIO/Desktop/HLS/FFR_Reorder_x_num/with_out_OP/.autopilot/db/Reorder_fft.tbgen.tcl 
Execute     source C:/Users/EMILIO/Desktop/HLS/FFR_Reorder_x_num/with_out_OP/.autopilot/db/Reorder_fft.tbgen.tcl 
Execute     source C:/Users/EMILIO/Desktop/HLS/FFR_Reorder_x_num/with_out_OP/.autopilot/db/Reorder_fft.tbgen.tcl 
Execute     source C:/Users/EMILIO/Desktop/HLS/FFR_Reorder_x_num/with_out_OP/.autopilot/db/Reorder_fft.tbgen.tcl 
Execute     source C:/Users/EMILIO/Desktop/HLS/FFR_Reorder_x_num/with_out_OP/.autopilot/db/Reorder_fft.tbgen.tcl 
Execute     source C:/Users/EMILIO/Desktop/HLS/FFR_Reorder_x_num/with_out_OP/.autopilot/db/Reorder_fft.tbgen.tcl 
Execute     source C:/Users/EMILIO/Desktop/HLS/FFR_Reorder_x_num/with_out_OP/.autopilot/db/Reorder_fft.tbgen.tcl 
Execute     source C:/Users/EMILIO/Desktop/HLS/FFR_Reorder_x_num/with_out_OP/.autopilot/db/Reorder_fft.tbgen.tcl 
Execute     source C:/Users/EMILIO/Desktop/HLS/FFR_Reorder_x_num/with_out_OP/.autopilot/db/Reorder_fft.tbgen.tcl 
Execute     source C:/Users/EMILIO/Desktop/HLS/FFR_Reorder_x_num/with_out_OP/.autopilot/db/Reorder_fft.tbgen.tcl 
Execute     source C:/Users/EMILIO/Desktop/HLS/FFR_Reorder_x_num/with_out_OP/.autopilot/db/Reorder_fft.tbgen.tcl 
Execute     source C:/Users/EMILIO/Desktop/HLS/FFR_Reorder_x_num/with_out_OP/.autopilot/db/Reorder_fft.tbgen.tcl 
Execute     source C:/Users/EMILIO/Desktop/HLS/FFR_Reorder_x_num/with_out_OP/.autopilot/db/Reorder_fft.tbgen.tcl 
Execute     source C:/Users/EMILIO/Desktop/HLS/FFR_Reorder_x_num/with_out_OP/.autopilot/db/Reorder_fft.tbgen.tcl 
Execute     source C:/Users/EMILIO/Desktop/HLS/FFR_Reorder_x_num/with_out_OP/.autopilot/db/Reorder_fft.tbgen.tcl 
Execute     source C:/Users/EMILIO/Desktop/HLS/FFR_Reorder_x_num/with_out_OP/.autopilot/db/Reorder_fft.tbgen.tcl 
Execute     source ../tv/cdatafile/ref.tcl 
Execute     source C:/Users/EMILIO/Desktop/HLS/FFR_Reorder_x_num/with_out_OP/.autopilot/db/Reorder_fft.tbgen.tcl 
Execute     source C:/Users/EMILIO/Desktop/HLS/FFR_Reorder_x_num/with_out_OP/.autopilot/db/Reorder_fft.tbgen.tcl 
Execute     source C:/Users/EMILIO/Desktop/HLS/FFR_Reorder_x_num/with_out_OP/.autopilot/db/Reorder_fft.tbgen.tcl 
Execute     source C:/Users/EMILIO/Desktop/HLS/FFR_Reorder_x_num/with_out_OP/.autopilot/db/Reorder_fft.tbgen.tcl 
Execute     source C:/Users/EMILIO/Desktop/HLS/FFR_Reorder_x_num/with_out_OP/.autopilot/db/Reorder_fft.tbgen.tcl 
Execute     source C:/Users/EMILIO/Desktop/HLS/FFR_Reorder_x_num/with_out_OP/.autopilot/db/Reorder_fft.tbgen.tcl 
Execute     source C:/Users/EMILIO/Desktop/HLS/FFR_Reorder_x_num/with_out_OP/.autopilot/db/Reorder_fft.tbgen.tcl 
Execute     source C:/Users/EMILIO/Desktop/HLS/FFR_Reorder_x_num/with_out_OP/.autopilot/db/Reorder_fft.tbgen.tcl 
Execute     source C:/Users/EMILIO/Desktop/HLS/FFR_Reorder_x_num/with_out_OP/.autopilot/db/Reorder_fft.tbgen.tcl 
Execute     source C:/Users/EMILIO/Desktop/HLS/FFR_Reorder_x_num/with_out_OP/.autopilot/db/Reorder_fft.tbgen.tcl 
Execute     source C:/Users/EMILIO/Desktop/HLS/FFR_Reorder_x_num/with_out_OP/.autopilot/db/Reorder_fft.tbgen.tcl 
Execute     source .run_sim.tcl 
Execute       source check_sim.tcl 
Execute       source .sim.status.tcl 
