Copyright 1986-2018 Xilinx, Inc. All Rights Reserved.
------------------------------------------------------------------------------------------------------------------------------------------
| Tool Version : Vivado v.2018.3 (win64) Build 2405991 Thu Dec  6 23:38:27 MST 2018
| Date         : Mon Mar 29 13:35:13 2021
| Host         : DESKTOP-9SQCBTG running 64-bit major release  (build 9200)
| Command      : report_drc -file ZC706_Gen2x4If128_drc_opted.rpt -pb ZC706_Gen2x4If128_drc_opted.pb -rpx ZC706_Gen2x4If128_drc_opted.rpx
| Design       : ZC706_Gen2x4If128
| Device       : xc7z045ffg900-2
| Speed File   : -2
| Design State : Synthesized
------------------------------------------------------------------------------------------------------------------------------------------

Report DRC

Table of Contents
-----------------
1. REPORT SUMMARY
2. REPORT DETAILS

1. REPORT SUMMARY
-----------------
            Netlist: netlist
          Floorplan: design_1
      Design limits: <entire design considered>
           Ruledeck: default
             Max violations: <unlimited>
             Violations found: 102
+-------------+----------+-------------------------------------------------------------------+------------+
| Rule        | Severity | Description                                                       | Violations |
+-------------+----------+-------------------------------------------------------------------+------------+
| CHECK-3     | Warning  | Report rule limit reached                                         | 1          |
| DPIP-1      | Warning  | Input pipelining                                                  | 24         |
| DPOP-1      | Warning  | PREG Output pipelining                                            | 24         |
| DPREG-4     | Warning  | DSP48E1_PregDynOpmodeZmuxP:                                       | 8          |
| PLHOLDVIO-2 | Warning  | Non-Optimal connections which could lead to hold violations       | 4          |
| REQP-1839   | Warning  | RAMB36 async control check                                        | 20         |
| ZPS7-1      | Warning  | PS7 block required                                                | 1          |
| AVAL-4      | Advisory | enum_USE_DPORT_FALSE_enum_DREG_ADREG_0_connects_CED_CEAD_RSTD_GND | 8          |
| REQP-181    | Advisory | writefirst                                                        | 4          |
| REQP-1725   | Advisory | DSP_Abus_sign_bit_alert                                           | 8          |
+-------------+----------+-------------------------------------------------------------------+------------+

2. REPORT DETAILS
-----------------
CHECK-3#1 Warning
Report rule limit reached  
REQP-1839 rule limit reached: 20 violations have been found.
Related violations: <none>

DPIP-1#1 Warning
Input pipelining  
DSP top_mem_DualPort_and_FFT/FFT_Reorder_x_num_wrapper/FFT_Reorder_x_num_i/Reorder_fft_0/inst/Reorder_fft_fadd_hbi_U1/Reorder_fft_ap_fadd_6_full_dsp_32_u/U0/i_synth/ADDSUB_OP.ADDSUB/SPEED_OP.DSP.OP/DSP48E1_BODY.ALIGN_ADD/DSP2/DSP input top_mem_DualPort_and_FFT/FFT_Reorder_x_num_wrapper/FFT_Reorder_x_num_i/Reorder_fft_0/inst/Reorder_fft_fadd_hbi_U1/Reorder_fft_ap_fadd_6_full_dsp_32_u/U0/i_synth/ADDSUB_OP.ADDSUB/SPEED_OP.DSP.OP/DSP48E1_BODY.ALIGN_ADD/DSP2/DSP/A[29:0] is not pipelined. Pipelining DSP48 input will improve performance.
Related violations: <none>

DPIP-1#2 Warning
Input pipelining  
DSP top_mem_DualPort_and_FFT/FFT_Reorder_x_num_wrapper/FFT_Reorder_x_num_i/Reorder_fft_0/inst/Reorder_fft_fadd_hbi_U1/Reorder_fft_ap_fadd_6_full_dsp_32_u/U0/i_synth/ADDSUB_OP.ADDSUB/SPEED_OP.DSP.OP/DSP48E1_BODY.ALIGN_ADD/DSP2/DSP input top_mem_DualPort_and_FFT/FFT_Reorder_x_num_wrapper/FFT_Reorder_x_num_i/Reorder_fft_0/inst/Reorder_fft_fadd_hbi_U1/Reorder_fft_ap_fadd_6_full_dsp_32_u/U0/i_synth/ADDSUB_OP.ADDSUB/SPEED_OP.DSP.OP/DSP48E1_BODY.ALIGN_ADD/DSP2/DSP/B[17:0] is not pipelined. Pipelining DSP48 input will improve performance.
Related violations: <none>

DPIP-1#3 Warning
Input pipelining  
DSP top_mem_DualPort_and_FFT/FFT_Reorder_x_num_wrapper/FFT_Reorder_x_num_i/Reorder_fft_0/inst/Reorder_fft_fadd_hbi_U1/Reorder_fft_ap_fadd_6_full_dsp_32_u/U0/i_synth/ADDSUB_OP.ADDSUB/SPEED_OP.DSP.OP/DSP48E1_BODY.NORM_RND/FULL_USAGE_DSP.SHIFT_RND/DSP input top_mem_DualPort_and_FFT/FFT_Reorder_x_num_wrapper/FFT_Reorder_x_num_i/Reorder_fft_0/inst/Reorder_fft_fadd_hbi_U1/Reorder_fft_ap_fadd_6_full_dsp_32_u/U0/i_synth/ADDSUB_OP.ADDSUB/SPEED_OP.DSP.OP/DSP48E1_BODY.NORM_RND/FULL_USAGE_DSP.SHIFT_RND/DSP/B[17:0] is not pipelined. Pipelining DSP48 input will improve performance.
Related violations: <none>

DPIP-1#4 Warning
Input pipelining  
DSP top_mem_DualPort_and_FFT/FFT_Reorder_x_num_wrapper/FFT_Reorder_x_num_i/Reorder_fft_0/inst/Reorder_fft_fadd_hbi_U2/Reorder_fft_ap_fadd_6_full_dsp_32_u/U0/i_synth/ADDSUB_OP.ADDSUB/SPEED_OP.DSP.OP/DSP48E1_BODY.ALIGN_ADD/DSP2/DSP input top_mem_DualPort_and_FFT/FFT_Reorder_x_num_wrapper/FFT_Reorder_x_num_i/Reorder_fft_0/inst/Reorder_fft_fadd_hbi_U2/Reorder_fft_ap_fadd_6_full_dsp_32_u/U0/i_synth/ADDSUB_OP.ADDSUB/SPEED_OP.DSP.OP/DSP48E1_BODY.ALIGN_ADD/DSP2/DSP/A[29:0] is not pipelined. Pipelining DSP48 input will improve performance.
Related violations: <none>

DPIP-1#5 Warning
Input pipelining  
DSP top_mem_DualPort_and_FFT/FFT_Reorder_x_num_wrapper/FFT_Reorder_x_num_i/Reorder_fft_0/inst/Reorder_fft_fadd_hbi_U2/Reorder_fft_ap_fadd_6_full_dsp_32_u/U0/i_synth/ADDSUB_OP.ADDSUB/SPEED_OP.DSP.OP/DSP48E1_BODY.ALIGN_ADD/DSP2/DSP input top_mem_DualPort_and_FFT/FFT_Reorder_x_num_wrapper/FFT_Reorder_x_num_i/Reorder_fft_0/inst/Reorder_fft_fadd_hbi_U2/Reorder_fft_ap_fadd_6_full_dsp_32_u/U0/i_synth/ADDSUB_OP.ADDSUB/SPEED_OP.DSP.OP/DSP48E1_BODY.ALIGN_ADD/DSP2/DSP/B[17:0] is not pipelined. Pipelining DSP48 input will improve performance.
Related violations: <none>

DPIP-1#6 Warning
Input pipelining  
DSP top_mem_DualPort_and_FFT/FFT_Reorder_x_num_wrapper/FFT_Reorder_x_num_i/Reorder_fft_0/inst/Reorder_fft_fadd_hbi_U2/Reorder_fft_ap_fadd_6_full_dsp_32_u/U0/i_synth/ADDSUB_OP.ADDSUB/SPEED_OP.DSP.OP/DSP48E1_BODY.NORM_RND/FULL_USAGE_DSP.SHIFT_RND/DSP input top_mem_DualPort_and_FFT/FFT_Reorder_x_num_wrapper/FFT_Reorder_x_num_i/Reorder_fft_0/inst/Reorder_fft_fadd_hbi_U2/Reorder_fft_ap_fadd_6_full_dsp_32_u/U0/i_synth/ADDSUB_OP.ADDSUB/SPEED_OP.DSP.OP/DSP48E1_BODY.NORM_RND/FULL_USAGE_DSP.SHIFT_RND/DSP/B[17:0] is not pipelined. Pipelining DSP48 input will improve performance.
Related violations: <none>

DPIP-1#7 Warning
Input pipelining  
DSP top_mem_DualPort_and_FFT/FFT_Reorder_x_num_wrapper/FFT_Reorder_x_num_i/Reorder_fft_0/inst/Reorder_fft_fadd_hbi_U3/Reorder_fft_ap_fadd_6_full_dsp_32_u/U0/i_synth/ADDSUB_OP.ADDSUB/SPEED_OP.DSP.OP/DSP48E1_BODY.ALIGN_ADD/DSP2/DSP input top_mem_DualPort_and_FFT/FFT_Reorder_x_num_wrapper/FFT_Reorder_x_num_i/Reorder_fft_0/inst/Reorder_fft_fadd_hbi_U3/Reorder_fft_ap_fadd_6_full_dsp_32_u/U0/i_synth/ADDSUB_OP.ADDSUB/SPEED_OP.DSP.OP/DSP48E1_BODY.ALIGN_ADD/DSP2/DSP/A[29:0] is not pipelined. Pipelining DSP48 input will improve performance.
Related violations: <none>

DPIP-1#8 Warning
Input pipelining  
DSP top_mem_DualPort_and_FFT/FFT_Reorder_x_num_wrapper/FFT_Reorder_x_num_i/Reorder_fft_0/inst/Reorder_fft_fadd_hbi_U3/Reorder_fft_ap_fadd_6_full_dsp_32_u/U0/i_synth/ADDSUB_OP.ADDSUB/SPEED_OP.DSP.OP/DSP48E1_BODY.ALIGN_ADD/DSP2/DSP input top_mem_DualPort_and_FFT/FFT_Reorder_x_num_wrapper/FFT_Reorder_x_num_i/Reorder_fft_0/inst/Reorder_fft_fadd_hbi_U3/Reorder_fft_ap_fadd_6_full_dsp_32_u/U0/i_synth/ADDSUB_OP.ADDSUB/SPEED_OP.DSP.OP/DSP48E1_BODY.ALIGN_ADD/DSP2/DSP/B[17:0] is not pipelined. Pipelining DSP48 input will improve performance.
Related violations: <none>

DPIP-1#9 Warning
Input pipelining  
DSP top_mem_DualPort_and_FFT/FFT_Reorder_x_num_wrapper/FFT_Reorder_x_num_i/Reorder_fft_0/inst/Reorder_fft_fadd_hbi_U3/Reorder_fft_ap_fadd_6_full_dsp_32_u/U0/i_synth/ADDSUB_OP.ADDSUB/SPEED_OP.DSP.OP/DSP48E1_BODY.NORM_RND/FULL_USAGE_DSP.SHIFT_RND/DSP input top_mem_DualPort_and_FFT/FFT_Reorder_x_num_wrapper/FFT_Reorder_x_num_i/Reorder_fft_0/inst/Reorder_fft_fadd_hbi_U3/Reorder_fft_ap_fadd_6_full_dsp_32_u/U0/i_synth/ADDSUB_OP.ADDSUB/SPEED_OP.DSP.OP/DSP48E1_BODY.NORM_RND/FULL_USAGE_DSP.SHIFT_RND/DSP/B[17:0] is not pipelined. Pipelining DSP48 input will improve performance.
Related violations: <none>

DPIP-1#10 Warning
Input pipelining  
DSP top_mem_DualPort_and_FFT/FFT_Reorder_x_num_wrapper/FFT_Reorder_x_num_i/Reorder_fft_0/inst/Reorder_fft_fadd_hbi_U4/Reorder_fft_ap_fadd_6_full_dsp_32_u/U0/i_synth/ADDSUB_OP.ADDSUB/SPEED_OP.DSP.OP/DSP48E1_BODY.ALIGN_ADD/DSP2/DSP input top_mem_DualPort_and_FFT/FFT_Reorder_x_num_wrapper/FFT_Reorder_x_num_i/Reorder_fft_0/inst/Reorder_fft_fadd_hbi_U4/Reorder_fft_ap_fadd_6_full_dsp_32_u/U0/i_synth/ADDSUB_OP.ADDSUB/SPEED_OP.DSP.OP/DSP48E1_BODY.ALIGN_ADD/DSP2/DSP/A[29:0] is not pipelined. Pipelining DSP48 input will improve performance.
Related violations: <none>

DPIP-1#11 Warning
Input pipelining  
DSP top_mem_DualPort_and_FFT/FFT_Reorder_x_num_wrapper/FFT_Reorder_x_num_i/Reorder_fft_0/inst/Reorder_fft_fadd_hbi_U4/Reorder_fft_ap_fadd_6_full_dsp_32_u/U0/i_synth/ADDSUB_OP.ADDSUB/SPEED_OP.DSP.OP/DSP48E1_BODY.ALIGN_ADD/DSP2/DSP input top_mem_DualPort_and_FFT/FFT_Reorder_x_num_wrapper/FFT_Reorder_x_num_i/Reorder_fft_0/inst/Reorder_fft_fadd_hbi_U4/Reorder_fft_ap_fadd_6_full_dsp_32_u/U0/i_synth/ADDSUB_OP.ADDSUB/SPEED_OP.DSP.OP/DSP48E1_BODY.ALIGN_ADD/DSP2/DSP/B[17:0] is not pipelined. Pipelining DSP48 input will improve performance.
Related violations: <none>

DPIP-1#12 Warning
Input pipelining  
DSP top_mem_DualPort_and_FFT/FFT_Reorder_x_num_wrapper/FFT_Reorder_x_num_i/Reorder_fft_0/inst/Reorder_fft_fadd_hbi_U4/Reorder_fft_ap_fadd_6_full_dsp_32_u/U0/i_synth/ADDSUB_OP.ADDSUB/SPEED_OP.DSP.OP/DSP48E1_BODY.NORM_RND/FULL_USAGE_DSP.SHIFT_RND/DSP input top_mem_DualPort_and_FFT/FFT_Reorder_x_num_wrapper/FFT_Reorder_x_num_i/Reorder_fft_0/inst/Reorder_fft_fadd_hbi_U4/Reorder_fft_ap_fadd_6_full_dsp_32_u/U0/i_synth/ADDSUB_OP.ADDSUB/SPEED_OP.DSP.OP/DSP48E1_BODY.NORM_RND/FULL_USAGE_DSP.SHIFT_RND/DSP/B[17:0] is not pipelined. Pipelining DSP48 input will improve performance.
Related violations: <none>

DPIP-1#13 Warning
Input pipelining  
DSP top_mem_DualPort_and_FFT/FFT_Reorder_x_num_wrapper/FFT_Reorder_x_num_i/Reorder_fft_0/inst/Reorder_fft_fadd_hbi_U5/Reorder_fft_ap_fadd_6_full_dsp_32_u/U0/i_synth/ADDSUB_OP.ADDSUB/SPEED_OP.DSP.OP/DSP48E1_BODY.ALIGN_ADD/DSP2/DSP input top_mem_DualPort_and_FFT/FFT_Reorder_x_num_wrapper/FFT_Reorder_x_num_i/Reorder_fft_0/inst/Reorder_fft_fadd_hbi_U5/Reorder_fft_ap_fadd_6_full_dsp_32_u/U0/i_synth/ADDSUB_OP.ADDSUB/SPEED_OP.DSP.OP/DSP48E1_BODY.ALIGN_ADD/DSP2/DSP/A[29:0] is not pipelined. Pipelining DSP48 input will improve performance.
Related violations: <none>

DPIP-1#14 Warning
Input pipelining  
DSP top_mem_DualPort_and_FFT/FFT_Reorder_x_num_wrapper/FFT_Reorder_x_num_i/Reorder_fft_0/inst/Reorder_fft_fadd_hbi_U5/Reorder_fft_ap_fadd_6_full_dsp_32_u/U0/i_synth/ADDSUB_OP.ADDSUB/SPEED_OP.DSP.OP/DSP48E1_BODY.ALIGN_ADD/DSP2/DSP input top_mem_DualPort_and_FFT/FFT_Reorder_x_num_wrapper/FFT_Reorder_x_num_i/Reorder_fft_0/inst/Reorder_fft_fadd_hbi_U5/Reorder_fft_ap_fadd_6_full_dsp_32_u/U0/i_synth/ADDSUB_OP.ADDSUB/SPEED_OP.DSP.OP/DSP48E1_BODY.ALIGN_ADD/DSP2/DSP/B[17:0] is not pipelined. Pipelining DSP48 input will improve performance.
Related violations: <none>

DPIP-1#15 Warning
Input pipelining  
DSP top_mem_DualPort_and_FFT/FFT_Reorder_x_num_wrapper/FFT_Reorder_x_num_i/Reorder_fft_0/inst/Reorder_fft_fadd_hbi_U5/Reorder_fft_ap_fadd_6_full_dsp_32_u/U0/i_synth/ADDSUB_OP.ADDSUB/SPEED_OP.DSP.OP/DSP48E1_BODY.NORM_RND/FULL_USAGE_DSP.SHIFT_RND/DSP input top_mem_DualPort_and_FFT/FFT_Reorder_x_num_wrapper/FFT_Reorder_x_num_i/Reorder_fft_0/inst/Reorder_fft_fadd_hbi_U5/Reorder_fft_ap_fadd_6_full_dsp_32_u/U0/i_synth/ADDSUB_OP.ADDSUB/SPEED_OP.DSP.OP/DSP48E1_BODY.NORM_RND/FULL_USAGE_DSP.SHIFT_RND/DSP/B[17:0] is not pipelined. Pipelining DSP48 input will improve performance.
Related violations: <none>

DPIP-1#16 Warning
Input pipelining  
DSP top_mem_DualPort_and_FFT/FFT_Reorder_x_num_wrapper/FFT_Reorder_x_num_i/Reorder_fft_0/inst/Reorder_fft_fadd_hbi_U6/Reorder_fft_ap_fadd_6_full_dsp_32_u/U0/i_synth/ADDSUB_OP.ADDSUB/SPEED_OP.DSP.OP/DSP48E1_BODY.ALIGN_ADD/DSP2/DSP input top_mem_DualPort_and_FFT/FFT_Reorder_x_num_wrapper/FFT_Reorder_x_num_i/Reorder_fft_0/inst/Reorder_fft_fadd_hbi_U6/Reorder_fft_ap_fadd_6_full_dsp_32_u/U0/i_synth/ADDSUB_OP.ADDSUB/SPEED_OP.DSP.OP/DSP48E1_BODY.ALIGN_ADD/DSP2/DSP/A[29:0] is not pipelined. Pipelining DSP48 input will improve performance.
Related violations: <none>

DPIP-1#17 Warning
Input pipelining  
DSP top_mem_DualPort_and_FFT/FFT_Reorder_x_num_wrapper/FFT_Reorder_x_num_i/Reorder_fft_0/inst/Reorder_fft_fadd_hbi_U6/Reorder_fft_ap_fadd_6_full_dsp_32_u/U0/i_synth/ADDSUB_OP.ADDSUB/SPEED_OP.DSP.OP/DSP48E1_BODY.ALIGN_ADD/DSP2/DSP input top_mem_DualPort_and_FFT/FFT_Reorder_x_num_wrapper/FFT_Reorder_x_num_i/Reorder_fft_0/inst/Reorder_fft_fadd_hbi_U6/Reorder_fft_ap_fadd_6_full_dsp_32_u/U0/i_synth/ADDSUB_OP.ADDSUB/SPEED_OP.DSP.OP/DSP48E1_BODY.ALIGN_ADD/DSP2/DSP/B[17:0] is not pipelined. Pipelining DSP48 input will improve performance.
Related violations: <none>

DPIP-1#18 Warning
Input pipelining  
DSP top_mem_DualPort_and_FFT/FFT_Reorder_x_num_wrapper/FFT_Reorder_x_num_i/Reorder_fft_0/inst/Reorder_fft_fadd_hbi_U6/Reorder_fft_ap_fadd_6_full_dsp_32_u/U0/i_synth/ADDSUB_OP.ADDSUB/SPEED_OP.DSP.OP/DSP48E1_BODY.NORM_RND/FULL_USAGE_DSP.SHIFT_RND/DSP input top_mem_DualPort_and_FFT/FFT_Reorder_x_num_wrapper/FFT_Reorder_x_num_i/Reorder_fft_0/inst/Reorder_fft_fadd_hbi_U6/Reorder_fft_ap_fadd_6_full_dsp_32_u/U0/i_synth/ADDSUB_OP.ADDSUB/SPEED_OP.DSP.OP/DSP48E1_BODY.NORM_RND/FULL_USAGE_DSP.SHIFT_RND/DSP/B[17:0] is not pipelined. Pipelining DSP48 input will improve performance.
Related violations: <none>

DPIP-1#19 Warning
Input pipelining  
DSP top_mem_DualPort_and_FFT/FFT_Reorder_x_num_wrapper/FFT_Reorder_x_num_i/Reorder_fft_0/inst/Reorder_fft_fadd_hbi_U7/Reorder_fft_ap_fadd_6_full_dsp_32_u/U0/i_synth/ADDSUB_OP.ADDSUB/SPEED_OP.DSP.OP/DSP48E1_BODY.ALIGN_ADD/DSP2/DSP input top_mem_DualPort_and_FFT/FFT_Reorder_x_num_wrapper/FFT_Reorder_x_num_i/Reorder_fft_0/inst/Reorder_fft_fadd_hbi_U7/Reorder_fft_ap_fadd_6_full_dsp_32_u/U0/i_synth/ADDSUB_OP.ADDSUB/SPEED_OP.DSP.OP/DSP48E1_BODY.ALIGN_ADD/DSP2/DSP/A[29:0] is not pipelined. Pipelining DSP48 input will improve performance.
Related violations: <none>

DPIP-1#20 Warning
Input pipelining  
DSP top_mem_DualPort_and_FFT/FFT_Reorder_x_num_wrapper/FFT_Reorder_x_num_i/Reorder_fft_0/inst/Reorder_fft_fadd_hbi_U7/Reorder_fft_ap_fadd_6_full_dsp_32_u/U0/i_synth/ADDSUB_OP.ADDSUB/SPEED_OP.DSP.OP/DSP48E1_BODY.ALIGN_ADD/DSP2/DSP input top_mem_DualPort_and_FFT/FFT_Reorder_x_num_wrapper/FFT_Reorder_x_num_i/Reorder_fft_0/inst/Reorder_fft_fadd_hbi_U7/Reorder_fft_ap_fadd_6_full_dsp_32_u/U0/i_synth/ADDSUB_OP.ADDSUB/SPEED_OP.DSP.OP/DSP48E1_BODY.ALIGN_ADD/DSP2/DSP/B[17:0] is not pipelined. Pipelining DSP48 input will improve performance.
Related violations: <none>

DPIP-1#21 Warning
Input pipelining  
DSP top_mem_DualPort_and_FFT/FFT_Reorder_x_num_wrapper/FFT_Reorder_x_num_i/Reorder_fft_0/inst/Reorder_fft_fadd_hbi_U7/Reorder_fft_ap_fadd_6_full_dsp_32_u/U0/i_synth/ADDSUB_OP.ADDSUB/SPEED_OP.DSP.OP/DSP48E1_BODY.NORM_RND/FULL_USAGE_DSP.SHIFT_RND/DSP input top_mem_DualPort_and_FFT/FFT_Reorder_x_num_wrapper/FFT_Reorder_x_num_i/Reorder_fft_0/inst/Reorder_fft_fadd_hbi_U7/Reorder_fft_ap_fadd_6_full_dsp_32_u/U0/i_synth/ADDSUB_OP.ADDSUB/SPEED_OP.DSP.OP/DSP48E1_BODY.NORM_RND/FULL_USAGE_DSP.SHIFT_RND/DSP/B[17:0] is not pipelined. Pipelining DSP48 input will improve performance.
Related violations: <none>

DPIP-1#22 Warning
Input pipelining  
DSP top_mem_DualPort_and_FFT/FFT_Reorder_x_num_wrapper/FFT_Reorder_x_num_i/Reorder_fft_0/inst/Reorder_fft_fadd_hbi_U8/Reorder_fft_ap_fadd_6_full_dsp_32_u/U0/i_synth/ADDSUB_OP.ADDSUB/SPEED_OP.DSP.OP/DSP48E1_BODY.ALIGN_ADD/DSP2/DSP input top_mem_DualPort_and_FFT/FFT_Reorder_x_num_wrapper/FFT_Reorder_x_num_i/Reorder_fft_0/inst/Reorder_fft_fadd_hbi_U8/Reorder_fft_ap_fadd_6_full_dsp_32_u/U0/i_synth/ADDSUB_OP.ADDSUB/SPEED_OP.DSP.OP/DSP48E1_BODY.ALIGN_ADD/DSP2/DSP/A[29:0] is not pipelined. Pipelining DSP48 input will improve performance.
Related violations: <none>

DPIP-1#23 Warning
Input pipelining  
DSP top_mem_DualPort_and_FFT/FFT_Reorder_x_num_wrapper/FFT_Reorder_x_num_i/Reorder_fft_0/inst/Reorder_fft_fadd_hbi_U8/Reorder_fft_ap_fadd_6_full_dsp_32_u/U0/i_synth/ADDSUB_OP.ADDSUB/SPEED_OP.DSP.OP/DSP48E1_BODY.ALIGN_ADD/DSP2/DSP input top_mem_DualPort_and_FFT/FFT_Reorder_x_num_wrapper/FFT_Reorder_x_num_i/Reorder_fft_0/inst/Reorder_fft_fadd_hbi_U8/Reorder_fft_ap_fadd_6_full_dsp_32_u/U0/i_synth/ADDSUB_OP.ADDSUB/SPEED_OP.DSP.OP/DSP48E1_BODY.ALIGN_ADD/DSP2/DSP/B[17:0] is not pipelined. Pipelining DSP48 input will improve performance.
Related violations: <none>

DPIP-1#24 Warning
Input pipelining  
DSP top_mem_DualPort_and_FFT/FFT_Reorder_x_num_wrapper/FFT_Reorder_x_num_i/Reorder_fft_0/inst/Reorder_fft_fadd_hbi_U8/Reorder_fft_ap_fadd_6_full_dsp_32_u/U0/i_synth/ADDSUB_OP.ADDSUB/SPEED_OP.DSP.OP/DSP48E1_BODY.NORM_RND/FULL_USAGE_DSP.SHIFT_RND/DSP input top_mem_DualPort_and_FFT/FFT_Reorder_x_num_wrapper/FFT_Reorder_x_num_i/Reorder_fft_0/inst/Reorder_fft_fadd_hbi_U8/Reorder_fft_ap_fadd_6_full_dsp_32_u/U0/i_synth/ADDSUB_OP.ADDSUB/SPEED_OP.DSP.OP/DSP48E1_BODY.NORM_RND/FULL_USAGE_DSP.SHIFT_RND/DSP/B[17:0] is not pipelined. Pipelining DSP48 input will improve performance.
Related violations: <none>

DPOP-1#1 Warning
PREG Output pipelining  
DSP top_mem_DualPort_and_FFT/FFT_Reorder_x_num_wrapper/FFT_Reorder_x_num_i/Reorder_fft_0/inst/Reorder_fft_fadd_hbi_U1/Reorder_fft_ap_fadd_6_full_dsp_32_u/U0/i_synth/ADDSUB_OP.ADDSUB/SPEED_OP.DSP.OP/DSP48E1_BODY.ALIGN_ADD/DSP2/DSP output top_mem_DualPort_and_FFT/FFT_Reorder_x_num_wrapper/FFT_Reorder_x_num_i/Reorder_fft_0/inst/Reorder_fft_fadd_hbi_U1/Reorder_fft_ap_fadd_6_full_dsp_32_u/U0/i_synth/ADDSUB_OP.ADDSUB/SPEED_OP.DSP.OP/DSP48E1_BODY.ALIGN_ADD/DSP2/DSP/PATTERNDETECT is not pipelined (PREG=0). Pipelining the DSP48 output will improve performance and often saves power so it is suggested whenever possible to fully pipeline this function.  If this DSP48 function was inferred, it is suggested to describe an additional register stage after this function.  If the DSP48 was instantiated in the design, it is suggested to set the PREG attribute to 1.
Related violations: <none>

DPOP-1#2 Warning
PREG Output pipelining  
DSP top_mem_DualPort_and_FFT/FFT_Reorder_x_num_wrapper/FFT_Reorder_x_num_i/Reorder_fft_0/inst/Reorder_fft_fadd_hbi_U1/Reorder_fft_ap_fadd_6_full_dsp_32_u/U0/i_synth/ADDSUB_OP.ADDSUB/SPEED_OP.DSP.OP/DSP48E1_BODY.ALIGN_ADD/DSP2/DSP output top_mem_DualPort_and_FFT/FFT_Reorder_x_num_wrapper/FFT_Reorder_x_num_i/Reorder_fft_0/inst/Reorder_fft_fadd_hbi_U1/Reorder_fft_ap_fadd_6_full_dsp_32_u/U0/i_synth/ADDSUB_OP.ADDSUB/SPEED_OP.DSP.OP/DSP48E1_BODY.ALIGN_ADD/DSP2/DSP/P[47:0] is not pipelined (PREG=0). Pipelining the DSP48 output will improve performance and often saves power so it is suggested whenever possible to fully pipeline this function.  If this DSP48 function was inferred, it is suggested to describe an additional register stage after this function.  If the DSP48 was instantiated in the design, it is suggested to set the PREG attribute to 1.
Related violations: <none>

DPOP-1#3 Warning
PREG Output pipelining  
DSP top_mem_DualPort_and_FFT/FFT_Reorder_x_num_wrapper/FFT_Reorder_x_num_i/Reorder_fft_0/inst/Reorder_fft_fadd_hbi_U1/Reorder_fft_ap_fadd_6_full_dsp_32_u/U0/i_synth/ADDSUB_OP.ADDSUB/SPEED_OP.DSP.OP/DSP48E1_BODY.NORM_RND/FULL_USAGE_DSP.SHIFT_RND/DSP output top_mem_DualPort_and_FFT/FFT_Reorder_x_num_wrapper/FFT_Reorder_x_num_i/Reorder_fft_0/inst/Reorder_fft_fadd_hbi_U1/Reorder_fft_ap_fadd_6_full_dsp_32_u/U0/i_synth/ADDSUB_OP.ADDSUB/SPEED_OP.DSP.OP/DSP48E1_BODY.NORM_RND/FULL_USAGE_DSP.SHIFT_RND/DSP/P[47:0] is not pipelined (PREG=0). Pipelining the DSP48 output will improve performance and often saves power so it is suggested whenever possible to fully pipeline this function.  If this DSP48 function was inferred, it is suggested to describe an additional register stage after this function.  If the DSP48 was instantiated in the design, it is suggested to set the PREG attribute to 1.
Related violations: <none>

DPOP-1#4 Warning
PREG Output pipelining  
DSP top_mem_DualPort_and_FFT/FFT_Reorder_x_num_wrapper/FFT_Reorder_x_num_i/Reorder_fft_0/inst/Reorder_fft_fadd_hbi_U2/Reorder_fft_ap_fadd_6_full_dsp_32_u/U0/i_synth/ADDSUB_OP.ADDSUB/SPEED_OP.DSP.OP/DSP48E1_BODY.ALIGN_ADD/DSP2/DSP output top_mem_DualPort_and_FFT/FFT_Reorder_x_num_wrapper/FFT_Reorder_x_num_i/Reorder_fft_0/inst/Reorder_fft_fadd_hbi_U2/Reorder_fft_ap_fadd_6_full_dsp_32_u/U0/i_synth/ADDSUB_OP.ADDSUB/SPEED_OP.DSP.OP/DSP48E1_BODY.ALIGN_ADD/DSP2/DSP/PATTERNDETECT is not pipelined (PREG=0). Pipelining the DSP48 output will improve performance and often saves power so it is suggested whenever possible to fully pipeline this function.  If this DSP48 function was inferred, it is suggested to describe an additional register stage after this function.  If the DSP48 was instantiated in the design, it is suggested to set the PREG attribute to 1.
Related violations: <none>

DPOP-1#5 Warning
PREG Output pipelining  
DSP top_mem_DualPort_and_FFT/FFT_Reorder_x_num_wrapper/FFT_Reorder_x_num_i/Reorder_fft_0/inst/Reorder_fft_fadd_hbi_U2/Reorder_fft_ap_fadd_6_full_dsp_32_u/U0/i_synth/ADDSUB_OP.ADDSUB/SPEED_OP.DSP.OP/DSP48E1_BODY.ALIGN_ADD/DSP2/DSP output top_mem_DualPort_and_FFT/FFT_Reorder_x_num_wrapper/FFT_Reorder_x_num_i/Reorder_fft_0/inst/Reorder_fft_fadd_hbi_U2/Reorder_fft_ap_fadd_6_full_dsp_32_u/U0/i_synth/ADDSUB_OP.ADDSUB/SPEED_OP.DSP.OP/DSP48E1_BODY.ALIGN_ADD/DSP2/DSP/P[47:0] is not pipelined (PREG=0). Pipelining the DSP48 output will improve performance and often saves power so it is suggested whenever possible to fully pipeline this function.  If this DSP48 function was inferred, it is suggested to describe an additional register stage after this function.  If the DSP48 was instantiated in the design, it is suggested to set the PREG attribute to 1.
Related violations: <none>

DPOP-1#6 Warning
PREG Output pipelining  
DSP top_mem_DualPort_and_FFT/FFT_Reorder_x_num_wrapper/FFT_Reorder_x_num_i/Reorder_fft_0/inst/Reorder_fft_fadd_hbi_U2/Reorder_fft_ap_fadd_6_full_dsp_32_u/U0/i_synth/ADDSUB_OP.ADDSUB/SPEED_OP.DSP.OP/DSP48E1_BODY.NORM_RND/FULL_USAGE_DSP.SHIFT_RND/DSP output top_mem_DualPort_and_FFT/FFT_Reorder_x_num_wrapper/FFT_Reorder_x_num_i/Reorder_fft_0/inst/Reorder_fft_fadd_hbi_U2/Reorder_fft_ap_fadd_6_full_dsp_32_u/U0/i_synth/ADDSUB_OP.ADDSUB/SPEED_OP.DSP.OP/DSP48E1_BODY.NORM_RND/FULL_USAGE_DSP.SHIFT_RND/DSP/P[47:0] is not pipelined (PREG=0). Pipelining the DSP48 output will improve performance and often saves power so it is suggested whenever possible to fully pipeline this function.  If this DSP48 function was inferred, it is suggested to describe an additional register stage after this function.  If the DSP48 was instantiated in the design, it is suggested to set the PREG attribute to 1.
Related violations: <none>

DPOP-1#7 Warning
PREG Output pipelining  
DSP top_mem_DualPort_and_FFT/FFT_Reorder_x_num_wrapper/FFT_Reorder_x_num_i/Reorder_fft_0/inst/Reorder_fft_fadd_hbi_U3/Reorder_fft_ap_fadd_6_full_dsp_32_u/U0/i_synth/ADDSUB_OP.ADDSUB/SPEED_OP.DSP.OP/DSP48E1_BODY.ALIGN_ADD/DSP2/DSP output top_mem_DualPort_and_FFT/FFT_Reorder_x_num_wrapper/FFT_Reorder_x_num_i/Reorder_fft_0/inst/Reorder_fft_fadd_hbi_U3/Reorder_fft_ap_fadd_6_full_dsp_32_u/U0/i_synth/ADDSUB_OP.ADDSUB/SPEED_OP.DSP.OP/DSP48E1_BODY.ALIGN_ADD/DSP2/DSP/PATTERNDETECT is not pipelined (PREG=0). Pipelining the DSP48 output will improve performance and often saves power so it is suggested whenever possible to fully pipeline this function.  If this DSP48 function was inferred, it is suggested to describe an additional register stage after this function.  If the DSP48 was instantiated in the design, it is suggested to set the PREG attribute to 1.
Related violations: <none>

DPOP-1#8 Warning
PREG Output pipelining  
DSP top_mem_DualPort_and_FFT/FFT_Reorder_x_num_wrapper/FFT_Reorder_x_num_i/Reorder_fft_0/inst/Reorder_fft_fadd_hbi_U3/Reorder_fft_ap_fadd_6_full_dsp_32_u/U0/i_synth/ADDSUB_OP.ADDSUB/SPEED_OP.DSP.OP/DSP48E1_BODY.ALIGN_ADD/DSP2/DSP output top_mem_DualPort_and_FFT/FFT_Reorder_x_num_wrapper/FFT_Reorder_x_num_i/Reorder_fft_0/inst/Reorder_fft_fadd_hbi_U3/Reorder_fft_ap_fadd_6_full_dsp_32_u/U0/i_synth/ADDSUB_OP.ADDSUB/SPEED_OP.DSP.OP/DSP48E1_BODY.ALIGN_ADD/DSP2/DSP/P[47:0] is not pipelined (PREG=0). Pipelining the DSP48 output will improve performance and often saves power so it is suggested whenever possible to fully pipeline this function.  If this DSP48 function was inferred, it is suggested to describe an additional register stage after this function.  If the DSP48 was instantiated in the design, it is suggested to set the PREG attribute to 1.
Related violations: <none>

DPOP-1#9 Warning
PREG Output pipelining  
DSP top_mem_DualPort_and_FFT/FFT_Reorder_x_num_wrapper/FFT_Reorder_x_num_i/Reorder_fft_0/inst/Reorder_fft_fadd_hbi_U3/Reorder_fft_ap_fadd_6_full_dsp_32_u/U0/i_synth/ADDSUB_OP.ADDSUB/SPEED_OP.DSP.OP/DSP48E1_BODY.NORM_RND/FULL_USAGE_DSP.SHIFT_RND/DSP output top_mem_DualPort_and_FFT/FFT_Reorder_x_num_wrapper/FFT_Reorder_x_num_i/Reorder_fft_0/inst/Reorder_fft_fadd_hbi_U3/Reorder_fft_ap_fadd_6_full_dsp_32_u/U0/i_synth/ADDSUB_OP.ADDSUB/SPEED_OP.DSP.OP/DSP48E1_BODY.NORM_RND/FULL_USAGE_DSP.SHIFT_RND/DSP/P[47:0] is not pipelined (PREG=0). Pipelining the DSP48 output will improve performance and often saves power so it is suggested whenever possible to fully pipeline this function.  If this DSP48 function was inferred, it is suggested to describe an additional register stage after this function.  If the DSP48 was instantiated in the design, it is suggested to set the PREG attribute to 1.
Related violations: <none>

DPOP-1#10 Warning
PREG Output pipelining  
DSP top_mem_DualPort_and_FFT/FFT_Reorder_x_num_wrapper/FFT_Reorder_x_num_i/Reorder_fft_0/inst/Reorder_fft_fadd_hbi_U4/Reorder_fft_ap_fadd_6_full_dsp_32_u/U0/i_synth/ADDSUB_OP.ADDSUB/SPEED_OP.DSP.OP/DSP48E1_BODY.ALIGN_ADD/DSP2/DSP output top_mem_DualPort_and_FFT/FFT_Reorder_x_num_wrapper/FFT_Reorder_x_num_i/Reorder_fft_0/inst/Reorder_fft_fadd_hbi_U4/Reorder_fft_ap_fadd_6_full_dsp_32_u/U0/i_synth/ADDSUB_OP.ADDSUB/SPEED_OP.DSP.OP/DSP48E1_BODY.ALIGN_ADD/DSP2/DSP/PATTERNDETECT is not pipelined (PREG=0). Pipelining the DSP48 output will improve performance and often saves power so it is suggested whenever possible to fully pipeline this function.  If this DSP48 function was inferred, it is suggested to describe an additional register stage after this function.  If the DSP48 was instantiated in the design, it is suggested to set the PREG attribute to 1.
Related violations: <none>

DPOP-1#11 Warning
PREG Output pipelining  
DSP top_mem_DualPort_and_FFT/FFT_Reorder_x_num_wrapper/FFT_Reorder_x_num_i/Reorder_fft_0/inst/Reorder_fft_fadd_hbi_U4/Reorder_fft_ap_fadd_6_full_dsp_32_u/U0/i_synth/ADDSUB_OP.ADDSUB/SPEED_OP.DSP.OP/DSP48E1_BODY.ALIGN_ADD/DSP2/DSP output top_mem_DualPort_and_FFT/FFT_Reorder_x_num_wrapper/FFT_Reorder_x_num_i/Reorder_fft_0/inst/Reorder_fft_fadd_hbi_U4/Reorder_fft_ap_fadd_6_full_dsp_32_u/U0/i_synth/ADDSUB_OP.ADDSUB/SPEED_OP.DSP.OP/DSP48E1_BODY.ALIGN_ADD/DSP2/DSP/P[47:0] is not pipelined (PREG=0). Pipelining the DSP48 output will improve performance and often saves power so it is suggested whenever possible to fully pipeline this function.  If this DSP48 function was inferred, it is suggested to describe an additional register stage after this function.  If the DSP48 was instantiated in the design, it is suggested to set the PREG attribute to 1.
Related violations: <none>

DPOP-1#12 Warning
PREG Output pipelining  
DSP top_mem_DualPort_and_FFT/FFT_Reorder_x_num_wrapper/FFT_Reorder_x_num_i/Reorder_fft_0/inst/Reorder_fft_fadd_hbi_U4/Reorder_fft_ap_fadd_6_full_dsp_32_u/U0/i_synth/ADDSUB_OP.ADDSUB/SPEED_OP.DSP.OP/DSP48E1_BODY.NORM_RND/FULL_USAGE_DSP.SHIFT_RND/DSP output top_mem_DualPort_and_FFT/FFT_Reorder_x_num_wrapper/FFT_Reorder_x_num_i/Reorder_fft_0/inst/Reorder_fft_fadd_hbi_U4/Reorder_fft_ap_fadd_6_full_dsp_32_u/U0/i_synth/ADDSUB_OP.ADDSUB/SPEED_OP.DSP.OP/DSP48E1_BODY.NORM_RND/FULL_USAGE_DSP.SHIFT_RND/DSP/P[47:0] is not pipelined (PREG=0). Pipelining the DSP48 output will improve performance and often saves power so it is suggested whenever possible to fully pipeline this function.  If this DSP48 function was inferred, it is suggested to describe an additional register stage after this function.  If the DSP48 was instantiated in the design, it is suggested to set the PREG attribute to 1.
Related violations: <none>

DPOP-1#13 Warning
PREG Output pipelining  
DSP top_mem_DualPort_and_FFT/FFT_Reorder_x_num_wrapper/FFT_Reorder_x_num_i/Reorder_fft_0/inst/Reorder_fft_fadd_hbi_U5/Reorder_fft_ap_fadd_6_full_dsp_32_u/U0/i_synth/ADDSUB_OP.ADDSUB/SPEED_OP.DSP.OP/DSP48E1_BODY.ALIGN_ADD/DSP2/DSP output top_mem_DualPort_and_FFT/FFT_Reorder_x_num_wrapper/FFT_Reorder_x_num_i/Reorder_fft_0/inst/Reorder_fft_fadd_hbi_U5/Reorder_fft_ap_fadd_6_full_dsp_32_u/U0/i_synth/ADDSUB_OP.ADDSUB/SPEED_OP.DSP.OP/DSP48E1_BODY.ALIGN_ADD/DSP2/DSP/PATTERNDETECT is not pipelined (PREG=0). Pipelining the DSP48 output will improve performance and often saves power so it is suggested whenever possible to fully pipeline this function.  If this DSP48 function was inferred, it is suggested to describe an additional register stage after this function.  If the DSP48 was instantiated in the design, it is suggested to set the PREG attribute to 1.
Related violations: <none>

DPOP-1#14 Warning
PREG Output pipelining  
DSP top_mem_DualPort_and_FFT/FFT_Reorder_x_num_wrapper/FFT_Reorder_x_num_i/Reorder_fft_0/inst/Reorder_fft_fadd_hbi_U5/Reorder_fft_ap_fadd_6_full_dsp_32_u/U0/i_synth/ADDSUB_OP.ADDSUB/SPEED_OP.DSP.OP/DSP48E1_BODY.ALIGN_ADD/DSP2/DSP output top_mem_DualPort_and_FFT/FFT_Reorder_x_num_wrapper/FFT_Reorder_x_num_i/Reorder_fft_0/inst/Reorder_fft_fadd_hbi_U5/Reorder_fft_ap_fadd_6_full_dsp_32_u/U0/i_synth/ADDSUB_OP.ADDSUB/SPEED_OP.DSP.OP/DSP48E1_BODY.ALIGN_ADD/DSP2/DSP/P[47:0] is not pipelined (PREG=0). Pipelining the DSP48 output will improve performance and often saves power so it is suggested whenever possible to fully pipeline this function.  If this DSP48 function was inferred, it is suggested to describe an additional register stage after this function.  If the DSP48 was instantiated in the design, it is suggested to set the PREG attribute to 1.
Related violations: <none>

DPOP-1#15 Warning
PREG Output pipelining  
DSP top_mem_DualPort_and_FFT/FFT_Reorder_x_num_wrapper/FFT_Reorder_x_num_i/Reorder_fft_0/inst/Reorder_fft_fadd_hbi_U5/Reorder_fft_ap_fadd_6_full_dsp_32_u/U0/i_synth/ADDSUB_OP.ADDSUB/SPEED_OP.DSP.OP/DSP48E1_BODY.NORM_RND/FULL_USAGE_DSP.SHIFT_RND/DSP output top_mem_DualPort_and_FFT/FFT_Reorder_x_num_wrapper/FFT_Reorder_x_num_i/Reorder_fft_0/inst/Reorder_fft_fadd_hbi_U5/Reorder_fft_ap_fadd_6_full_dsp_32_u/U0/i_synth/ADDSUB_OP.ADDSUB/SPEED_OP.DSP.OP/DSP48E1_BODY.NORM_RND/FULL_USAGE_DSP.SHIFT_RND/DSP/P[47:0] is not pipelined (PREG=0). Pipelining the DSP48 output will improve performance and often saves power so it is suggested whenever possible to fully pipeline this function.  If this DSP48 function was inferred, it is suggested to describe an additional register stage after this function.  If the DSP48 was instantiated in the design, it is suggested to set the PREG attribute to 1.
Related violations: <none>

DPOP-1#16 Warning
PREG Output pipelining  
DSP top_mem_DualPort_and_FFT/FFT_Reorder_x_num_wrapper/FFT_Reorder_x_num_i/Reorder_fft_0/inst/Reorder_fft_fadd_hbi_U6/Reorder_fft_ap_fadd_6_full_dsp_32_u/U0/i_synth/ADDSUB_OP.ADDSUB/SPEED_OP.DSP.OP/DSP48E1_BODY.ALIGN_ADD/DSP2/DSP output top_mem_DualPort_and_FFT/FFT_Reorder_x_num_wrapper/FFT_Reorder_x_num_i/Reorder_fft_0/inst/Reorder_fft_fadd_hbi_U6/Reorder_fft_ap_fadd_6_full_dsp_32_u/U0/i_synth/ADDSUB_OP.ADDSUB/SPEED_OP.DSP.OP/DSP48E1_BODY.ALIGN_ADD/DSP2/DSP/PATTERNDETECT is not pipelined (PREG=0). Pipelining the DSP48 output will improve performance and often saves power so it is suggested whenever possible to fully pipeline this function.  If this DSP48 function was inferred, it is suggested to describe an additional register stage after this function.  If the DSP48 was instantiated in the design, it is suggested to set the PREG attribute to 1.
Related violations: <none>

DPOP-1#17 Warning
PREG Output pipelining  
DSP top_mem_DualPort_and_FFT/FFT_Reorder_x_num_wrapper/FFT_Reorder_x_num_i/Reorder_fft_0/inst/Reorder_fft_fadd_hbi_U6/Reorder_fft_ap_fadd_6_full_dsp_32_u/U0/i_synth/ADDSUB_OP.ADDSUB/SPEED_OP.DSP.OP/DSP48E1_BODY.ALIGN_ADD/DSP2/DSP output top_mem_DualPort_and_FFT/FFT_Reorder_x_num_wrapper/FFT_Reorder_x_num_i/Reorder_fft_0/inst/Reorder_fft_fadd_hbi_U6/Reorder_fft_ap_fadd_6_full_dsp_32_u/U0/i_synth/ADDSUB_OP.ADDSUB/SPEED_OP.DSP.OP/DSP48E1_BODY.ALIGN_ADD/DSP2/DSP/P[47:0] is not pipelined (PREG=0). Pipelining the DSP48 output will improve performance and often saves power so it is suggested whenever possible to fully pipeline this function.  If this DSP48 function was inferred, it is suggested to describe an additional register stage after this function.  If the DSP48 was instantiated in the design, it is suggested to set the PREG attribute to 1.
Related violations: <none>

DPOP-1#18 Warning
PREG Output pipelining  
DSP top_mem_DualPort_and_FFT/FFT_Reorder_x_num_wrapper/FFT_Reorder_x_num_i/Reorder_fft_0/inst/Reorder_fft_fadd_hbi_U6/Reorder_fft_ap_fadd_6_full_dsp_32_u/U0/i_synth/ADDSUB_OP.ADDSUB/SPEED_OP.DSP.OP/DSP48E1_BODY.NORM_RND/FULL_USAGE_DSP.SHIFT_RND/DSP output top_mem_DualPort_and_FFT/FFT_Reorder_x_num_wrapper/FFT_Reorder_x_num_i/Reorder_fft_0/inst/Reorder_fft_fadd_hbi_U6/Reorder_fft_ap_fadd_6_full_dsp_32_u/U0/i_synth/ADDSUB_OP.ADDSUB/SPEED_OP.DSP.OP/DSP48E1_BODY.NORM_RND/FULL_USAGE_DSP.SHIFT_RND/DSP/P[47:0] is not pipelined (PREG=0). Pipelining the DSP48 output will improve performance and often saves power so it is suggested whenever possible to fully pipeline this function.  If this DSP48 function was inferred, it is suggested to describe an additional register stage after this function.  If the DSP48 was instantiated in the design, it is suggested to set the PREG attribute to 1.
Related violations: <none>

DPOP-1#19 Warning
PREG Output pipelining  
DSP top_mem_DualPort_and_FFT/FFT_Reorder_x_num_wrapper/FFT_Reorder_x_num_i/Reorder_fft_0/inst/Reorder_fft_fadd_hbi_U7/Reorder_fft_ap_fadd_6_full_dsp_32_u/U0/i_synth/ADDSUB_OP.ADDSUB/SPEED_OP.DSP.OP/DSP48E1_BODY.ALIGN_ADD/DSP2/DSP output top_mem_DualPort_and_FFT/FFT_Reorder_x_num_wrapper/FFT_Reorder_x_num_i/Reorder_fft_0/inst/Reorder_fft_fadd_hbi_U7/Reorder_fft_ap_fadd_6_full_dsp_32_u/U0/i_synth/ADDSUB_OP.ADDSUB/SPEED_OP.DSP.OP/DSP48E1_BODY.ALIGN_ADD/DSP2/DSP/PATTERNDETECT is not pipelined (PREG=0). Pipelining the DSP48 output will improve performance and often saves power so it is suggested whenever possible to fully pipeline this function.  If this DSP48 function was inferred, it is suggested to describe an additional register stage after this function.  If the DSP48 was instantiated in the design, it is suggested to set the PREG attribute to 1.
Related violations: <none>

DPOP-1#20 Warning
PREG Output pipelining  
DSP top_mem_DualPort_and_FFT/FFT_Reorder_x_num_wrapper/FFT_Reorder_x_num_i/Reorder_fft_0/inst/Reorder_fft_fadd_hbi_U7/Reorder_fft_ap_fadd_6_full_dsp_32_u/U0/i_synth/ADDSUB_OP.ADDSUB/SPEED_OP.DSP.OP/DSP48E1_BODY.ALIGN_ADD/DSP2/DSP output top_mem_DualPort_and_FFT/FFT_Reorder_x_num_wrapper/FFT_Reorder_x_num_i/Reorder_fft_0/inst/Reorder_fft_fadd_hbi_U7/Reorder_fft_ap_fadd_6_full_dsp_32_u/U0/i_synth/ADDSUB_OP.ADDSUB/SPEED_OP.DSP.OP/DSP48E1_BODY.ALIGN_ADD/DSP2/DSP/P[47:0] is not pipelined (PREG=0). Pipelining the DSP48 output will improve performance and often saves power so it is suggested whenever possible to fully pipeline this function.  If this DSP48 function was inferred, it is suggested to describe an additional register stage after this function.  If the DSP48 was instantiated in the design, it is suggested to set the PREG attribute to 1.
Related violations: <none>

DPOP-1#21 Warning
PREG Output pipelining  
DSP top_mem_DualPort_and_FFT/FFT_Reorder_x_num_wrapper/FFT_Reorder_x_num_i/Reorder_fft_0/inst/Reorder_fft_fadd_hbi_U7/Reorder_fft_ap_fadd_6_full_dsp_32_u/U0/i_synth/ADDSUB_OP.ADDSUB/SPEED_OP.DSP.OP/DSP48E1_BODY.NORM_RND/FULL_USAGE_DSP.SHIFT_RND/DSP output top_mem_DualPort_and_FFT/FFT_Reorder_x_num_wrapper/FFT_Reorder_x_num_i/Reorder_fft_0/inst/Reorder_fft_fadd_hbi_U7/Reorder_fft_ap_fadd_6_full_dsp_32_u/U0/i_synth/ADDSUB_OP.ADDSUB/SPEED_OP.DSP.OP/DSP48E1_BODY.NORM_RND/FULL_USAGE_DSP.SHIFT_RND/DSP/P[47:0] is not pipelined (PREG=0). Pipelining the DSP48 output will improve performance and often saves power so it is suggested whenever possible to fully pipeline this function.  If this DSP48 function was inferred, it is suggested to describe an additional register stage after this function.  If the DSP48 was instantiated in the design, it is suggested to set the PREG attribute to 1.
Related violations: <none>

DPOP-1#22 Warning
PREG Output pipelining  
DSP top_mem_DualPort_and_FFT/FFT_Reorder_x_num_wrapper/FFT_Reorder_x_num_i/Reorder_fft_0/inst/Reorder_fft_fadd_hbi_U8/Reorder_fft_ap_fadd_6_full_dsp_32_u/U0/i_synth/ADDSUB_OP.ADDSUB/SPEED_OP.DSP.OP/DSP48E1_BODY.ALIGN_ADD/DSP2/DSP output top_mem_DualPort_and_FFT/FFT_Reorder_x_num_wrapper/FFT_Reorder_x_num_i/Reorder_fft_0/inst/Reorder_fft_fadd_hbi_U8/Reorder_fft_ap_fadd_6_full_dsp_32_u/U0/i_synth/ADDSUB_OP.ADDSUB/SPEED_OP.DSP.OP/DSP48E1_BODY.ALIGN_ADD/DSP2/DSP/PATTERNDETECT is not pipelined (PREG=0). Pipelining the DSP48 output will improve performance and often saves power so it is suggested whenever possible to fully pipeline this function.  If this DSP48 function was inferred, it is suggested to describe an additional register stage after this function.  If the DSP48 was instantiated in the design, it is suggested to set the PREG attribute to 1.
Related violations: <none>

DPOP-1#23 Warning
PREG Output pipelining  
DSP top_mem_DualPort_and_FFT/FFT_Reorder_x_num_wrapper/FFT_Reorder_x_num_i/Reorder_fft_0/inst/Reorder_fft_fadd_hbi_U8/Reorder_fft_ap_fadd_6_full_dsp_32_u/U0/i_synth/ADDSUB_OP.ADDSUB/SPEED_OP.DSP.OP/DSP48E1_BODY.ALIGN_ADD/DSP2/DSP output top_mem_DualPort_and_FFT/FFT_Reorder_x_num_wrapper/FFT_Reorder_x_num_i/Reorder_fft_0/inst/Reorder_fft_fadd_hbi_U8/Reorder_fft_ap_fadd_6_full_dsp_32_u/U0/i_synth/ADDSUB_OP.ADDSUB/SPEED_OP.DSP.OP/DSP48E1_BODY.ALIGN_ADD/DSP2/DSP/P[47:0] is not pipelined (PREG=0). Pipelining the DSP48 output will improve performance and often saves power so it is suggested whenever possible to fully pipeline this function.  If this DSP48 function was inferred, it is suggested to describe an additional register stage after this function.  If the DSP48 was instantiated in the design, it is suggested to set the PREG attribute to 1.
Related violations: <none>

DPOP-1#24 Warning
PREG Output pipelining  
DSP top_mem_DualPort_and_FFT/FFT_Reorder_x_num_wrapper/FFT_Reorder_x_num_i/Reorder_fft_0/inst/Reorder_fft_fadd_hbi_U8/Reorder_fft_ap_fadd_6_full_dsp_32_u/U0/i_synth/ADDSUB_OP.ADDSUB/SPEED_OP.DSP.OP/DSP48E1_BODY.NORM_RND/FULL_USAGE_DSP.SHIFT_RND/DSP output top_mem_DualPort_and_FFT/FFT_Reorder_x_num_wrapper/FFT_Reorder_x_num_i/Reorder_fft_0/inst/Reorder_fft_fadd_hbi_U8/Reorder_fft_ap_fadd_6_full_dsp_32_u/U0/i_synth/ADDSUB_OP.ADDSUB/SPEED_OP.DSP.OP/DSP48E1_BODY.NORM_RND/FULL_USAGE_DSP.SHIFT_RND/DSP/P[47:0] is not pipelined (PREG=0). Pipelining the DSP48 output will improve performance and often saves power so it is suggested whenever possible to fully pipeline this function.  If this DSP48 function was inferred, it is suggested to describe an additional register stage after this function.  If the DSP48 was instantiated in the design, it is suggested to set the PREG attribute to 1.
Related violations: <none>

DPREG-4#1 Warning
DSP48E1_PregDynOpmodeZmuxP:  
The DSP48E1 cell top_mem_DualPort_and_FFT/FFT_Reorder_x_num_wrapper/FFT_Reorder_x_num_i/Reorder_fft_0/inst/Reorder_fft_fadd_hbi_U1/Reorder_fft_ap_fadd_6_full_dsp_32_u/U0/i_synth/ADDSUB_OP.ADDSUB/SPEED_OP.DSP.OP/DSP48E1_BODY.ALIGN_ADD/DSP2/DSP with the given dynamic OPMODE[6:0] connections may lead to an unregistered asynchronous feedback path without the PREG attribute enabled. Please refer to the user guide and if one of the internal P feedback opmodes is possible for this design the PREG attribute must be set to 1, currently set to 0
Related violations: <none>

DPREG-4#2 Warning
DSP48E1_PregDynOpmodeZmuxP:  
The DSP48E1 cell top_mem_DualPort_and_FFT/FFT_Reorder_x_num_wrapper/FFT_Reorder_x_num_i/Reorder_fft_0/inst/Reorder_fft_fadd_hbi_U2/Reorder_fft_ap_fadd_6_full_dsp_32_u/U0/i_synth/ADDSUB_OP.ADDSUB/SPEED_OP.DSP.OP/DSP48E1_BODY.ALIGN_ADD/DSP2/DSP with the given dynamic OPMODE[6:0] connections may lead to an unregistered asynchronous feedback path without the PREG attribute enabled. Please refer to the user guide and if one of the internal P feedback opmodes is possible for this design the PREG attribute must be set to 1, currently set to 0
Related violations: <none>

DPREG-4#3 Warning
DSP48E1_PregDynOpmodeZmuxP:  
The DSP48E1 cell top_mem_DualPort_and_FFT/FFT_Reorder_x_num_wrapper/FFT_Reorder_x_num_i/Reorder_fft_0/inst/Reorder_fft_fadd_hbi_U3/Reorder_fft_ap_fadd_6_full_dsp_32_u/U0/i_synth/ADDSUB_OP.ADDSUB/SPEED_OP.DSP.OP/DSP48E1_BODY.ALIGN_ADD/DSP2/DSP with the given dynamic OPMODE[6:0] connections may lead to an unregistered asynchronous feedback path without the PREG attribute enabled. Please refer to the user guide and if one of the internal P feedback opmodes is possible for this design the PREG attribute must be set to 1, currently set to 0
Related violations: <none>

DPREG-4#4 Warning
DSP48E1_PregDynOpmodeZmuxP:  
The DSP48E1 cell top_mem_DualPort_and_FFT/FFT_Reorder_x_num_wrapper/FFT_Reorder_x_num_i/Reorder_fft_0/inst/Reorder_fft_fadd_hbi_U4/Reorder_fft_ap_fadd_6_full_dsp_32_u/U0/i_synth/ADDSUB_OP.ADDSUB/SPEED_OP.DSP.OP/DSP48E1_BODY.ALIGN_ADD/DSP2/DSP with the given dynamic OPMODE[6:0] connections may lead to an unregistered asynchronous feedback path without the PREG attribute enabled. Please refer to the user guide and if one of the internal P feedback opmodes is possible for this design the PREG attribute must be set to 1, currently set to 0
Related violations: <none>

DPREG-4#5 Warning
DSP48E1_PregDynOpmodeZmuxP:  
The DSP48E1 cell top_mem_DualPort_and_FFT/FFT_Reorder_x_num_wrapper/FFT_Reorder_x_num_i/Reorder_fft_0/inst/Reorder_fft_fadd_hbi_U5/Reorder_fft_ap_fadd_6_full_dsp_32_u/U0/i_synth/ADDSUB_OP.ADDSUB/SPEED_OP.DSP.OP/DSP48E1_BODY.ALIGN_ADD/DSP2/DSP with the given dynamic OPMODE[6:0] connections may lead to an unregistered asynchronous feedback path without the PREG attribute enabled. Please refer to the user guide and if one of the internal P feedback opmodes is possible for this design the PREG attribute must be set to 1, currently set to 0
Related violations: <none>

DPREG-4#6 Warning
DSP48E1_PregDynOpmodeZmuxP:  
The DSP48E1 cell top_mem_DualPort_and_FFT/FFT_Reorder_x_num_wrapper/FFT_Reorder_x_num_i/Reorder_fft_0/inst/Reorder_fft_fadd_hbi_U6/Reorder_fft_ap_fadd_6_full_dsp_32_u/U0/i_synth/ADDSUB_OP.ADDSUB/SPEED_OP.DSP.OP/DSP48E1_BODY.ALIGN_ADD/DSP2/DSP with the given dynamic OPMODE[6:0] connections may lead to an unregistered asynchronous feedback path without the PREG attribute enabled. Please refer to the user guide and if one of the internal P feedback opmodes is possible for this design the PREG attribute must be set to 1, currently set to 0
Related violations: <none>

DPREG-4#7 Warning
DSP48E1_PregDynOpmodeZmuxP:  
The DSP48E1 cell top_mem_DualPort_and_FFT/FFT_Reorder_x_num_wrapper/FFT_Reorder_x_num_i/Reorder_fft_0/inst/Reorder_fft_fadd_hbi_U7/Reorder_fft_ap_fadd_6_full_dsp_32_u/U0/i_synth/ADDSUB_OP.ADDSUB/SPEED_OP.DSP.OP/DSP48E1_BODY.ALIGN_ADD/DSP2/DSP with the given dynamic OPMODE[6:0] connections may lead to an unregistered asynchronous feedback path without the PREG attribute enabled. Please refer to the user guide and if one of the internal P feedback opmodes is possible for this design the PREG attribute must be set to 1, currently set to 0
Related violations: <none>

DPREG-4#8 Warning
DSP48E1_PregDynOpmodeZmuxP:  
The DSP48E1 cell top_mem_DualPort_and_FFT/FFT_Reorder_x_num_wrapper/FFT_Reorder_x_num_i/Reorder_fft_0/inst/Reorder_fft_fadd_hbi_U8/Reorder_fft_ap_fadd_6_full_dsp_32_u/U0/i_synth/ADDSUB_OP.ADDSUB/SPEED_OP.DSP.OP/DSP48E1_BODY.ALIGN_ADD/DSP2/DSP with the given dynamic OPMODE[6:0] connections may lead to an unregistered asynchronous feedback path without the PREG attribute enabled. Please refer to the user guide and if one of the internal P feedback opmodes is possible for this design the PREG attribute must be set to 1, currently set to 0
Related violations: <none>

PLHOLDVIO-2#1 Warning
Non-Optimal connections which could lead to hold violations  
A LUT riffa/riffa_inst/channels[0].channel/channel/rxPort/mainFifo/fifo/wrPtrFull/rDir_i_1 is driving clock pin of 1 cells. This could lead to large hold time violations. Involved cells are:
riffa/riffa_inst/channels[0].channel/channel/rxPort/mainFifo/fifo/asyncCompare/rDir_reg
Related violations: <none>

PLHOLDVIO-2#2 Warning
Non-Optimal connections which could lead to hold violations  
A LUT riffa/riffa_inst/channels[0].channel/channel/txPort/gate/fifo/wrPtrFull/rDir_i_1__0 is driving clock pin of 1 cells. This could lead to large hold time violations. Involved cells are:
riffa/riffa_inst/channels[0].channel/channel/txPort/gate/fifo/asyncCompare/rDir_reg
Related violations: <none>

PLHOLDVIO-2#3 Warning
Non-Optimal connections which could lead to hold violations  
A LUT riffa/riffa_inst/channels[1].channel/channel/rxPort/mainFifo/fifo/wrPtrFull/rDir_i_1__1 is driving clock pin of 1 cells. This could lead to large hold time violations. Involved cells are:
riffa/riffa_inst/channels[1].channel/channel/rxPort/mainFifo/fifo/asyncCompare/rDir_reg
Related violations: <none>

PLHOLDVIO-2#4 Warning
Non-Optimal connections which could lead to hold violations  
A LUT riffa/riffa_inst/channels[1].channel/channel/txPort/gate/fifo/wrPtrFull/rDir_i_1__2 is driving clock pin of 1 cells. This could lead to large hold time violations. Involved cells are:
riffa/riffa_inst/channels[1].channel/channel/txPort/gate/fifo/asyncCompare/rDir_reg
Related violations: <none>

REQP-1839#1 Warning
RAMB36 async control check  
The RAMB36E1 riffa/riffa_inst/channels[0].channel/channel/rxPort/mainFifo/fifo/mem/rRAM_reg_0 has an input control pin riffa/riffa_inst/channels[0].channel/channel/rxPort/mainFifo/fifo/mem/rRAM_reg_0/ADDRARDADDR[10] (net: riffa/riffa_inst/channels[0].channel/channel/rxPort/mainFifo/fifo/mem/wWrPtr[5]) which is driven by a register (riffa/riffa_inst/channels[0].channel/channel/rxPort/mainFifo/fifo/wrPtrFull/rPtr_reg[5]) that has an active asychronous set or reset. This may cause corruption of the memory contents and/or read values when the set/reset is asserted and is not analyzed by the default static timing analysis. It is suggested to eliminate the use of a set/reset to registers driving this RAMB pin or else use a synchronous reset in which the assertion of the reset is timed by default.
Related violations: <none>

REQP-1839#2 Warning
RAMB36 async control check  
The RAMB36E1 riffa/riffa_inst/channels[0].channel/channel/rxPort/mainFifo/fifo/mem/rRAM_reg_0 has an input control pin riffa/riffa_inst/channels[0].channel/channel/rxPort/mainFifo/fifo/mem/rRAM_reg_0/ADDRARDADDR[11] (net: riffa/riffa_inst/channels[0].channel/channel/rxPort/mainFifo/fifo/mem/wWrPtr[6]) which is driven by a register (riffa/riffa_inst/channels[0].channel/channel/rxPort/mainFifo/fifo/wrPtrFull/rPtr_reg[6]) that has an active asychronous set or reset. This may cause corruption of the memory contents and/or read values when the set/reset is asserted and is not analyzed by the default static timing analysis. It is suggested to eliminate the use of a set/reset to registers driving this RAMB pin or else use a synchronous reset in which the assertion of the reset is timed by default.
Related violations: <none>

REQP-1839#3 Warning
RAMB36 async control check  
The RAMB36E1 riffa/riffa_inst/channels[0].channel/channel/rxPort/mainFifo/fifo/mem/rRAM_reg_0 has an input control pin riffa/riffa_inst/channels[0].channel/channel/rxPort/mainFifo/fifo/mem/rRAM_reg_0/ADDRARDADDR[12] (net: riffa/riffa_inst/channels[0].channel/channel/rxPort/mainFifo/fifo/mem/wWrPtr[7]) which is driven by a register (riffa/riffa_inst/channels[0].channel/channel/rxPort/mainFifo/fifo/wrPtrFull/rPtr_reg[7]) that has an active asychronous set or reset. This may cause corruption of the memory contents and/or read values when the set/reset is asserted and is not analyzed by the default static timing analysis. It is suggested to eliminate the use of a set/reset to registers driving this RAMB pin or else use a synchronous reset in which the assertion of the reset is timed by default.
Related violations: <none>

REQP-1839#4 Warning
RAMB36 async control check  
The RAMB36E1 riffa/riffa_inst/channels[0].channel/channel/rxPort/mainFifo/fifo/mem/rRAM_reg_0 has an input control pin riffa/riffa_inst/channels[0].channel/channel/rxPort/mainFifo/fifo/mem/rRAM_reg_0/ADDRARDADDR[13] (net: riffa/riffa_inst/channels[0].channel/channel/rxPort/mainFifo/fifo/mem/wWrPtr[8]) which is driven by a register (riffa/riffa_inst/channels[0].channel/channel/rxPort/mainFifo/fifo/wrPtrFull/rPtr_reg[8]) that has an active asychronous set or reset. This may cause corruption of the memory contents and/or read values when the set/reset is asserted and is not analyzed by the default static timing analysis. It is suggested to eliminate the use of a set/reset to registers driving this RAMB pin or else use a synchronous reset in which the assertion of the reset is timed by default.
Related violations: <none>

REQP-1839#5 Warning
RAMB36 async control check  
The RAMB36E1 riffa/riffa_inst/channels[0].channel/channel/rxPort/mainFifo/fifo/mem/rRAM_reg_0 has an input control pin riffa/riffa_inst/channels[0].channel/channel/rxPort/mainFifo/fifo/mem/rRAM_reg_0/ADDRARDADDR[14] (net: riffa/riffa_inst/channels[0].channel/channel/rxPort/mainFifo/fifo/mem/wWrPtr[9]) which is driven by a register (riffa/riffa_inst/channels[0].channel/channel/rxPort/mainFifo/fifo/wrPtrFull/rPtr_reg[9]) that has an active asychronous set or reset. This may cause corruption of the memory contents and/or read values when the set/reset is asserted and is not analyzed by the default static timing analysis. It is suggested to eliminate the use of a set/reset to registers driving this RAMB pin or else use a synchronous reset in which the assertion of the reset is timed by default.
Related violations: <none>

REQP-1839#6 Warning
RAMB36 async control check  
The RAMB36E1 riffa/riffa_inst/channels[0].channel/channel/rxPort/mainFifo/fifo/mem/rRAM_reg_0 has an input control pin riffa/riffa_inst/channels[0].channel/channel/rxPort/mainFifo/fifo/mem/rRAM_reg_0/ADDRARDADDR[5] (net: riffa/riffa_inst/channels[0].channel/channel/rxPort/mainFifo/fifo/mem/wWrPtr[0]) which is driven by a register (riffa/riffa_inst/channels[0].channel/channel/rxPort/mainFifo/fifo/wrPtrFull/rPtr_reg[0]) that has an active asychronous set or reset. This may cause corruption of the memory contents and/or read values when the set/reset is asserted and is not analyzed by the default static timing analysis. It is suggested to eliminate the use of a set/reset to registers driving this RAMB pin or else use a synchronous reset in which the assertion of the reset is timed by default.
Related violations: <none>

REQP-1839#7 Warning
RAMB36 async control check  
The RAMB36E1 riffa/riffa_inst/channels[0].channel/channel/rxPort/mainFifo/fifo/mem/rRAM_reg_0 has an input control pin riffa/riffa_inst/channels[0].channel/channel/rxPort/mainFifo/fifo/mem/rRAM_reg_0/ADDRARDADDR[6] (net: riffa/riffa_inst/channels[0].channel/channel/rxPort/mainFifo/fifo/mem/wWrPtr[1]) which is driven by a register (riffa/riffa_inst/channels[0].channel/channel/rxPort/mainFifo/fifo/wrPtrFull/rPtr_reg[1]) that has an active asychronous set or reset. This may cause corruption of the memory contents and/or read values when the set/reset is asserted and is not analyzed by the default static timing analysis. It is suggested to eliminate the use of a set/reset to registers driving this RAMB pin or else use a synchronous reset in which the assertion of the reset is timed by default.
Related violations: <none>

REQP-1839#8 Warning
RAMB36 async control check  
The RAMB36E1 riffa/riffa_inst/channels[0].channel/channel/rxPort/mainFifo/fifo/mem/rRAM_reg_0 has an input control pin riffa/riffa_inst/channels[0].channel/channel/rxPort/mainFifo/fifo/mem/rRAM_reg_0/ADDRARDADDR[7] (net: riffa/riffa_inst/channels[0].channel/channel/rxPort/mainFifo/fifo/mem/wWrPtr[2]) which is driven by a register (riffa/riffa_inst/channels[0].channel/channel/rxPort/mainFifo/fifo/wrPtrFull/rPtr_reg[2]) that has an active asychronous set or reset. This may cause corruption of the memory contents and/or read values when the set/reset is asserted and is not analyzed by the default static timing analysis. It is suggested to eliminate the use of a set/reset to registers driving this RAMB pin or else use a synchronous reset in which the assertion of the reset is timed by default.
Related violations: <none>

REQP-1839#9 Warning
RAMB36 async control check  
The RAMB36E1 riffa/riffa_inst/channels[0].channel/channel/rxPort/mainFifo/fifo/mem/rRAM_reg_0 has an input control pin riffa/riffa_inst/channels[0].channel/channel/rxPort/mainFifo/fifo/mem/rRAM_reg_0/ADDRARDADDR[8] (net: riffa/riffa_inst/channels[0].channel/channel/rxPort/mainFifo/fifo/mem/wWrPtr[3]) which is driven by a register (riffa/riffa_inst/channels[0].channel/channel/rxPort/mainFifo/fifo/wrPtrFull/rPtr_reg[3]) that has an active asychronous set or reset. This may cause corruption of the memory contents and/or read values when the set/reset is asserted and is not analyzed by the default static timing analysis. It is suggested to eliminate the use of a set/reset to registers driving this RAMB pin or else use a synchronous reset in which the assertion of the reset is timed by default.
Related violations: <none>

REQP-1839#10 Warning
RAMB36 async control check  
The RAMB36E1 riffa/riffa_inst/channels[0].channel/channel/rxPort/mainFifo/fifo/mem/rRAM_reg_0 has an input control pin riffa/riffa_inst/channels[0].channel/channel/rxPort/mainFifo/fifo/mem/rRAM_reg_0/ADDRARDADDR[9] (net: riffa/riffa_inst/channels[0].channel/channel/rxPort/mainFifo/fifo/mem/wWrPtr[4]) which is driven by a register (riffa/riffa_inst/channels[0].channel/channel/rxPort/mainFifo/fifo/wrPtrFull/rPtr_reg[4]) that has an active asychronous set or reset. This may cause corruption of the memory contents and/or read values when the set/reset is asserted and is not analyzed by the default static timing analysis. It is suggested to eliminate the use of a set/reset to registers driving this RAMB pin or else use a synchronous reset in which the assertion of the reset is timed by default.
Related violations: <none>

REQP-1839#11 Warning
RAMB36 async control check  
The RAMB36E1 riffa/riffa_inst/channels[0].channel/channel/rxPort/mainFifo/fifo/mem/rRAM_reg_0 has an input control pin riffa/riffa_inst/channels[0].channel/channel/rxPort/mainFifo/fifo/mem/rRAM_reg_0/ADDRBWRADDR[10] (net: riffa/riffa_inst/channels[0].channel/channel/rxPort/mainFifo/fifo/mem/wRdPtr[5]) which is driven by a register (riffa/riffa_inst/channels[0].channel/channel/rxPort/mainFifo/fifo/rdPtrEmpty/rRdPtr_reg[5]) that has an active asychronous set or reset. This may cause corruption of the memory contents and/or read values when the set/reset is asserted and is not analyzed by the default static timing analysis. It is suggested to eliminate the use of a set/reset to registers driving this RAMB pin or else use a synchronous reset in which the assertion of the reset is timed by default.
Related violations: <none>

REQP-1839#12 Warning
RAMB36 async control check  
The RAMB36E1 riffa/riffa_inst/channels[0].channel/channel/rxPort/mainFifo/fifo/mem/rRAM_reg_0 has an input control pin riffa/riffa_inst/channels[0].channel/channel/rxPort/mainFifo/fifo/mem/rRAM_reg_0/ADDRBWRADDR[11] (net: riffa/riffa_inst/channels[0].channel/channel/rxPort/mainFifo/fifo/mem/wRdPtr[6]) which is driven by a register (riffa/riffa_inst/channels[0].channel/channel/rxPort/mainFifo/fifo/rdPtrEmpty/rRdPtr_reg[6]) that has an active asychronous set or reset. This may cause corruption of the memory contents and/or read values when the set/reset is asserted and is not analyzed by the default static timing analysis. It is suggested to eliminate the use of a set/reset to registers driving this RAMB pin or else use a synchronous reset in which the assertion of the reset is timed by default.
Related violations: <none>

REQP-1839#13 Warning
RAMB36 async control check  
The RAMB36E1 riffa/riffa_inst/channels[0].channel/channel/rxPort/mainFifo/fifo/mem/rRAM_reg_0 has an input control pin riffa/riffa_inst/channels[0].channel/channel/rxPort/mainFifo/fifo/mem/rRAM_reg_0/ADDRBWRADDR[12] (net: riffa/riffa_inst/channels[0].channel/channel/rxPort/mainFifo/fifo/mem/wRdPtr[7]) which is driven by a register (riffa/riffa_inst/channels[0].channel/channel/rxPort/mainFifo/fifo/rdPtrEmpty/rRdPtr_reg[7]) that has an active asychronous set or reset. This may cause corruption of the memory contents and/or read values when the set/reset is asserted and is not analyzed by the default static timing analysis. It is suggested to eliminate the use of a set/reset to registers driving this RAMB pin or else use a synchronous reset in which the assertion of the reset is timed by default.
Related violations: <none>

REQP-1839#14 Warning
RAMB36 async control check  
The RAMB36E1 riffa/riffa_inst/channels[0].channel/channel/rxPort/mainFifo/fifo/mem/rRAM_reg_0 has an input control pin riffa/riffa_inst/channels[0].channel/channel/rxPort/mainFifo/fifo/mem/rRAM_reg_0/ADDRBWRADDR[13] (net: riffa/riffa_inst/channels[0].channel/channel/rxPort/mainFifo/fifo/mem/wRdPtr[8]) which is driven by a register (riffa/riffa_inst/channels[0].channel/channel/rxPort/mainFifo/fifo/rdPtrEmpty/rRdPtr_reg[8]) that has an active asychronous set or reset. This may cause corruption of the memory contents and/or read values when the set/reset is asserted and is not analyzed by the default static timing analysis. It is suggested to eliminate the use of a set/reset to registers driving this RAMB pin or else use a synchronous reset in which the assertion of the reset is timed by default.
Related violations: <none>

REQP-1839#15 Warning
RAMB36 async control check  
The RAMB36E1 riffa/riffa_inst/channels[0].channel/channel/rxPort/mainFifo/fifo/mem/rRAM_reg_0 has an input control pin riffa/riffa_inst/channels[0].channel/channel/rxPort/mainFifo/fifo/mem/rRAM_reg_0/ADDRBWRADDR[14] (net: riffa/riffa_inst/channels[0].channel/channel/rxPort/mainFifo/fifo/mem/wRdPtr[9]) which is driven by a register (riffa/riffa_inst/channels[0].channel/channel/rxPort/mainFifo/fifo/rdPtrEmpty/rRdPtr_reg[9]) that has an active asychronous set or reset. This may cause corruption of the memory contents and/or read values when the set/reset is asserted and is not analyzed by the default static timing analysis. It is suggested to eliminate the use of a set/reset to registers driving this RAMB pin or else use a synchronous reset in which the assertion of the reset is timed by default.
Related violations: <none>

REQP-1839#16 Warning
RAMB36 async control check  
The RAMB36E1 riffa/riffa_inst/channels[0].channel/channel/rxPort/mainFifo/fifo/mem/rRAM_reg_0 has an input control pin riffa/riffa_inst/channels[0].channel/channel/rxPort/mainFifo/fifo/mem/rRAM_reg_0/ADDRBWRADDR[5] (net: riffa/riffa_inst/channels[0].channel/channel/rxPort/mainFifo/fifo/mem/wRdPtr[0]) which is driven by a register (riffa/riffa_inst/channels[0].channel/channel/rxPort/mainFifo/fifo/rdPtrEmpty/rRdPtr_reg[0]) that has an active asychronous set or reset. This may cause corruption of the memory contents and/or read values when the set/reset is asserted and is not analyzed by the default static timing analysis. It is suggested to eliminate the use of a set/reset to registers driving this RAMB pin or else use a synchronous reset in which the assertion of the reset is timed by default.
Related violations: <none>

REQP-1839#17 Warning
RAMB36 async control check  
The RAMB36E1 riffa/riffa_inst/channels[0].channel/channel/rxPort/mainFifo/fifo/mem/rRAM_reg_0 has an input control pin riffa/riffa_inst/channels[0].channel/channel/rxPort/mainFifo/fifo/mem/rRAM_reg_0/ADDRBWRADDR[6] (net: riffa/riffa_inst/channels[0].channel/channel/rxPort/mainFifo/fifo/mem/wRdPtr[1]) which is driven by a register (riffa/riffa_inst/channels[0].channel/channel/rxPort/mainFifo/fifo/rdPtrEmpty/rRdPtr_reg[1]) that has an active asychronous set or reset. This may cause corruption of the memory contents and/or read values when the set/reset is asserted and is not analyzed by the default static timing analysis. It is suggested to eliminate the use of a set/reset to registers driving this RAMB pin or else use a synchronous reset in which the assertion of the reset is timed by default.
Related violations: <none>

REQP-1839#18 Warning
RAMB36 async control check  
The RAMB36E1 riffa/riffa_inst/channels[0].channel/channel/rxPort/mainFifo/fifo/mem/rRAM_reg_0 has an input control pin riffa/riffa_inst/channels[0].channel/channel/rxPort/mainFifo/fifo/mem/rRAM_reg_0/ADDRBWRADDR[7] (net: riffa/riffa_inst/channels[0].channel/channel/rxPort/mainFifo/fifo/mem/wRdPtr[2]) which is driven by a register (riffa/riffa_inst/channels[0].channel/channel/rxPort/mainFifo/fifo/rdPtrEmpty/rRdPtr_reg[2]) that has an active asychronous set or reset. This may cause corruption of the memory contents and/or read values when the set/reset is asserted and is not analyzed by the default static timing analysis. It is suggested to eliminate the use of a set/reset to registers driving this RAMB pin or else use a synchronous reset in which the assertion of the reset is timed by default.
Related violations: <none>

REQP-1839#19 Warning
RAMB36 async control check  
The RAMB36E1 riffa/riffa_inst/channels[0].channel/channel/rxPort/mainFifo/fifo/mem/rRAM_reg_0 has an input control pin riffa/riffa_inst/channels[0].channel/channel/rxPort/mainFifo/fifo/mem/rRAM_reg_0/ADDRBWRADDR[8] (net: riffa/riffa_inst/channels[0].channel/channel/rxPort/mainFifo/fifo/mem/wRdPtr[3]) which is driven by a register (riffa/riffa_inst/channels[0].channel/channel/rxPort/mainFifo/fifo/rdPtrEmpty/rRdPtr_reg[3]) that has an active asychronous set or reset. This may cause corruption of the memory contents and/or read values when the set/reset is asserted and is not analyzed by the default static timing analysis. It is suggested to eliminate the use of a set/reset to registers driving this RAMB pin or else use a synchronous reset in which the assertion of the reset is timed by default.
Related violations: <none>

REQP-1839#20 Warning
RAMB36 async control check  
The RAMB36E1 riffa/riffa_inst/channels[0].channel/channel/rxPort/mainFifo/fifo/mem/rRAM_reg_0 has an input control pin riffa/riffa_inst/channels[0].channel/channel/rxPort/mainFifo/fifo/mem/rRAM_reg_0/ADDRBWRADDR[9] (net: riffa/riffa_inst/channels[0].channel/channel/rxPort/mainFifo/fifo/mem/wRdPtr[4]) which is driven by a register (riffa/riffa_inst/channels[0].channel/channel/rxPort/mainFifo/fifo/rdPtrEmpty/rRdPtr_reg[4]) that has an active asychronous set or reset. This may cause corruption of the memory contents and/or read values when the set/reset is asserted and is not analyzed by the default static timing analysis. It is suggested to eliminate the use of a set/reset to registers driving this RAMB pin or else use a synchronous reset in which the assertion of the reset is timed by default.
Related violations: <none>

ZPS7-1#1 Warning
PS7 block required  
The PS7 cell must be used in this Zynq design in order to enable correct default configuration.
Related violations: <none>

AVAL-4#1 Advisory
enum_USE_DPORT_FALSE_enum_DREG_ADREG_0_connects_CED_CEAD_RSTD_GND  
top_mem_DualPort_and_FFT/FFT_Reorder_x_num_wrapper/FFT_Reorder_x_num_i/Reorder_fft_0/inst/Reorder_fft_fadd_hbi_U1/Reorder_fft_ap_fadd_6_full_dsp_32_u/U0/i_synth/ADDSUB_OP.ADDSUB/SPEED_OP.DSP.OP/DSP48E1_BODY.NORM_RND/FULL_USAGE_DSP.SHIFT_RND/DSP: DSP48E1 is not using the D port (USE_DPORT = FALSE). For improved power characteristics, set DREG and ADREG to '1', tie CED, CEAD, and RSTD to logic '0'.
Related violations: <none>

AVAL-4#2 Advisory
enum_USE_DPORT_FALSE_enum_DREG_ADREG_0_connects_CED_CEAD_RSTD_GND  
top_mem_DualPort_and_FFT/FFT_Reorder_x_num_wrapper/FFT_Reorder_x_num_i/Reorder_fft_0/inst/Reorder_fft_fadd_hbi_U2/Reorder_fft_ap_fadd_6_full_dsp_32_u/U0/i_synth/ADDSUB_OP.ADDSUB/SPEED_OP.DSP.OP/DSP48E1_BODY.NORM_RND/FULL_USAGE_DSP.SHIFT_RND/DSP: DSP48E1 is not using the D port (USE_DPORT = FALSE). For improved power characteristics, set DREG and ADREG to '1', tie CED, CEAD, and RSTD to logic '0'.
Related violations: <none>

AVAL-4#3 Advisory
enum_USE_DPORT_FALSE_enum_DREG_ADREG_0_connects_CED_CEAD_RSTD_GND  
top_mem_DualPort_and_FFT/FFT_Reorder_x_num_wrapper/FFT_Reorder_x_num_i/Reorder_fft_0/inst/Reorder_fft_fadd_hbi_U3/Reorder_fft_ap_fadd_6_full_dsp_32_u/U0/i_synth/ADDSUB_OP.ADDSUB/SPEED_OP.DSP.OP/DSP48E1_BODY.NORM_RND/FULL_USAGE_DSP.SHIFT_RND/DSP: DSP48E1 is not using the D port (USE_DPORT = FALSE). For improved power characteristics, set DREG and ADREG to '1', tie CED, CEAD, and RSTD to logic '0'.
Related violations: <none>

AVAL-4#4 Advisory
enum_USE_DPORT_FALSE_enum_DREG_ADREG_0_connects_CED_CEAD_RSTD_GND  
top_mem_DualPort_and_FFT/FFT_Reorder_x_num_wrapper/FFT_Reorder_x_num_i/Reorder_fft_0/inst/Reorder_fft_fadd_hbi_U4/Reorder_fft_ap_fadd_6_full_dsp_32_u/U0/i_synth/ADDSUB_OP.ADDSUB/SPEED_OP.DSP.OP/DSP48E1_BODY.NORM_RND/FULL_USAGE_DSP.SHIFT_RND/DSP: DSP48E1 is not using the D port (USE_DPORT = FALSE). For improved power characteristics, set DREG and ADREG to '1', tie CED, CEAD, and RSTD to logic '0'.
Related violations: <none>

AVAL-4#5 Advisory
enum_USE_DPORT_FALSE_enum_DREG_ADREG_0_connects_CED_CEAD_RSTD_GND  
top_mem_DualPort_and_FFT/FFT_Reorder_x_num_wrapper/FFT_Reorder_x_num_i/Reorder_fft_0/inst/Reorder_fft_fadd_hbi_U5/Reorder_fft_ap_fadd_6_full_dsp_32_u/U0/i_synth/ADDSUB_OP.ADDSUB/SPEED_OP.DSP.OP/DSP48E1_BODY.NORM_RND/FULL_USAGE_DSP.SHIFT_RND/DSP: DSP48E1 is not using the D port (USE_DPORT = FALSE). For improved power characteristics, set DREG and ADREG to '1', tie CED, CEAD, and RSTD to logic '0'.
Related violations: <none>

AVAL-4#6 Advisory
enum_USE_DPORT_FALSE_enum_DREG_ADREG_0_connects_CED_CEAD_RSTD_GND  
top_mem_DualPort_and_FFT/FFT_Reorder_x_num_wrapper/FFT_Reorder_x_num_i/Reorder_fft_0/inst/Reorder_fft_fadd_hbi_U6/Reorder_fft_ap_fadd_6_full_dsp_32_u/U0/i_synth/ADDSUB_OP.ADDSUB/SPEED_OP.DSP.OP/DSP48E1_BODY.NORM_RND/FULL_USAGE_DSP.SHIFT_RND/DSP: DSP48E1 is not using the D port (USE_DPORT = FALSE). For improved power characteristics, set DREG and ADREG to '1', tie CED, CEAD, and RSTD to logic '0'.
Related violations: <none>

AVAL-4#7 Advisory
enum_USE_DPORT_FALSE_enum_DREG_ADREG_0_connects_CED_CEAD_RSTD_GND  
top_mem_DualPort_and_FFT/FFT_Reorder_x_num_wrapper/FFT_Reorder_x_num_i/Reorder_fft_0/inst/Reorder_fft_fadd_hbi_U7/Reorder_fft_ap_fadd_6_full_dsp_32_u/U0/i_synth/ADDSUB_OP.ADDSUB/SPEED_OP.DSP.OP/DSP48E1_BODY.NORM_RND/FULL_USAGE_DSP.SHIFT_RND/DSP: DSP48E1 is not using the D port (USE_DPORT = FALSE). For improved power characteristics, set DREG and ADREG to '1', tie CED, CEAD, and RSTD to logic '0'.
Related violations: <none>

AVAL-4#8 Advisory
enum_USE_DPORT_FALSE_enum_DREG_ADREG_0_connects_CED_CEAD_RSTD_GND  
top_mem_DualPort_and_FFT/FFT_Reorder_x_num_wrapper/FFT_Reorder_x_num_i/Reorder_fft_0/inst/Reorder_fft_fadd_hbi_U8/Reorder_fft_ap_fadd_6_full_dsp_32_u/U0/i_synth/ADDSUB_OP.ADDSUB/SPEED_OP.DSP.OP/DSP48E1_BODY.NORM_RND/FULL_USAGE_DSP.SHIFT_RND/DSP: DSP48E1 is not using the D port (USE_DPORT = FALSE). For improved power characteristics, set DREG and ADREG to '1', tie CED, CEAD, and RSTD to logic '0'.
Related violations: <none>

REQP-181#1 Advisory
writefirst  
Synchronous clocking is detected for BRAM (riffa/riffa_inst/channels[0].channel/channel/txPort/gate/fifo/mem/rRAM_reg_0) in SDP mode with WRITE_FIRST write-mode. This is the preferred mode for best power characteristics, however it may exhibit address collisions if the same address appears on both read and write ports resulting in unknown or corrupted read data. It is suggested to confirm via simulation that an address collision never occurs and if so it is suggested to try and avoid this situation. If address collisions cannot be avoided, the write-mode may be set to READ_FIRST which guarantees that the read data is the prior contents of the memory at the cost of additional power in the design. See the FPGA Memory Resources User Guide for additional information.
Related violations: <none>

REQP-181#2 Advisory
writefirst  
Synchronous clocking is detected for BRAM (riffa/riffa_inst/channels[0].channel/channel/txPort/gate/fifo/mem/rRAM_reg_1) in SDP mode with WRITE_FIRST write-mode. This is the preferred mode for best power characteristics, however it may exhibit address collisions if the same address appears on both read and write ports resulting in unknown or corrupted read data. It is suggested to confirm via simulation that an address collision never occurs and if so it is suggested to try and avoid this situation. If address collisions cannot be avoided, the write-mode may be set to READ_FIRST which guarantees that the read data is the prior contents of the memory at the cost of additional power in the design. See the FPGA Memory Resources User Guide for additional information.
Related violations: <none>

REQP-181#3 Advisory
writefirst  
Synchronous clocking is detected for BRAM (riffa/riffa_inst/channels[1].channel/channel/txPort/gate/fifo/mem/rRAM_reg_0) in SDP mode with WRITE_FIRST write-mode. This is the preferred mode for best power characteristics, however it may exhibit address collisions if the same address appears on both read and write ports resulting in unknown or corrupted read data. It is suggested to confirm via simulation that an address collision never occurs and if so it is suggested to try and avoid this situation. If address collisions cannot be avoided, the write-mode may be set to READ_FIRST which guarantees that the read data is the prior contents of the memory at the cost of additional power in the design. See the FPGA Memory Resources User Guide for additional information.
Related violations: <none>

REQP-181#4 Advisory
writefirst  
Synchronous clocking is detected for BRAM (riffa/riffa_inst/channels[1].channel/channel/txPort/gate/fifo/mem/rRAM_reg_1) in SDP mode with WRITE_FIRST write-mode. This is the preferred mode for best power characteristics, however it may exhibit address collisions if the same address appears on both read and write ports resulting in unknown or corrupted read data. It is suggested to confirm via simulation that an address collision never occurs and if so it is suggested to try and avoid this situation. If address collisions cannot be avoided, the write-mode may be set to READ_FIRST which guarantees that the read data is the prior contents of the memory at the cost of additional power in the design. See the FPGA Memory Resources User Guide for additional information.
Related violations: <none>

REQP-1725#1 Advisory
DSP_Abus_sign_bit_alert  
top_mem_DualPort_and_FFT/FFT_Reorder_x_num_wrapper/FFT_Reorder_x_num_i/Reorder_fft_0/inst/Reorder_fft_fadd_hbi_U1/Reorder_fft_ap_fadd_6_full_dsp_32_u/U0/i_synth/ADDSUB_OP.ADDSUB/SPEED_OP.DSP.OP/DSP48E1_BODY.ALIGN_ADD/DSP2/DSP: When using the PreAdder and USE_DPORT is TRUE, the A operand should be restricted to 24 bit two's complement (and sign extended) to avoid over/underflow in the pre-add stage.
Related violations: <none>

REQP-1725#2 Advisory
DSP_Abus_sign_bit_alert  
top_mem_DualPort_and_FFT/FFT_Reorder_x_num_wrapper/FFT_Reorder_x_num_i/Reorder_fft_0/inst/Reorder_fft_fadd_hbi_U2/Reorder_fft_ap_fadd_6_full_dsp_32_u/U0/i_synth/ADDSUB_OP.ADDSUB/SPEED_OP.DSP.OP/DSP48E1_BODY.ALIGN_ADD/DSP2/DSP: When using the PreAdder and USE_DPORT is TRUE, the A operand should be restricted to 24 bit two's complement (and sign extended) to avoid over/underflow in the pre-add stage.
Related violations: <none>

REQP-1725#3 Advisory
DSP_Abus_sign_bit_alert  
top_mem_DualPort_and_FFT/FFT_Reorder_x_num_wrapper/FFT_Reorder_x_num_i/Reorder_fft_0/inst/Reorder_fft_fadd_hbi_U3/Reorder_fft_ap_fadd_6_full_dsp_32_u/U0/i_synth/ADDSUB_OP.ADDSUB/SPEED_OP.DSP.OP/DSP48E1_BODY.ALIGN_ADD/DSP2/DSP: When using the PreAdder and USE_DPORT is TRUE, the A operand should be restricted to 24 bit two's complement (and sign extended) to avoid over/underflow in the pre-add stage.
Related violations: <none>

REQP-1725#4 Advisory
DSP_Abus_sign_bit_alert  
top_mem_DualPort_and_FFT/FFT_Reorder_x_num_wrapper/FFT_Reorder_x_num_i/Reorder_fft_0/inst/Reorder_fft_fadd_hbi_U4/Reorder_fft_ap_fadd_6_full_dsp_32_u/U0/i_synth/ADDSUB_OP.ADDSUB/SPEED_OP.DSP.OP/DSP48E1_BODY.ALIGN_ADD/DSP2/DSP: When using the PreAdder and USE_DPORT is TRUE, the A operand should be restricted to 24 bit two's complement (and sign extended) to avoid over/underflow in the pre-add stage.
Related violations: <none>

REQP-1725#5 Advisory
DSP_Abus_sign_bit_alert  
top_mem_DualPort_and_FFT/FFT_Reorder_x_num_wrapper/FFT_Reorder_x_num_i/Reorder_fft_0/inst/Reorder_fft_fadd_hbi_U5/Reorder_fft_ap_fadd_6_full_dsp_32_u/U0/i_synth/ADDSUB_OP.ADDSUB/SPEED_OP.DSP.OP/DSP48E1_BODY.ALIGN_ADD/DSP2/DSP: When using the PreAdder and USE_DPORT is TRUE, the A operand should be restricted to 24 bit two's complement (and sign extended) to avoid over/underflow in the pre-add stage.
Related violations: <none>

REQP-1725#6 Advisory
DSP_Abus_sign_bit_alert  
top_mem_DualPort_and_FFT/FFT_Reorder_x_num_wrapper/FFT_Reorder_x_num_i/Reorder_fft_0/inst/Reorder_fft_fadd_hbi_U6/Reorder_fft_ap_fadd_6_full_dsp_32_u/U0/i_synth/ADDSUB_OP.ADDSUB/SPEED_OP.DSP.OP/DSP48E1_BODY.ALIGN_ADD/DSP2/DSP: When using the PreAdder and USE_DPORT is TRUE, the A operand should be restricted to 24 bit two's complement (and sign extended) to avoid over/underflow in the pre-add stage.
Related violations: <none>

REQP-1725#7 Advisory
DSP_Abus_sign_bit_alert  
top_mem_DualPort_and_FFT/FFT_Reorder_x_num_wrapper/FFT_Reorder_x_num_i/Reorder_fft_0/inst/Reorder_fft_fadd_hbi_U7/Reorder_fft_ap_fadd_6_full_dsp_32_u/U0/i_synth/ADDSUB_OP.ADDSUB/SPEED_OP.DSP.OP/DSP48E1_BODY.ALIGN_ADD/DSP2/DSP: When using the PreAdder and USE_DPORT is TRUE, the A operand should be restricted to 24 bit two's complement (and sign extended) to avoid over/underflow in the pre-add stage.
Related violations: <none>

REQP-1725#8 Advisory
DSP_Abus_sign_bit_alert  
top_mem_DualPort_and_FFT/FFT_Reorder_x_num_wrapper/FFT_Reorder_x_num_i/Reorder_fft_0/inst/Reorder_fft_fadd_hbi_U8/Reorder_fft_ap_fadd_6_full_dsp_32_u/U0/i_synth/ADDSUB_OP.ADDSUB/SPEED_OP.DSP.OP/DSP48E1_BODY.ALIGN_ADD/DSP2/DSP: When using the PreAdder and USE_DPORT is TRUE, the A operand should be restricted to 24 bit two's complement (and sign extended) to avoid over/underflow in the pre-add stage.
Related violations: <none>


