#-----------------------------------------------------------
# xsim v2018.3 (64-bit)
# SW Build 2405991 on Thu Dec  6 23:38:27 MST 2018
# IP Build 2404404 on Fri Dec  7 01:43:56 MST 2018
# Start of session at: Sun Mar 28 22:09:04 2021
# Process ID: 9008
# Current directory: C:/Users/EMILIO/Desktop/HLS/FFR_Reorder_x_num/With_array_P/sim/verilog
# Command line: xsim.exe -mode tcl -source {xsim.dir/Reorder_fft/xsim_script.tcl}
# Log file: C:/Users/EMILIO/Desktop/HLS/FFR_Reorder_x_num/With_array_P/sim/verilog/xsim.log
# Journal file: C:/Users/EMILIO/Desktop/HLS/FFR_Reorder_x_num/With_array_P/sim/verilog\xsim.jou
#-----------------------------------------------------------
source xsim.dir/Reorder_fft/xsim_script.tcl
# xsim {Reorder_fft} -autoloadwcfg -tclbatch {Reorder_fft.tcl}
Vivado Simulator 2018.3
Time resolution is 1 ps
source Reorder_fft.tcl
## run all
Warning: OPMODE Input Warning : The OPMODE 0110X0X with CARRYINSEL  000 to DSP48E1 instance is invalid.
Time: 100010 ps  Iteration: 0  Process: /apatb_Reorder_fft_top/AESL_inst_Reorder_fft/Reorder_fft_fadd_hbi_U8/Reorder_fft_ap_fadd_6_full_dsp_32_u/U0/i_synth/addsub_op/ADDSUB/speed_op/dsp/OP/dsp48e1_body/ALIGN_ADD/DSP2/DSP/prcs_opmode_drc  File: C:\Xilinx_2018\Vivado\2018.3\data/vhdl/src/unisims/primitive/DSP48E1.vhd
Warning: OPMODE Input Warning : The OPMODE 0110X0X with CARRYINSEL  000 to DSP48E1 instance is invalid.
Time: 100010 ps  Iteration: 0  Process: /apatb_Reorder_fft_top/AESL_inst_Reorder_fft/Reorder_fft_fadd_hbi_U7/Reorder_fft_ap_fadd_6_full_dsp_32_u/U0/i_synth/addsub_op/ADDSUB/speed_op/dsp/OP/dsp48e1_body/ALIGN_ADD/DSP2/DSP/prcs_opmode_drc  File: C:\Xilinx_2018\Vivado\2018.3\data/vhdl/src/unisims/primitive/DSP48E1.vhd
Warning: OPMODE Input Warning : The OPMODE 0110X0X with CARRYINSEL  000 to DSP48E1 instance is invalid.
Time: 100010 ps  Iteration: 0  Process: /apatb_Reorder_fft_top/AESL_inst_Reorder_fft/Reorder_fft_fadd_hbi_U6/Reorder_fft_ap_fadd_6_full_dsp_32_u/U0/i_synth/addsub_op/ADDSUB/speed_op/dsp/OP/dsp48e1_body/ALIGN_ADD/DSP2/DSP/prcs_opmode_drc  File: C:\Xilinx_2018\Vivado\2018.3\data/vhdl/src/unisims/primitive/DSP48E1.vhd
Warning: OPMODE Input Warning : The OPMODE 0110X0X with CARRYINSEL  000 to DSP48E1 instance is invalid.
Time: 100010 ps  Iteration: 0  Process: /apatb_Reorder_fft_top/AESL_inst_Reorder_fft/Reorder_fft_fadd_hbi_U5/Reorder_fft_ap_fadd_6_full_dsp_32_u/U0/i_synth/addsub_op/ADDSUB/speed_op/dsp/OP/dsp48e1_body/ALIGN_ADD/DSP2/DSP/prcs_opmode_drc  File: C:\Xilinx_2018\Vivado\2018.3\data/vhdl/src/unisims/primitive/DSP48E1.vhd
Warning: OPMODE Input Warning : The OPMODE 0110X0X with CARRYINSEL  000 to DSP48E1 instance is invalid.
Time: 100010 ps  Iteration: 0  Process: /apatb_Reorder_fft_top/AESL_inst_Reorder_fft/Reorder_fft_fadd_hbi_U4/Reorder_fft_ap_fadd_6_full_dsp_32_u/U0/i_synth/addsub_op/ADDSUB/speed_op/dsp/OP/dsp48e1_body/ALIGN_ADD/DSP2/DSP/prcs_opmode_drc  File: C:\Xilinx_2018\Vivado\2018.3\data/vhdl/src/unisims/primitive/DSP48E1.vhd
Warning: OPMODE Input Warning : The OPMODE 0110X0X with CARRYINSEL  000 to DSP48E1 instance is invalid.
Time: 100010 ps  Iteration: 0  Process: /apatb_Reorder_fft_top/AESL_inst_Reorder_fft/Reorder_fft_fadd_hbi_U3/Reorder_fft_ap_fadd_6_full_dsp_32_u/U0/i_synth/addsub_op/ADDSUB/speed_op/dsp/OP/dsp48e1_body/ALIGN_ADD/DSP2/DSP/prcs_opmode_drc  File: C:\Xilinx_2018\Vivado\2018.3\data/vhdl/src/unisims/primitive/DSP48E1.vhd
Warning: OPMODE Input Warning : The OPMODE 0110X0X with CARRYINSEL  000 to DSP48E1 instance is invalid.
Time: 100010 ps  Iteration: 0  Process: /apatb_Reorder_fft_top/AESL_inst_Reorder_fft/Reorder_fft_fadd_hbi_U2/Reorder_fft_ap_fadd_6_full_dsp_32_u/U0/i_synth/addsub_op/ADDSUB/speed_op/dsp/OP/dsp48e1_body/ALIGN_ADD/DSP2/DSP/prcs_opmode_drc  File: C:\Xilinx_2018\Vivado\2018.3\data/vhdl/src/unisims/primitive/DSP48E1.vhd
Warning: OPMODE Input Warning : The OPMODE 0110X0X with CARRYINSEL  000 to DSP48E1 instance is invalid.
Time: 100010 ps  Iteration: 0  Process: /apatb_Reorder_fft_top/AESL_inst_Reorder_fft/Reorder_fft_fadd_hbi_U1/Reorder_fft_ap_fadd_6_full_dsp_32_u/U0/i_synth/addsub_op/ADDSUB/speed_op/dsp/OP/dsp48e1_body/ALIGN_ADD/DSP2/DSP/prcs_opmode_drc  File: C:\Xilinx_2018\Vivado\2018.3\data/vhdl/src/unisims/primitive/DSP48E1.vhd
////////////////////////////////////////////////////////////////////////////////////
// Inter-Transaction Progress: Completed Transaction / Total Transaction
// Intra-Transaction Progress: Measured Latency / Latency Estimation * 100%
//
// RTL Simulation : "Inter-Transaction Progress" ["Intra-Transaction Progress"] @ "Simulation Time"
////////////////////////////////////////////////////////////////////////////////////
// RTL Simulation : 0 / 3 [n/a] @ "113000"
Warning: OPMODE Input Warning : The OPMODE 0110X0X with CARRYINSEL  000 to DSP48E1 instance is invalid.
Time: 157500 ps  Iteration: 4  Process: /apatb_Reorder_fft_top/AESL_inst_Reorder_fft/Reorder_fft_fadd_hbi_U1/Reorder_fft_ap_fadd_6_full_dsp_32_u/U0/i_synth/addsub_op/ADDSUB/speed_op/dsp/OP/dsp48e1_body/ALIGN_ADD/DSP2/DSP/prcs_opmode_drc  File: C:\Xilinx_2018\Vivado\2018.3\data/vhdl/src/unisims/primitive/DSP48E1.vhd
Warning: OPMODE Input Warning : The OPMODE 0110X0X with CARRYINSEL  000 to DSP48E1 instance is invalid.
Time: 157500 ps  Iteration: 4  Process: /apatb_Reorder_fft_top/AESL_inst_Reorder_fft/Reorder_fft_fadd_hbi_U2/Reorder_fft_ap_fadd_6_full_dsp_32_u/U0/i_synth/addsub_op/ADDSUB/speed_op/dsp/OP/dsp48e1_body/ALIGN_ADD/DSP2/DSP/prcs_opmode_drc  File: C:\Xilinx_2018\Vivado\2018.3\data/vhdl/src/unisims/primitive/DSP48E1.vhd
Warning: OPMODE Input Warning : The OPMODE 0110X0X with CARRYINSEL  000 to DSP48E1 instance is invalid.
Time: 157500 ps  Iteration: 4  Process: /apatb_Reorder_fft_top/AESL_inst_Reorder_fft/Reorder_fft_fadd_hbi_U3/Reorder_fft_ap_fadd_6_full_dsp_32_u/U0/i_synth/addsub_op/ADDSUB/speed_op/dsp/OP/dsp48e1_body/ALIGN_ADD/DSP2/DSP/prcs_opmode_drc  File: C:\Xilinx_2018\Vivado\2018.3\data/vhdl/src/unisims/primitive/DSP48E1.vhd
Warning: OPMODE Input Warning : The OPMODE 0110X0X with CARRYINSEL  000 to DSP48E1 instance is invalid.
Time: 157500 ps  Iteration: 4  Process: /apatb_Reorder_fft_top/AESL_inst_Reorder_fft/Reorder_fft_fadd_hbi_U4/Reorder_fft_ap_fadd_6_full_dsp_32_u/U0/i_synth/addsub_op/ADDSUB/speed_op/dsp/OP/dsp48e1_body/ALIGN_ADD/DSP2/DSP/prcs_opmode_drc  File: C:\Xilinx_2018\Vivado\2018.3\data/vhdl/src/unisims/primitive/DSP48E1.vhd
Warning: OPMODE Input Warning : The OPMODE 0110X0X with CARRYINSEL  000 to DSP48E1 instance is invalid.
Time: 157500 ps  Iteration: 4  Process: /apatb_Reorder_fft_top/AESL_inst_Reorder_fft/Reorder_fft_fadd_hbi_U5/Reorder_fft_ap_fadd_6_full_dsp_32_u/U0/i_synth/addsub_op/ADDSUB/speed_op/dsp/OP/dsp48e1_body/ALIGN_ADD/DSP2/DSP/prcs_opmode_drc  File: C:\Xilinx_2018\Vivado\2018.3\data/vhdl/src/unisims/primitive/DSP48E1.vhd
Warning: OPMODE Input Warning : The OPMODE 0110X0X with CARRYINSEL  000 to DSP48E1 instance is invalid.
Time: 157500 ps  Iteration: 4  Process: /apatb_Reorder_fft_top/AESL_inst_Reorder_fft/Reorder_fft_fadd_hbi_U6/Reorder_fft_ap_fadd_6_full_dsp_32_u/U0/i_synth/addsub_op/ADDSUB/speed_op/dsp/OP/dsp48e1_body/ALIGN_ADD/DSP2/DSP/prcs_opmode_drc  File: C:\Xilinx_2018\Vivado\2018.3\data/vhdl/src/unisims/primitive/DSP48E1.vhd
Warning: OPMODE Input Warning : The OPMODE 0110X0X with CARRYINSEL  000 to DSP48E1 instance is invalid.
Time: 157500 ps  Iteration: 4  Process: /apatb_Reorder_fft_top/AESL_inst_Reorder_fft/Reorder_fft_fadd_hbi_U7/Reorder_fft_ap_fadd_6_full_dsp_32_u/U0/i_synth/addsub_op/ADDSUB/speed_op/dsp/OP/dsp48e1_body/ALIGN_ADD/DSP2/DSP/prcs_opmode_drc  File: C:\Xilinx_2018\Vivado\2018.3\data/vhdl/src/unisims/primitive/DSP48E1.vhd
Warning: OPMODE Input Warning : The OPMODE 0110X0X with CARRYINSEL  000 to DSP48E1 instance is invalid.
Time: 157500 ps  Iteration: 4  Process: /apatb_Reorder_fft_top/AESL_inst_Reorder_fft/Reorder_fft_fadd_hbi_U8/Reorder_fft_ap_fadd_6_full_dsp_32_u/U0/i_synth/addsub_op/ADDSUB/speed_op/dsp/OP/dsp48e1_body/ALIGN_ADD/DSP2/DSP/prcs_opmode_drc  File: C:\Xilinx_2018\Vivado\2018.3\data/vhdl/src/unisims/primitive/DSP48E1.vhd
Warning: OPMODE Input Warning : The OPMODE 0110X0X with CARRYINSEL  000 to DSP48E1 instance is invalid.
Time: 167500 ps  Iteration: 4  Process: /apatb_Reorder_fft_top/AESL_inst_Reorder_fft/Reorder_fft_fadd_hbi_U1/Reorder_fft_ap_fadd_6_full_dsp_32_u/U0/i_synth/addsub_op/ADDSUB/speed_op/dsp/OP/dsp48e1_body/ALIGN_ADD/DSP2/DSP/prcs_opmode_drc  File: C:\Xilinx_2018\Vivado\2018.3\data/vhdl/src/unisims/primitive/DSP48E1.vhd
Warning: OPMODE Input Warning : The OPMODE 0110X0X with CARRYINSEL  000 to DSP48E1 instance is invalid.
Time: 167500 ps  Iteration: 4  Process: /apatb_Reorder_fft_top/AESL_inst_Reorder_fft/Reorder_fft_fadd_hbi_U2/Reorder_fft_ap_fadd_6_full_dsp_32_u/U0/i_synth/addsub_op/ADDSUB/speed_op/dsp/OP/dsp48e1_body/ALIGN_ADD/DSP2/DSP/prcs_opmode_drc  File: C:\Xilinx_2018\Vivado\2018.3\data/vhdl/src/unisims/primitive/DSP48E1.vhd
Warning: OPMODE Input Warning : The OPMODE 0110X0X with CARRYINSEL  000 to DSP48E1 instance is invalid.
Time: 167500 ps  Iteration: 4  Process: /apatb_Reorder_fft_top/AESL_inst_Reorder_fft/Reorder_fft_fadd_hbi_U3/Reorder_fft_ap_fadd_6_full_dsp_32_u/U0/i_synth/addsub_op/ADDSUB/speed_op/dsp/OP/dsp48e1_body/ALIGN_ADD/DSP2/DSP/prcs_opmode_drc  File: C:\Xilinx_2018\Vivado\2018.3\data/vhdl/src/unisims/primitive/DSP48E1.vhd
Warning: OPMODE Input Warning : The OPMODE 0110X0X with CARRYINSEL  000 to DSP48E1 instance is invalid.
Time: 167500 ps  Iteration: 4  Process: /apatb_Reorder_fft_top/AESL_inst_Reorder_fft/Reorder_fft_fadd_hbi_U4/Reorder_fft_ap_fadd_6_full_dsp_32_u/U0/i_synth/addsub_op/ADDSUB/speed_op/dsp/OP/dsp48e1_body/ALIGN_ADD/DSP2/DSP/prcs_opmode_drc  File: C:\Xilinx_2018\Vivado\2018.3\data/vhdl/src/unisims/primitive/DSP48E1.vhd
Warning: OPMODE Input Warning : The OPMODE 0110X0X with CARRYINSEL  000 to DSP48E1 instance is invalid.
Time: 167500 ps  Iteration: 4  Process: /apatb_Reorder_fft_top/AESL_inst_Reorder_fft/Reorder_fft_fadd_hbi_U5/Reorder_fft_ap_fadd_6_full_dsp_32_u/U0/i_synth/addsub_op/ADDSUB/speed_op/dsp/OP/dsp48e1_body/ALIGN_ADD/DSP2/DSP/prcs_opmode_drc  File: C:\Xilinx_2018\Vivado\2018.3\data/vhdl/src/unisims/primitive/DSP48E1.vhd
Warning: OPMODE Input Warning : The OPMODE 0110X0X with CARRYINSEL  000 to DSP48E1 instance is invalid.
Time: 167500 ps  Iteration: 4  Process: /apatb_Reorder_fft_top/AESL_inst_Reorder_fft/Reorder_fft_fadd_hbi_U6/Reorder_fft_ap_fadd_6_full_dsp_32_u/U0/i_synth/addsub_op/ADDSUB/speed_op/dsp/OP/dsp48e1_body/ALIGN_ADD/DSP2/DSP/prcs_opmode_drc  File: C:\Xilinx_2018\Vivado\2018.3\data/vhdl/src/unisims/primitive/DSP48E1.vhd
Warning: OPMODE Input Warning : The OPMODE 0110X0X with CARRYINSEL  000 to DSP48E1 instance is invalid.
Time: 167500 ps  Iteration: 4  Process: /apatb_Reorder_fft_top/AESL_inst_Reorder_fft/Reorder_fft_fadd_hbi_U7/Reorder_fft_ap_fadd_6_full_dsp_32_u/U0/i_synth/addsub_op/ADDSUB/speed_op/dsp/OP/dsp48e1_body/ALIGN_ADD/DSP2/DSP/prcs_opmode_drc  File: C:\Xilinx_2018\Vivado\2018.3\data/vhdl/src/unisims/primitive/DSP48E1.vhd
Warning: OPMODE Input Warning : The OPMODE 0110X0X with CARRYINSEL  000 to DSP48E1 instance is invalid.
Time: 167500 ps  Iteration: 4  Process: /apatb_Reorder_fft_top/AESL_inst_Reorder_fft/Reorder_fft_fadd_hbi_U8/Reorder_fft_ap_fadd_6_full_dsp_32_u/U0/i_synth/addsub_op/ADDSUB/speed_op/dsp/OP/dsp48e1_body/ALIGN_ADD/DSP2/DSP/prcs_opmode_drc  File: C:\Xilinx_2018\Vivado\2018.3\data/vhdl/src/unisims/primitive/DSP48E1.vhd
Warning: OPMODE Input Warning : The OPMODE 0110X0X with CARRYINSEL  000 to DSP48E1 instance is invalid.
Time: 177500 ps  Iteration: 4  Process: /apatb_Reorder_fft_top/AESL_inst_Reorder_fft/Reorder_fft_fadd_hbi_U1/Reorder_fft_ap_fadd_6_full_dsp_32_u/U0/i_synth/addsub_op/ADDSUB/speed_op/dsp/OP/dsp48e1_body/ALIGN_ADD/DSP2/DSP/prcs_opmode_drc  File: C:\Xilinx_2018\Vivado\2018.3\data/vhdl/src/unisims/primitive/DSP48E1.vhd
Warning: OPMODE Input Warning : The OPMODE 0110X0X with CARRYINSEL  000 to DSP48E1 instance is invalid.
Time: 177500 ps  Iteration: 4  Process: /apatb_Reorder_fft_top/AESL_inst_Reorder_fft/Reorder_fft_fadd_hbi_U2/Reorder_fft_ap_fadd_6_full_dsp_32_u/U0/i_synth/addsub_op/ADDSUB/speed_op/dsp/OP/dsp48e1_body/ALIGN_ADD/DSP2/DSP/prcs_opmode_drc  File: C:\Xilinx_2018\Vivado\2018.3\data/vhdl/src/unisims/primitive/DSP48E1.vhd
Warning: OPMODE Input Warning : The OPMODE 0110X0X with CARRYINSEL  000 to DSP48E1 instance is invalid.
Time: 177500 ps  Iteration: 4  Process: /apatb_Reorder_fft_top/AESL_inst_Reorder_fft/Reorder_fft_fadd_hbi_U3/Reorder_fft_ap_fadd_6_full_dsp_32_u/U0/i_synth/addsub_op/ADDSUB/speed_op/dsp/OP/dsp48e1_body/ALIGN_ADD/DSP2/DSP/prcs_opmode_drc  File: C:\Xilinx_2018\Vivado\2018.3\data/vhdl/src/unisims/primitive/DSP48E1.vhd
Warning: OPMODE Input Warning : The OPMODE 0110X0X with CARRYINSEL  000 to DSP48E1 instance is invalid.
Time: 177500 ps  Iteration: 4  Process: /apatb_Reorder_fft_top/AESL_inst_Reorder_fft/Reorder_fft_fadd_hbi_U4/Reorder_fft_ap_fadd_6_full_dsp_32_u/U0/i_synth/addsub_op/ADDSUB/speed_op/dsp/OP/dsp48e1_body/ALIGN_ADD/DSP2/DSP/prcs_opmode_drc  File: C:\Xilinx_2018\Vivado\2018.3\data/vhdl/src/unisims/primitive/DSP48E1.vhd
Warning: OPMODE Input Warning : The OPMODE 0110X0X with CARRYINSEL  000 to DSP48E1 instance is invalid.
Time: 177500 ps  Iteration: 4  Process: /apatb_Reorder_fft_top/AESL_inst_Reorder_fft/Reorder_fft_fadd_hbi_U5/Reorder_fft_ap_fadd_6_full_dsp_32_u/U0/i_synth/addsub_op/ADDSUB/speed_op/dsp/OP/dsp48e1_body/ALIGN_ADD/DSP2/DSP/prcs_opmode_drc  File: C:\Xilinx_2018\Vivado\2018.3\data/vhdl/src/unisims/primitive/DSP48E1.vhd
Warning: OPMODE Input Warning : The OPMODE 0110X0X with CARRYINSEL  000 to DSP48E1 instance is invalid.
Time: 177500 ps  Iteration: 4  Process: /apatb_Reorder_fft_top/AESL_inst_Reorder_fft/Reorder_fft_fadd_hbi_U6/Reorder_fft_ap_fadd_6_full_dsp_32_u/U0/i_synth/addsub_op/ADDSUB/speed_op/dsp/OP/dsp48e1_body/ALIGN_ADD/DSP2/DSP/prcs_opmode_drc  File: C:\Xilinx_2018\Vivado\2018.3\data/vhdl/src/unisims/primitive/DSP48E1.vhd
Warning: OPMODE Input Warning : The OPMODE 0110X0X with CARRYINSEL  000 to DSP48E1 instance is invalid.
Time: 177500 ps  Iteration: 4  Process: /apatb_Reorder_fft_top/AESL_inst_Reorder_fft/Reorder_fft_fadd_hbi_U7/Reorder_fft_ap_fadd_6_full_dsp_32_u/U0/i_synth/addsub_op/ADDSUB/speed_op/dsp/OP/dsp48e1_body/ALIGN_ADD/DSP2/DSP/prcs_opmode_drc  File: C:\Xilinx_2018\Vivado\2018.3\data/vhdl/src/unisims/primitive/DSP48E1.vhd
Warning: OPMODE Input Warning : The OPMODE 0110X0X with CARRYINSEL  000 to DSP48E1 instance is invalid.
Time: 177500 ps  Iteration: 4  Process: /apatb_Reorder_fft_top/AESL_inst_Reorder_fft/Reorder_fft_fadd_hbi_U8/Reorder_fft_ap_fadd_6_full_dsp_32_u/U0/i_synth/addsub_op/ADDSUB/speed_op/dsp/OP/dsp48e1_body/ALIGN_ADD/DSP2/DSP/prcs_opmode_drc  File: C:\Xilinx_2018\Vivado\2018.3\data/vhdl/src/unisims/primitive/DSP48E1.vhd
Warning: OPMODE Input Warning : The OPMODE 0110X0X with CARRYINSEL  000 to DSP48E1 instance is invalid.
Time: 187500 ps  Iteration: 4  Process: /apatb_Reorder_fft_top/AESL_inst_Reorder_fft/Reorder_fft_fadd_hbi_U1/Reorder_fft_ap_fadd_6_full_dsp_32_u/U0/i_synth/addsub_op/ADDSUB/speed_op/dsp/OP/dsp48e1_body/ALIGN_ADD/DSP2/DSP/prcs_opmode_drc  File: C:\Xilinx_2018\Vivado\2018.3\data/vhdl/src/unisims/primitive/DSP48E1.vhd
Warning: OPMODE Input Warning : The OPMODE 0110X0X with CARRYINSEL  000 to DSP48E1 instance is invalid.
Time: 187500 ps  Iteration: 4  Process: /apatb_Reorder_fft_top/AESL_inst_Reorder_fft/Reorder_fft_fadd_hbi_U2/Reorder_fft_ap_fadd_6_full_dsp_32_u/U0/i_synth/addsub_op/ADDSUB/speed_op/dsp/OP/dsp48e1_body/ALIGN_ADD/DSP2/DSP/prcs_opmode_drc  File: C:\Xilinx_2018\Vivado\2018.3\data/vhdl/src/unisims/primitive/DSP48E1.vhd
Warning: OPMODE Input Warning : The OPMODE 0110X0X with CARRYINSEL  000 to DSP48E1 instance is invalid.
Time: 187500 ps  Iteration: 4  Process: /apatb_Reorder_fft_top/AESL_inst_Reorder_fft/Reorder_fft_fadd_hbi_U3/Reorder_fft_ap_fadd_6_full_dsp_32_u/U0/i_synth/addsub_op/ADDSUB/speed_op/dsp/OP/dsp48e1_body/ALIGN_ADD/DSP2/DSP/prcs_opmode_drc  File: C:\Xilinx_2018\Vivado\2018.3\data/vhdl/src/unisims/primitive/DSP48E1.vhd
Warning: OPMODE Input Warning : The OPMODE 0110X0X with CARRYINSEL  000 to DSP48E1 instance is invalid.
Time: 187500 ps  Iteration: 4  Process: /apatb_Reorder_fft_top/AESL_inst_Reorder_fft/Reorder_fft_fadd_hbi_U4/Reorder_fft_ap_fadd_6_full_dsp_32_u/U0/i_synth/addsub_op/ADDSUB/speed_op/dsp/OP/dsp48e1_body/ALIGN_ADD/DSP2/DSP/prcs_opmode_drc  File: C:\Xilinx_2018\Vivado\2018.3\data/vhdl/src/unisims/primitive/DSP48E1.vhd
Warning: OPMODE Input Warning : The OPMODE 0110X0X with CARRYINSEL  000 to DSP48E1 instance is invalid.
Time: 187500 ps  Iteration: 4  Process: /apatb_Reorder_fft_top/AESL_inst_Reorder_fft/Reorder_fft_fadd_hbi_U5/Reorder_fft_ap_fadd_6_full_dsp_32_u/U0/i_synth/addsub_op/ADDSUB/speed_op/dsp/OP/dsp48e1_body/ALIGN_ADD/DSP2/DSP/prcs_opmode_drc  File: C:\Xilinx_2018\Vivado\2018.3\data/vhdl/src/unisims/primitive/DSP48E1.vhd
Warning: OPMODE Input Warning : The OPMODE 0110X0X with CARRYINSEL  000 to DSP48E1 instance is invalid.
Time: 187500 ps  Iteration: 4  Process: /apatb_Reorder_fft_top/AESL_inst_Reorder_fft/Reorder_fft_fadd_hbi_U6/Reorder_fft_ap_fadd_6_full_dsp_32_u/U0/i_synth/addsub_op/ADDSUB/speed_op/dsp/OP/dsp48e1_body/ALIGN_ADD/DSP2/DSP/prcs_opmode_drc  File: C:\Xilinx_2018\Vivado\2018.3\data/vhdl/src/unisims/primitive/DSP48E1.vhd
Warning: OPMODE Input Warning : The OPMODE 0110X0X with CARRYINSEL  000 to DSP48E1 instance is invalid.
Time: 187500 ps  Iteration: 4  Process: /apatb_Reorder_fft_top/AESL_inst_Reorder_fft/Reorder_fft_fadd_hbi_U7/Reorder_fft_ap_fadd_6_full_dsp_32_u/U0/i_synth/addsub_op/ADDSUB/speed_op/dsp/OP/dsp48e1_body/ALIGN_ADD/DSP2/DSP/prcs_opmode_drc  File: C:\Xilinx_2018\Vivado\2018.3\data/vhdl/src/unisims/primitive/DSP48E1.vhd
Warning: OPMODE Input Warning : The OPMODE 0110X0X with CARRYINSEL  000 to DSP48E1 instance is invalid.
Time: 187500 ps  Iteration: 4  Process: /apatb_Reorder_fft_top/AESL_inst_Reorder_fft/Reorder_fft_fadd_hbi_U8/Reorder_fft_ap_fadd_6_full_dsp_32_u/U0/i_synth/addsub_op/ADDSUB/speed_op/dsp/OP/dsp48e1_body/ALIGN_ADD/DSP2/DSP/prcs_opmode_drc  File: C:\Xilinx_2018\Vivado\2018.3\data/vhdl/src/unisims/primitive/DSP48E1.vhd
Warning: OPMODE Input Warning : The OPMODE 0110X0X with CARRYINSEL  000 to DSP48E1 instance is invalid.
Time: 2712500 ps  Iteration: 4  Process: /apatb_Reorder_fft_top/AESL_inst_Reorder_fft/Reorder_fft_fadd_hbi_U1/Reorder_fft_ap_fadd_6_full_dsp_32_u/U0/i_synth/addsub_op/ADDSUB/speed_op/dsp/OP/dsp48e1_body/ALIGN_ADD/DSP2/DSP/prcs_opmode_drc  File: C:\Xilinx_2018\Vivado\2018.3\data/vhdl/src/unisims/primitive/DSP48E1.vhd
Warning: OPMODE Input Warning : The OPMODE 0110X0X with CARRYINSEL  000 to DSP48E1 instance is invalid.
Time: 2712500 ps  Iteration: 4  Process: /apatb_Reorder_fft_top/AESL_inst_Reorder_fft/Reorder_fft_fadd_hbi_U2/Reorder_fft_ap_fadd_6_full_dsp_32_u/U0/i_synth/addsub_op/ADDSUB/speed_op/dsp/OP/dsp48e1_body/ALIGN_ADD/DSP2/DSP/prcs_opmode_drc  File: C:\Xilinx_2018\Vivado\2018.3\data/vhdl/src/unisims/primitive/DSP48E1.vhd
Warning: OPMODE Input Warning : The OPMODE 0110X0X with CARRYINSEL  000 to DSP48E1 instance is invalid.
Time: 2712500 ps  Iteration: 4  Process: /apatb_Reorder_fft_top/AESL_inst_Reorder_fft/Reorder_fft_fadd_hbi_U3/Reorder_fft_ap_fadd_6_full_dsp_32_u/U0/i_synth/addsub_op/ADDSUB/speed_op/dsp/OP/dsp48e1_body/ALIGN_ADD/DSP2/DSP/prcs_opmode_drc  File: C:\Xilinx_2018\Vivado\2018.3\data/vhdl/src/unisims/primitive/DSP48E1.vhd
Warning: OPMODE Input Warning : The OPMODE 0110X0X with CARRYINSEL  000 to DSP48E1 instance is invalid.
Time: 2712500 ps  Iteration: 4  Process: /apatb_Reorder_fft_top/AESL_inst_Reorder_fft/Reorder_fft_fadd_hbi_U4/Reorder_fft_ap_fadd_6_full_dsp_32_u/U0/i_synth/addsub_op/ADDSUB/speed_op/dsp/OP/dsp48e1_body/ALIGN_ADD/DSP2/DSP/prcs_opmode_drc  File: C:\Xilinx_2018\Vivado\2018.3\data/vhdl/src/unisims/primitive/DSP48E1.vhd
Warning: OPMODE Input Warning : The OPMODE 0110X0X with CARRYINSEL  000 to DSP48E1 instance is invalid.
Time: 2712500 ps  Iteration: 4  Process: /apatb_Reorder_fft_top/AESL_inst_Reorder_fft/Reorder_fft_fadd_hbi_U5/Reorder_fft_ap_fadd_6_full_dsp_32_u/U0/i_synth/addsub_op/ADDSUB/speed_op/dsp/OP/dsp48e1_body/ALIGN_ADD/DSP2/DSP/prcs_opmode_drc  File: C:\Xilinx_2018\Vivado\2018.3\data/vhdl/src/unisims/primitive/DSP48E1.vhd
Warning: OPMODE Input Warning : The OPMODE 0110X0X with CARRYINSEL  000 to DSP48E1 instance is invalid.
Time: 2712500 ps  Iteration: 4  Process: /apatb_Reorder_fft_top/AESL_inst_Reorder_fft/Reorder_fft_fadd_hbi_U6/Reorder_fft_ap_fadd_6_full_dsp_32_u/U0/i_synth/addsub_op/ADDSUB/speed_op/dsp/OP/dsp48e1_body/ALIGN_ADD/DSP2/DSP/prcs_opmode_drc  File: C:\Xilinx_2018\Vivado\2018.3\data/vhdl/src/unisims/primitive/DSP48E1.vhd
Warning: OPMODE Input Warning : The OPMODE 0110X0X with CARRYINSEL  000 to DSP48E1 instance is invalid.
Time: 2712500 ps  Iteration: 4  Process: /apatb_Reorder_fft_top/AESL_inst_Reorder_fft/Reorder_fft_fadd_hbi_U7/Reorder_fft_ap_fadd_6_full_dsp_32_u/U0/i_synth/addsub_op/ADDSUB/speed_op/dsp/OP/dsp48e1_body/ALIGN_ADD/DSP2/DSP/prcs_opmode_drc  File: C:\Xilinx_2018\Vivado\2018.3\data/vhdl/src/unisims/primitive/DSP48E1.vhd
Warning: OPMODE Input Warning : The OPMODE 0110X0X with CARRYINSEL  000 to DSP48E1 instance is invalid.
Time: 2712500 ps  Iteration: 4  Process: /apatb_Reorder_fft_top/AESL_inst_Reorder_fft/Reorder_fft_fadd_hbi_U8/Reorder_fft_ap_fadd_6_full_dsp_32_u/U0/i_synth/addsub_op/ADDSUB/speed_op/dsp/OP/dsp48e1_body/ALIGN_ADD/DSP2/DSP/prcs_opmode_drc  File: C:\Xilinx_2018\Vivado\2018.3\data/vhdl/src/unisims/primitive/DSP48E1.vhd
Warning: OPMODE Input Warning : The OPMODE 0110X0X with CARRYINSEL  000 to DSP48E1 instance is invalid.
Time: 2722500 ps  Iteration: 4  Process: /apatb_Reorder_fft_top/AESL_inst_Reorder_fft/Reorder_fft_fadd_hbi_U1/Reorder_fft_ap_fadd_6_full_dsp_32_u/U0/i_synth/addsub_op/ADDSUB/speed_op/dsp/OP/dsp48e1_body/ALIGN_ADD/DSP2/DSP/prcs_opmode_drc  File: C:\Xilinx_2018\Vivado\2018.3\data/vhdl/src/unisims/primitive/DSP48E1.vhd
Warning: OPMODE Input Warning : The OPMODE 0110X0X with CARRYINSEL  000 to DSP48E1 instance is invalid.
Time: 2722500 ps  Iteration: 4  Process: /apatb_Reorder_fft_top/AESL_inst_Reorder_fft/Reorder_fft_fadd_hbi_U2/Reorder_fft_ap_fadd_6_full_dsp_32_u/U0/i_synth/addsub_op/ADDSUB/speed_op/dsp/OP/dsp48e1_body/ALIGN_ADD/DSP2/DSP/prcs_opmode_drc  File: C:\Xilinx_2018\Vivado\2018.3\data/vhdl/src/unisims/primitive/DSP48E1.vhd
Warning: OPMODE Input Warning : The OPMODE 0110X0X with CARRYINSEL  000 to DSP48E1 instance is invalid.
Time: 2722500 ps  Iteration: 4  Process: /apatb_Reorder_fft_top/AESL_inst_Reorder_fft/Reorder_fft_fadd_hbi_U3/Reorder_fft_ap_fadd_6_full_dsp_32_u/U0/i_synth/addsub_op/ADDSUB/speed_op/dsp/OP/dsp48e1_body/ALIGN_ADD/DSP2/DSP/prcs_opmode_drc  File: C:\Xilinx_2018\Vivado\2018.3\data/vhdl/src/unisims/primitive/DSP48E1.vhd
Warning: OPMODE Input Warning : The OPMODE 0110X0X with CARRYINSEL  000 to DSP48E1 instance is invalid.
Time: 2722500 ps  Iteration: 4  Process: /apatb_Reorder_fft_top/AESL_inst_Reorder_fft/Reorder_fft_fadd_hbi_U4/Reorder_fft_ap_fadd_6_full_dsp_32_u/U0/i_synth/addsub_op/ADDSUB/speed_op/dsp/OP/dsp48e1_body/ALIGN_ADD/DSP2/DSP/prcs_opmode_drc  File: C:\Xilinx_2018\Vivado\2018.3\data/vhdl/src/unisims/primitive/DSP48E1.vhd
Warning: OPMODE Input Warning : The OPMODE 0110X0X with CARRYINSEL  000 to DSP48E1 instance is invalid.
Time: 2722500 ps  Iteration: 4  Process: /apatb_Reorder_fft_top/AESL_inst_Reorder_fft/Reorder_fft_fadd_hbi_U5/Reorder_fft_ap_fadd_6_full_dsp_32_u/U0/i_synth/addsub_op/ADDSUB/speed_op/dsp/OP/dsp48e1_body/ALIGN_ADD/DSP2/DSP/prcs_opmode_drc  File: C:\Xilinx_2018\Vivado\2018.3\data/vhdl/src/unisims/primitive/DSP48E1.vhd
Warning: OPMODE Input Warning : The OPMODE 0110X0X with CARRYINSEL  000 to DSP48E1 instance is invalid.
Time: 2722500 ps  Iteration: 4  Process: /apatb_Reorder_fft_top/AESL_inst_Reorder_fft/Reorder_fft_fadd_hbi_U6/Reorder_fft_ap_fadd_6_full_dsp_32_u/U0/i_synth/addsub_op/ADDSUB/speed_op/dsp/OP/dsp48e1_body/ALIGN_ADD/DSP2/DSP/prcs_opmode_drc  File: C:\Xilinx_2018\Vivado\2018.3\data/vhdl/src/unisims/primitive/DSP48E1.vhd
Warning: OPMODE Input Warning : The OPMODE 0110X0X with CARRYINSEL  000 to DSP48E1 instance is invalid.
Time: 2722500 ps  Iteration: 4  Process: /apatb_Reorder_fft_top/AESL_inst_Reorder_fft/Reorder_fft_fadd_hbi_U7/Reorder_fft_ap_fadd_6_full_dsp_32_u/U0/i_synth/addsub_op/ADDSUB/speed_op/dsp/OP/dsp48e1_body/ALIGN_ADD/DSP2/DSP/prcs_opmode_drc  File: C:\Xilinx_2018\Vivado\2018.3\data/vhdl/src/unisims/primitive/DSP48E1.vhd
Warning: OPMODE Input Warning : The OPMODE 0110X0X with CARRYINSEL  000 to DSP48E1 instance is invalid.
Time: 2722500 ps  Iteration: 4  Process: /apatb_Reorder_fft_top/AESL_inst_Reorder_fft/Reorder_fft_fadd_hbi_U8/Reorder_fft_ap_fadd_6_full_dsp_32_u/U0/i_synth/addsub_op/ADDSUB/speed_op/dsp/OP/dsp48e1_body/ALIGN_ADD/DSP2/DSP/prcs_opmode_drc  File: C:\Xilinx_2018\Vivado\2018.3\data/vhdl/src/unisims/primitive/DSP48E1.vhd
Warning: OPMODE Input Warning : The OPMODE 0110X0X with CARRYINSEL  000 to DSP48E1 instance is invalid.
Time: 2732500 ps  Iteration: 4  Process: /apatb_Reorder_fft_top/AESL_inst_Reorder_fft/Reorder_fft_fadd_hbi_U1/Reorder_fft_ap_fadd_6_full_dsp_32_u/U0/i_synth/addsub_op/ADDSUB/speed_op/dsp/OP/dsp48e1_body/ALIGN_ADD/DSP2/DSP/prcs_opmode_drc  File: C:\Xilinx_2018\Vivado\2018.3\data/vhdl/src/unisims/primitive/DSP48E1.vhd
Warning: OPMODE Input Warning : The OPMODE 0110X0X with CARRYINSEL  000 to DSP48E1 instance is invalid.
Time: 2732500 ps  Iteration: 4  Process: /apatb_Reorder_fft_top/AESL_inst_Reorder_fft/Reorder_fft_fadd_hbi_U2/Reorder_fft_ap_fadd_6_full_dsp_32_u/U0/i_synth/addsub_op/ADDSUB/speed_op/dsp/OP/dsp48e1_body/ALIGN_ADD/DSP2/DSP/prcs_opmode_drc  File: C:\Xilinx_2018\Vivado\2018.3\data/vhdl/src/unisims/primitive/DSP48E1.vhd
Warning: OPMODE Input Warning : The OPMODE 0110X0X with CARRYINSEL  000 to DSP48E1 instance is invalid.
Time: 2732500 ps  Iteration: 4  Process: /apatb_Reorder_fft_top/AESL_inst_Reorder_fft/Reorder_fft_fadd_hbi_U3/Reorder_fft_ap_fadd_6_full_dsp_32_u/U0/i_synth/addsub_op/ADDSUB/speed_op/dsp/OP/dsp48e1_body/ALIGN_ADD/DSP2/DSP/prcs_opmode_drc  File: C:\Xilinx_2018\Vivado\2018.3\data/vhdl/src/unisims/primitive/DSP48E1.vhd
Warning: OPMODE Input Warning : The OPMODE 0110X0X with CARRYINSEL  000 to DSP48E1 instance is invalid.
Time: 2732500 ps  Iteration: 4  Process: /apatb_Reorder_fft_top/AESL_inst_Reorder_fft/Reorder_fft_fadd_hbi_U4/Reorder_fft_ap_fadd_6_full_dsp_32_u/U0/i_synth/addsub_op/ADDSUB/speed_op/dsp/OP/dsp48e1_body/ALIGN_ADD/DSP2/DSP/prcs_opmode_drc  File: C:\Xilinx_2018\Vivado\2018.3\data/vhdl/src/unisims/primitive/DSP48E1.vhd
Warning: OPMODE Input Warning : The OPMODE 0110X0X with CARRYINSEL  000 to DSP48E1 instance is invalid.
Time: 2732500 ps  Iteration: 4  Process: /apatb_Reorder_fft_top/AESL_inst_Reorder_fft/Reorder_fft_fadd_hbi_U5/Reorder_fft_ap_fadd_6_full_dsp_32_u/U0/i_synth/addsub_op/ADDSUB/speed_op/dsp/OP/dsp48e1_body/ALIGN_ADD/DSP2/DSP/prcs_opmode_drc  File: C:\Xilinx_2018\Vivado\2018.3\data/vhdl/src/unisims/primitive/DSP48E1.vhd
Warning: OPMODE Input Warning : The OPMODE 0110X0X with CARRYINSEL  000 to DSP48E1 instance is invalid.
Time: 2732500 ps  Iteration: 4  Process: /apatb_Reorder_fft_top/AESL_inst_Reorder_fft/Reorder_fft_fadd_hbi_U6/Reorder_fft_ap_fadd_6_full_dsp_32_u/U0/i_synth/addsub_op/ADDSUB/speed_op/dsp/OP/dsp48e1_body/ALIGN_ADD/DSP2/DSP/prcs_opmode_drc  File: C:\Xilinx_2018\Vivado\2018.3\data/vhdl/src/unisims/primitive/DSP48E1.vhd
Warning: OPMODE Input Warning : The OPMODE 0110X0X with CARRYINSEL  000 to DSP48E1 instance is invalid.
Time: 2732500 ps  Iteration: 4  Process: /apatb_Reorder_fft_top/AESL_inst_Reorder_fft/Reorder_fft_fadd_hbi_U7/Reorder_fft_ap_fadd_6_full_dsp_32_u/U0/i_synth/addsub_op/ADDSUB/speed_op/dsp/OP/dsp48e1_body/ALIGN_ADD/DSP2/DSP/prcs_opmode_drc  File: C:\Xilinx_2018\Vivado\2018.3\data/vhdl/src/unisims/primitive/DSP48E1.vhd
Warning: OPMODE Input Warning : The OPMODE 0110X0X with CARRYINSEL  000 to DSP48E1 instance is invalid.
Time: 2732500 ps  Iteration: 4  Process: /apatb_Reorder_fft_top/AESL_inst_Reorder_fft/Reorder_fft_fadd_hbi_U8/Reorder_fft_ap_fadd_6_full_dsp_32_u/U0/i_synth/addsub_op/ADDSUB/speed_op/dsp/OP/dsp48e1_body/ALIGN_ADD/DSP2/DSP/prcs_opmode_drc  File: C:\Xilinx_2018\Vivado\2018.3\data/vhdl/src/unisims/primitive/DSP48E1.vhd
Warning: OPMODE Input Warning : The OPMODE 0110X0X with CARRYINSEL  000 to DSP48E1 instance is invalid.
Time: 2742500 ps  Iteration: 4  Process: /apatb_Reorder_fft_top/AESL_inst_Reorder_fft/Reorder_fft_fadd_hbi_U1/Reorder_fft_ap_fadd_6_full_dsp_32_u/U0/i_synth/addsub_op/ADDSUB/speed_op/dsp/OP/dsp48e1_body/ALIGN_ADD/DSP2/DSP/prcs_opmode_drc  File: C:\Xilinx_2018\Vivado\2018.3\data/vhdl/src/unisims/primitive/DSP48E1.vhd
Warning: OPMODE Input Warning : The OPMODE 0110X0X with CARRYINSEL  000 to DSP48E1 instance is invalid.
Time: 2742500 ps  Iteration: 4  Process: /apatb_Reorder_fft_top/AESL_inst_Reorder_fft/Reorder_fft_fadd_hbi_U2/Reorder_fft_ap_fadd_6_full_dsp_32_u/U0/i_synth/addsub_op/ADDSUB/speed_op/dsp/OP/dsp48e1_body/ALIGN_ADD/DSP2/DSP/prcs_opmode_drc  File: C:\Xilinx_2018\Vivado\2018.3\data/vhdl/src/unisims/primitive/DSP48E1.vhd
Warning: OPMODE Input Warning : The OPMODE 0110X0X with CARRYINSEL  000 to DSP48E1 instance is invalid.
Time: 2742500 ps  Iteration: 4  Process: /apatb_Reorder_fft_top/AESL_inst_Reorder_fft/Reorder_fft_fadd_hbi_U3/Reorder_fft_ap_fadd_6_full_dsp_32_u/U0/i_synth/addsub_op/ADDSUB/speed_op/dsp/OP/dsp48e1_body/ALIGN_ADD/DSP2/DSP/prcs_opmode_drc  File: C:\Xilinx_2018\Vivado\2018.3\data/vhdl/src/unisims/primitive/DSP48E1.vhd
Warning: OPMODE Input Warning : The OPMODE 0110X0X with CARRYINSEL  000 to DSP48E1 instance is invalid.
Time: 2742500 ps  Iteration: 4  Process: /apatb_Reorder_fft_top/AESL_inst_Reorder_fft/Reorder_fft_fadd_hbi_U4/Reorder_fft_ap_fadd_6_full_dsp_32_u/U0/i_synth/addsub_op/ADDSUB/speed_op/dsp/OP/dsp48e1_body/ALIGN_ADD/DSP2/DSP/prcs_opmode_drc  File: C:\Xilinx_2018\Vivado\2018.3\data/vhdl/src/unisims/primitive/DSP48E1.vhd
Warning: OPMODE Input Warning : The OPMODE 0110X0X with CARRYINSEL  000 to DSP48E1 instance is invalid.
Time: 2742500 ps  Iteration: 4  Process: /apatb_Reorder_fft_top/AESL_inst_Reorder_fft/Reorder_fft_fadd_hbi_U5/Reorder_fft_ap_fadd_6_full_dsp_32_u/U0/i_synth/addsub_op/ADDSUB/speed_op/dsp/OP/dsp48e1_body/ALIGN_ADD/DSP2/DSP/prcs_opmode_drc  File: C:\Xilinx_2018\Vivado\2018.3\data/vhdl/src/unisims/primitive/DSP48E1.vhd
Warning: OPMODE Input Warning : The OPMODE 0110X0X with CARRYINSEL  000 to DSP48E1 instance is invalid.
Time: 2742500 ps  Iteration: 4  Process: /apatb_Reorder_fft_top/AESL_inst_Reorder_fft/Reorder_fft_fadd_hbi_U6/Reorder_fft_ap_fadd_6_full_dsp_32_u/U0/i_synth/addsub_op/ADDSUB/speed_op/dsp/OP/dsp48e1_body/ALIGN_ADD/DSP2/DSP/prcs_opmode_drc  File: C:\Xilinx_2018\Vivado\2018.3\data/vhdl/src/unisims/primitive/DSP48E1.vhd
Warning: OPMODE Input Warning : The OPMODE 0110X0X with CARRYINSEL  000 to DSP48E1 instance is invalid.
Time: 2742500 ps  Iteration: 4  Process: /apatb_Reorder_fft_top/AESL_inst_Reorder_fft/Reorder_fft_fadd_hbi_U7/Reorder_fft_ap_fadd_6_full_dsp_32_u/U0/i_synth/addsub_op/ADDSUB/speed_op/dsp/OP/dsp48e1_body/ALIGN_ADD/DSP2/DSP/prcs_opmode_drc  File: C:\Xilinx_2018\Vivado\2018.3\data/vhdl/src/unisims/primitive/DSP48E1.vhd
Warning: OPMODE Input Warning : The OPMODE 0110X0X with CARRYINSEL  000 to DSP48E1 instance is invalid.
Time: 2742500 ps  Iteration: 4  Process: /apatb_Reorder_fft_top/AESL_inst_Reorder_fft/Reorder_fft_fadd_hbi_U8/Reorder_fft_ap_fadd_6_full_dsp_32_u/U0/i_synth/addsub_op/ADDSUB/speed_op/dsp/OP/dsp48e1_body/ALIGN_ADD/DSP2/DSP/prcs_opmode_drc  File: C:\Xilinx_2018\Vivado\2018.3\data/vhdl/src/unisims/primitive/DSP48E1.vhd
Warning: OPMODE Input Warning : The OPMODE 0110X0X with CARRYINSEL  000 to DSP48E1 instance is invalid.
Time: 2752500 ps  Iteration: 4  Process: /apatb_Reorder_fft_top/AESL_inst_Reorder_fft/Reorder_fft_fadd_hbi_U1/Reorder_fft_ap_fadd_6_full_dsp_32_u/U0/i_synth/addsub_op/ADDSUB/speed_op/dsp/OP/dsp48e1_body/ALIGN_ADD/DSP2/DSP/prcs_opmode_drc  File: C:\Xilinx_2018\Vivado\2018.3\data/vhdl/src/unisims/primitive/DSP48E1.vhd
Warning: OPMODE Input Warning : The OPMODE 0110X0X with CARRYINSEL  000 to DSP48E1 instance is invalid.
Time: 2752500 ps  Iteration: 4  Process: /apatb_Reorder_fft_top/AESL_inst_Reorder_fft/Reorder_fft_fadd_hbi_U2/Reorder_fft_ap_fadd_6_full_dsp_32_u/U0/i_synth/addsub_op/ADDSUB/speed_op/dsp/OP/dsp48e1_body/ALIGN_ADD/DSP2/DSP/prcs_opmode_drc  File: C:\Xilinx_2018\Vivado\2018.3\data/vhdl/src/unisims/primitive/DSP48E1.vhd
Warning: OPMODE Input Warning : The OPMODE 0110X0X with CARRYINSEL  000 to DSP48E1 instance is invalid.
Time: 2752500 ps  Iteration: 4  Process: /apatb_Reorder_fft_top/AESL_inst_Reorder_fft/Reorder_fft_fadd_hbi_U3/Reorder_fft_ap_fadd_6_full_dsp_32_u/U0/i_synth/addsub_op/ADDSUB/speed_op/dsp/OP/dsp48e1_body/ALIGN_ADD/DSP2/DSP/prcs_opmode_drc  File: C:\Xilinx_2018\Vivado\2018.3\data/vhdl/src/unisims/primitive/DSP48E1.vhd
Warning: OPMODE Input Warning : The OPMODE 0110X0X with CARRYINSEL  000 to DSP48E1 instance is invalid.
Time: 2752500 ps  Iteration: 4  Process: /apatb_Reorder_fft_top/AESL_inst_Reorder_fft/Reorder_fft_fadd_hbi_U4/Reorder_fft_ap_fadd_6_full_dsp_32_u/U0/i_synth/addsub_op/ADDSUB/speed_op/dsp/OP/dsp48e1_body/ALIGN_ADD/DSP2/DSP/prcs_opmode_drc  File: C:\Xilinx_2018\Vivado\2018.3\data/vhdl/src/unisims/primitive/DSP48E1.vhd
Warning: OPMODE Input Warning : The OPMODE 0110X0X with CARRYINSEL  000 to DSP48E1 instance is invalid.
Time: 2752500 ps  Iteration: 4  Process: /apatb_Reorder_fft_top/AESL_inst_Reorder_fft/Reorder_fft_fadd_hbi_U5/Reorder_fft_ap_fadd_6_full_dsp_32_u/U0/i_synth/addsub_op/ADDSUB/speed_op/dsp/OP/dsp48e1_body/ALIGN_ADD/DSP2/DSP/prcs_opmode_drc  File: C:\Xilinx_2018\Vivado\2018.3\data/vhdl/src/unisims/primitive/DSP48E1.vhd
Warning: OPMODE Input Warning : The OPMODE 0110X0X with CARRYINSEL  000 to DSP48E1 instance is invalid.
Time: 2752500 ps  Iteration: 4  Process: /apatb_Reorder_fft_top/AESL_inst_Reorder_fft/Reorder_fft_fadd_hbi_U6/Reorder_fft_ap_fadd_6_full_dsp_32_u/U0/i_synth/addsub_op/ADDSUB/speed_op/dsp/OP/dsp48e1_body/ALIGN_ADD/DSP2/DSP/prcs_opmode_drc  File: C:\Xilinx_2018\Vivado\2018.3\data/vhdl/src/unisims/primitive/DSP48E1.vhd
Warning: OPMODE Input Warning : The OPMODE 0110X0X with CARRYINSEL  000 to DSP48E1 instance is invalid.
Time: 2752500 ps  Iteration: 4  Process: /apatb_Reorder_fft_top/AESL_inst_Reorder_fft/Reorder_fft_fadd_hbi_U7/Reorder_fft_ap_fadd_6_full_dsp_32_u/U0/i_synth/addsub_op/ADDSUB/speed_op/dsp/OP/dsp48e1_body/ALIGN_ADD/DSP2/DSP/prcs_opmode_drc  File: C:\Xilinx_2018\Vivado\2018.3\data/vhdl/src/unisims/primitive/DSP48E1.vhd
Warning: OPMODE Input Warning : The OPMODE 0110X0X with CARRYINSEL  000 to DSP48E1 instance is invalid.
Time: 2752500 ps  Iteration: 4  Process: /apatb_Reorder_fft_top/AESL_inst_Reorder_fft/Reorder_fft_fadd_hbi_U8/Reorder_fft_ap_fadd_6_full_dsp_32_u/U0/i_synth/addsub_op/ADDSUB/speed_op/dsp/OP/dsp48e1_body/ALIGN_ADD/DSP2/DSP/prcs_opmode_drc  File: C:\Xilinx_2018\Vivado\2018.3\data/vhdl/src/unisims/primitive/DSP48E1.vhd
// RTL Simulation : 1 / 3 [n/a] @ "12398000"
Warning: OPMODE Input Warning : The OPMODE 0110X0X with CARRYINSEL  000 to DSP48E1 instance is invalid.
Time: 12437500 ps  Iteration: 4  Process: /apatb_Reorder_fft_top/AESL_inst_Reorder_fft/Reorder_fft_fadd_hbi_U1/Reorder_fft_ap_fadd_6_full_dsp_32_u/U0/i_synth/addsub_op/ADDSUB/speed_op/dsp/OP/dsp48e1_body/ALIGN_ADD/DSP2/DSP/prcs_opmode_drc  File: C:\Xilinx_2018\Vivado\2018.3\data/vhdl/src/unisims/primitive/DSP48E1.vhd
Warning: OPMODE Input Warning : The OPMODE 0110X0X with CARRYINSEL  000 to DSP48E1 instance is invalid.
Time: 12437500 ps  Iteration: 4  Process: /apatb_Reorder_fft_top/AESL_inst_Reorder_fft/Reorder_fft_fadd_hbi_U2/Reorder_fft_ap_fadd_6_full_dsp_32_u/U0/i_synth/addsub_op/ADDSUB/speed_op/dsp/OP/dsp48e1_body/ALIGN_ADD/DSP2/DSP/prcs_opmode_drc  File: C:\Xilinx_2018\Vivado\2018.3\data/vhdl/src/unisims/primitive/DSP48E1.vhd
Warning: OPMODE Input Warning : The OPMODE 0110X0X with CARRYINSEL  000 to DSP48E1 instance is invalid.
Time: 12437500 ps  Iteration: 4  Process: /apatb_Reorder_fft_top/AESL_inst_Reorder_fft/Reorder_fft_fadd_hbi_U3/Reorder_fft_ap_fadd_6_full_dsp_32_u/U0/i_synth/addsub_op/ADDSUB/speed_op/dsp/OP/dsp48e1_body/ALIGN_ADD/DSP2/DSP/prcs_opmode_drc  File: C:\Xilinx_2018\Vivado\2018.3\data/vhdl/src/unisims/primitive/DSP48E1.vhd
Warning: OPMODE Input Warning : The OPMODE 0110X0X with CARRYINSEL  000 to DSP48E1 instance is invalid.
Time: 12437500 ps  Iteration: 4  Process: /apatb_Reorder_fft_top/AESL_inst_Reorder_fft/Reorder_fft_fadd_hbi_U4/Reorder_fft_ap_fadd_6_full_dsp_32_u/U0/i_synth/addsub_op/ADDSUB/speed_op/dsp/OP/dsp48e1_body/ALIGN_ADD/DSP2/DSP/prcs_opmode_drc  File: C:\Xilinx_2018\Vivado\2018.3\data/vhdl/src/unisims/primitive/DSP48E1.vhd
Warning: OPMODE Input Warning : The OPMODE 0110X0X with CARRYINSEL  000 to DSP48E1 instance is invalid.
Time: 12437500 ps  Iteration: 4  Process: /apatb_Reorder_fft_top/AESL_inst_Reorder_fft/Reorder_fft_fadd_hbi_U5/Reorder_fft_ap_fadd_6_full_dsp_32_u/U0/i_synth/addsub_op/ADDSUB/speed_op/dsp/OP/dsp48e1_body/ALIGN_ADD/DSP2/DSP/prcs_opmode_drc  File: C:\Xilinx_2018\Vivado\2018.3\data/vhdl/src/unisims/primitive/DSP48E1.vhd
Warning: OPMODE Input Warning : The OPMODE 0110X0X with CARRYINSEL  000 to DSP48E1 instance is invalid.
Time: 12437500 ps  Iteration: 4  Process: /apatb_Reorder_fft_top/AESL_inst_Reorder_fft/Reorder_fft_fadd_hbi_U6/Reorder_fft_ap_fadd_6_full_dsp_32_u/U0/i_synth/addsub_op/ADDSUB/speed_op/dsp/OP/dsp48e1_body/ALIGN_ADD/DSP2/DSP/prcs_opmode_drc  File: C:\Xilinx_2018\Vivado\2018.3\data/vhdl/src/unisims/primitive/DSP48E1.vhd
Warning: OPMODE Input Warning : The OPMODE 0110X0X with CARRYINSEL  000 to DSP48E1 instance is invalid.
Time: 12437500 ps  Iteration: 4  Process: /apatb_Reorder_fft_top/AESL_inst_Reorder_fft/Reorder_fft_fadd_hbi_U7/Reorder_fft_ap_fadd_6_full_dsp_32_u/U0/i_synth/addsub_op/ADDSUB/speed_op/dsp/OP/dsp48e1_body/ALIGN_ADD/DSP2/DSP/prcs_opmode_drc  File: C:\Xilinx_2018\Vivado\2018.3\data/vhdl/src/unisims/primitive/DSP48E1.vhd
Warning: OPMODE Input Warning : The OPMODE 0110X0X with CARRYINSEL  000 to DSP48E1 instance is invalid.
Time: 12437500 ps  Iteration: 4  Process: /apatb_Reorder_fft_top/AESL_inst_Reorder_fft/Reorder_fft_fadd_hbi_U8/Reorder_fft_ap_fadd_6_full_dsp_32_u/U0/i_synth/addsub_op/ADDSUB/speed_op/dsp/OP/dsp48e1_body/ALIGN_ADD/DSP2/DSP/prcs_opmode_drc  File: C:\Xilinx_2018\Vivado\2018.3\data/vhdl/src/unisims/primitive/DSP48E1.vhd
Warning: OPMODE Input Warning : The OPMODE 0110X0X with CARRYINSEL  000 to DSP48E1 instance is invalid.
Time: 12447500 ps  Iteration: 4  Process: /apatb_Reorder_fft_top/AESL_inst_Reorder_fft/Reorder_fft_fadd_hbi_U1/Reorder_fft_ap_fadd_6_full_dsp_32_u/U0/i_synth/addsub_op/ADDSUB/speed_op/dsp/OP/dsp48e1_body/ALIGN_ADD/DSP2/DSP/prcs_opmode_drc  File: C:\Xilinx_2018\Vivado\2018.3\data/vhdl/src/unisims/primitive/DSP48E1.vhd
Warning: OPMODE Input Warning : The OPMODE 0110X0X with CARRYINSEL  000 to DSP48E1 instance is invalid.
Time: 12447500 ps  Iteration: 4  Process: /apatb_Reorder_fft_top/AESL_inst_Reorder_fft/Reorder_fft_fadd_hbi_U2/Reorder_fft_ap_fadd_6_full_dsp_32_u/U0/i_synth/addsub_op/ADDSUB/speed_op/dsp/OP/dsp48e1_body/ALIGN_ADD/DSP2/DSP/prcs_opmode_drc  File: C:\Xilinx_2018\Vivado\2018.3\data/vhdl/src/unisims/primitive/DSP48E1.vhd
Warning: OPMODE Input Warning : The OPMODE 0110X0X with CARRYINSEL  000 to DSP48E1 instance is invalid.
Time: 12447500 ps  Iteration: 4  Process: /apatb_Reorder_fft_top/AESL_inst_Reorder_fft/Reorder_fft_fadd_hbi_U3/Reorder_fft_ap_fadd_6_full_dsp_32_u/U0/i_synth/addsub_op/ADDSUB/speed_op/dsp/OP/dsp48e1_body/ALIGN_ADD/DSP2/DSP/prcs_opmode_drc  File: C:\Xilinx_2018\Vivado\2018.3\data/vhdl/src/unisims/primitive/DSP48E1.vhd
Warning: OPMODE Input Warning : The OPMODE 0110X0X with CARRYINSEL  000 to DSP48E1 instance is invalid.
Time: 12447500 ps  Iteration: 4  Process: /apatb_Reorder_fft_top/AESL_inst_Reorder_fft/Reorder_fft_fadd_hbi_U4/Reorder_fft_ap_fadd_6_full_dsp_32_u/U0/i_synth/addsub_op/ADDSUB/speed_op/dsp/OP/dsp48e1_body/ALIGN_ADD/DSP2/DSP/prcs_opmode_drc  File: C:\Xilinx_2018\Vivado\2018.3\data/vhdl/src/unisims/primitive/DSP48E1.vhd
Warning: OPMODE Input Warning : The OPMODE 0110X0X with CARRYINSEL  000 to DSP48E1 instance is invalid.
Time: 12447500 ps  Iteration: 4  Process: /apatb_Reorder_fft_top/AESL_inst_Reorder_fft/Reorder_fft_fadd_hbi_U5/Reorder_fft_ap_fadd_6_full_dsp_32_u/U0/i_synth/addsub_op/ADDSUB/speed_op/dsp/OP/dsp48e1_body/ALIGN_ADD/DSP2/DSP/prcs_opmode_drc  File: C:\Xilinx_2018\Vivado\2018.3\data/vhdl/src/unisims/primitive/DSP48E1.vhd
Warning: OPMODE Input Warning : The OPMODE 0110X0X with CARRYINSEL  000 to DSP48E1 instance is invalid.
Time: 12447500 ps  Iteration: 4  Process: /apatb_Reorder_fft_top/AESL_inst_Reorder_fft/Reorder_fft_fadd_hbi_U6/Reorder_fft_ap_fadd_6_full_dsp_32_u/U0/i_synth/addsub_op/ADDSUB/speed_op/dsp/OP/dsp48e1_body/ALIGN_ADD/DSP2/DSP/prcs_opmode_drc  File: C:\Xilinx_2018\Vivado\2018.3\data/vhdl/src/unisims/primitive/DSP48E1.vhd
Warning: OPMODE Input Warning : The OPMODE 0110X0X with CARRYINSEL  000 to DSP48E1 instance is invalid.
Time: 12447500 ps  Iteration: 4  Process: /apatb_Reorder_fft_top/AESL_inst_Reorder_fft/Reorder_fft_fadd_hbi_U7/Reorder_fft_ap_fadd_6_full_dsp_32_u/U0/i_synth/addsub_op/ADDSUB/speed_op/dsp/OP/dsp48e1_body/ALIGN_ADD/DSP2/DSP/prcs_opmode_drc  File: C:\Xilinx_2018\Vivado\2018.3\data/vhdl/src/unisims/primitive/DSP48E1.vhd
Warning: OPMODE Input Warning : The OPMODE 0110X0X with CARRYINSEL  000 to DSP48E1 instance is invalid.
Time: 12447500 ps  Iteration: 4  Process: /apatb_Reorder_fft_top/AESL_inst_Reorder_fft/Reorder_fft_fadd_hbi_U8/Reorder_fft_ap_fadd_6_full_dsp_32_u/U0/i_synth/addsub_op/ADDSUB/speed_op/dsp/OP/dsp48e1_body/ALIGN_ADD/DSP2/DSP/prcs_opmode_drc  File: C:\Xilinx_2018\Vivado\2018.3\data/vhdl/src/unisims/primitive/DSP48E1.vhd
Warning: OPMODE Input Warning : The OPMODE 0110X0X with CARRYINSEL  000 to DSP48E1 instance is invalid.
Time: 12457500 ps  Iteration: 4  Process: /apatb_Reorder_fft_top/AESL_inst_Reorder_fft/Reorder_fft_fadd_hbi_U1/Reorder_fft_ap_fadd_6_full_dsp_32_u/U0/i_synth/addsub_op/ADDSUB/speed_op/dsp/OP/dsp48e1_body/ALIGN_ADD/DSP2/DSP/prcs_opmode_drc  File: C:\Xilinx_2018\Vivado\2018.3\data/vhdl/src/unisims/primitive/DSP48E1.vhd
Warning: OPMODE Input Warning : The OPMODE 0110X0X with CARRYINSEL  000 to DSP48E1 instance is invalid.
Time: 12457500 ps  Iteration: 4  Process: /apatb_Reorder_fft_top/AESL_inst_Reorder_fft/Reorder_fft_fadd_hbi_U2/Reorder_fft_ap_fadd_6_full_dsp_32_u/U0/i_synth/addsub_op/ADDSUB/speed_op/dsp/OP/dsp48e1_body/ALIGN_ADD/DSP2/DSP/prcs_opmode_drc  File: C:\Xilinx_2018\Vivado\2018.3\data/vhdl/src/unisims/primitive/DSP48E1.vhd
Warning: OPMODE Input Warning : The OPMODE 0110X0X with CARRYINSEL  000 to DSP48E1 instance is invalid.
Time: 12457500 ps  Iteration: 4  Process: /apatb_Reorder_fft_top/AESL_inst_Reorder_fft/Reorder_fft_fadd_hbi_U3/Reorder_fft_ap_fadd_6_full_dsp_32_u/U0/i_synth/addsub_op/ADDSUB/speed_op/dsp/OP/dsp48e1_body/ALIGN_ADD/DSP2/DSP/prcs_opmode_drc  File: C:\Xilinx_2018\Vivado\2018.3\data/vhdl/src/unisims/primitive/DSP48E1.vhd
Warning: OPMODE Input Warning : The OPMODE 0110X0X with CARRYINSEL  000 to DSP48E1 instance is invalid.
Time: 12457500 ps  Iteration: 4  Process: /apatb_Reorder_fft_top/AESL_inst_Reorder_fft/Reorder_fft_fadd_hbi_U4/Reorder_fft_ap_fadd_6_full_dsp_32_u/U0/i_synth/addsub_op/ADDSUB/speed_op/dsp/OP/dsp48e1_body/ALIGN_ADD/DSP2/DSP/prcs_opmode_drc  File: C:\Xilinx_2018\Vivado\2018.3\data/vhdl/src/unisims/primitive/DSP48E1.vhd
Warning: OPMODE Input Warning : The OPMODE 0110X0X with CARRYINSEL  000 to DSP48E1 instance is invalid.
Time: 12457500 ps  Iteration: 4  Process: /apatb_Reorder_fft_top/AESL_inst_Reorder_fft/Reorder_fft_fadd_hbi_U5/Reorder_fft_ap_fadd_6_full_dsp_32_u/U0/i_synth/addsub_op/ADDSUB/speed_op/dsp/OP/dsp48e1_body/ALIGN_ADD/DSP2/DSP/prcs_opmode_drc  File: C:\Xilinx_2018\Vivado\2018.3\data/vhdl/src/unisims/primitive/DSP48E1.vhd
Warning: OPMODE Input Warning : The OPMODE 0110X0X with CARRYINSEL  000 to DSP48E1 instance is invalid.
Time: 12457500 ps  Iteration: 4  Process: /apatb_Reorder_fft_top/AESL_inst_Reorder_fft/Reorder_fft_fadd_hbi_U6/Reorder_fft_ap_fadd_6_full_dsp_32_u/U0/i_synth/addsub_op/ADDSUB/speed_op/dsp/OP/dsp48e1_body/ALIGN_ADD/DSP2/DSP/prcs_opmode_drc  File: C:\Xilinx_2018\Vivado\2018.3\data/vhdl/src/unisims/primitive/DSP48E1.vhd
Warning: OPMODE Input Warning : The OPMODE 0110X0X with CARRYINSEL  000 to DSP48E1 instance is invalid.
Time: 12457500 ps  Iteration: 4  Process: /apatb_Reorder_fft_top/AESL_inst_Reorder_fft/Reorder_fft_fadd_hbi_U7/Reorder_fft_ap_fadd_6_full_dsp_32_u/U0/i_synth/addsub_op/ADDSUB/speed_op/dsp/OP/dsp48e1_body/ALIGN_ADD/DSP2/DSP/prcs_opmode_drc  File: C:\Xilinx_2018\Vivado\2018.3\data/vhdl/src/unisims/primitive/DSP48E1.vhd
Warning: OPMODE Input Warning : The OPMODE 0110X0X with CARRYINSEL  000 to DSP48E1 instance is invalid.
Time: 12457500 ps  Iteration: 4  Process: /apatb_Reorder_fft_top/AESL_inst_Reorder_fft/Reorder_fft_fadd_hbi_U8/Reorder_fft_ap_fadd_6_full_dsp_32_u/U0/i_synth/addsub_op/ADDSUB/speed_op/dsp/OP/dsp48e1_body/ALIGN_ADD/DSP2/DSP/prcs_opmode_drc  File: C:\Xilinx_2018\Vivado\2018.3\data/vhdl/src/unisims/primitive/DSP48E1.vhd
Warning: OPMODE Input Warning : The OPMODE 0110X0X with CARRYINSEL  000 to DSP48E1 instance is invalid.
Time: 12467500 ps  Iteration: 4  Process: /apatb_Reorder_fft_top/AESL_inst_Reorder_fft/Reorder_fft_fadd_hbi_U1/Reorder_fft_ap_fadd_6_full_dsp_32_u/U0/i_synth/addsub_op/ADDSUB/speed_op/dsp/OP/dsp48e1_body/ALIGN_ADD/DSP2/DSP/prcs_opmode_drc  File: C:\Xilinx_2018\Vivado\2018.3\data/vhdl/src/unisims/primitive/DSP48E1.vhd
Warning: OPMODE Input Warning : The OPMODE 0110X0X with CARRYINSEL  000 to DSP48E1 instance is invalid.
Time: 12467500 ps  Iteration: 4  Process: /apatb_Reorder_fft_top/AESL_inst_Reorder_fft/Reorder_fft_fadd_hbi_U2/Reorder_fft_ap_fadd_6_full_dsp_32_u/U0/i_synth/addsub_op/ADDSUB/speed_op/dsp/OP/dsp48e1_body/ALIGN_ADD/DSP2/DSP/prcs_opmode_drc  File: C:\Xilinx_2018\Vivado\2018.3\data/vhdl/src/unisims/primitive/DSP48E1.vhd
Warning: OPMODE Input Warning : The OPMODE 0110X0X with CARRYINSEL  000 to DSP48E1 instance is invalid.
Time: 12467500 ps  Iteration: 4  Process: /apatb_Reorder_fft_top/AESL_inst_Reorder_fft/Reorder_fft_fadd_hbi_U3/Reorder_fft_ap_fadd_6_full_dsp_32_u/U0/i_synth/addsub_op/ADDSUB/speed_op/dsp/OP/dsp48e1_body/ALIGN_ADD/DSP2/DSP/prcs_opmode_drc  File: C:\Xilinx_2018\Vivado\2018.3\data/vhdl/src/unisims/primitive/DSP48E1.vhd
Warning: OPMODE Input Warning : The OPMODE 0110X0X with CARRYINSEL  000 to DSP48E1 instance is invalid.
Time: 12467500 ps  Iteration: 4  Process: /apatb_Reorder_fft_top/AESL_inst_Reorder_fft/Reorder_fft_fadd_hbi_U4/Reorder_fft_ap_fadd_6_full_dsp_32_u/U0/i_synth/addsub_op/ADDSUB/speed_op/dsp/OP/dsp48e1_body/ALIGN_ADD/DSP2/DSP/prcs_opmode_drc  File: C:\Xilinx_2018\Vivado\2018.3\data/vhdl/src/unisims/primitive/DSP48E1.vhd
Warning: OPMODE Input Warning : The OPMODE 0110X0X with CARRYINSEL  000 to DSP48E1 instance is invalid.
Time: 12467500 ps  Iteration: 4  Process: /apatb_Reorder_fft_top/AESL_inst_Reorder_fft/Reorder_fft_fadd_hbi_U5/Reorder_fft_ap_fadd_6_full_dsp_32_u/U0/i_synth/addsub_op/ADDSUB/speed_op/dsp/OP/dsp48e1_body/ALIGN_ADD/DSP2/DSP/prcs_opmode_drc  File: C:\Xilinx_2018\Vivado\2018.3\data/vhdl/src/unisims/primitive/DSP48E1.vhd
Warning: OPMODE Input Warning : The OPMODE 0110X0X with CARRYINSEL  000 to DSP48E1 instance is invalid.
Time: 12467500 ps  Iteration: 4  Process: /apatb_Reorder_fft_top/AESL_inst_Reorder_fft/Reorder_fft_fadd_hbi_U6/Reorder_fft_ap_fadd_6_full_dsp_32_u/U0/i_synth/addsub_op/ADDSUB/speed_op/dsp/OP/dsp48e1_body/ALIGN_ADD/DSP2/DSP/prcs_opmode_drc  File: C:\Xilinx_2018\Vivado\2018.3\data/vhdl/src/unisims/primitive/DSP48E1.vhd
Warning: OPMODE Input Warning : The OPMODE 0110X0X with CARRYINSEL  000 to DSP48E1 instance is invalid.
Time: 12467500 ps  Iteration: 4  Process: /apatb_Reorder_fft_top/AESL_inst_Reorder_fft/Reorder_fft_fadd_hbi_U7/Reorder_fft_ap_fadd_6_full_dsp_32_u/U0/i_synth/addsub_op/ADDSUB/speed_op/dsp/OP/dsp48e1_body/ALIGN_ADD/DSP2/DSP/prcs_opmode_drc  File: C:\Xilinx_2018\Vivado\2018.3\data/vhdl/src/unisims/primitive/DSP48E1.vhd
Warning: OPMODE Input Warning : The OPMODE 0110X0X with CARRYINSEL  000 to DSP48E1 instance is invalid.
Time: 12467500 ps  Iteration: 4  Process: /apatb_Reorder_fft_top/AESL_inst_Reorder_fft/Reorder_fft_fadd_hbi_U8/Reorder_fft_ap_fadd_6_full_dsp_32_u/U0/i_synth/addsub_op/ADDSUB/speed_op/dsp/OP/dsp48e1_body/ALIGN_ADD/DSP2/DSP/prcs_opmode_drc  File: C:\Xilinx_2018\Vivado\2018.3\data/vhdl/src/unisims/primitive/DSP48E1.vhd
Warning: OPMODE Input Warning : The OPMODE 0110X0X with CARRYINSEL  000 to DSP48E1 instance is invalid.
Time: 22672500 ps  Iteration: 4  Process: /apatb_Reorder_fft_top/AESL_inst_Reorder_fft/Reorder_fft_fadd_hbi_U1/Reorder_fft_ap_fadd_6_full_dsp_32_u/U0/i_synth/addsub_op/ADDSUB/speed_op/dsp/OP/dsp48e1_body/ALIGN_ADD/DSP2/DSP/prcs_opmode_drc  File: C:\Xilinx_2018\Vivado\2018.3\data/vhdl/src/unisims/primitive/DSP48E1.vhd
Warning: OPMODE Input Warning : The OPMODE 0110X0X with CARRYINSEL  000 to DSP48E1 instance is invalid.
Time: 22672500 ps  Iteration: 4  Process: /apatb_Reorder_fft_top/AESL_inst_Reorder_fft/Reorder_fft_fadd_hbi_U2/Reorder_fft_ap_fadd_6_full_dsp_32_u/U0/i_synth/addsub_op/ADDSUB/speed_op/dsp/OP/dsp48e1_body/ALIGN_ADD/DSP2/DSP/prcs_opmode_drc  File: C:\Xilinx_2018\Vivado\2018.3\data/vhdl/src/unisims/primitive/DSP48E1.vhd
Warning: OPMODE Input Warning : The OPMODE 0110X0X with CARRYINSEL  000 to DSP48E1 instance is invalid.
Time: 22672500 ps  Iteration: 4  Process: /apatb_Reorder_fft_top/AESL_inst_Reorder_fft/Reorder_fft_fadd_hbi_U3/Reorder_fft_ap_fadd_6_full_dsp_32_u/U0/i_synth/addsub_op/ADDSUB/speed_op/dsp/OP/dsp48e1_body/ALIGN_ADD/DSP2/DSP/prcs_opmode_drc  File: C:\Xilinx_2018\Vivado\2018.3\data/vhdl/src/unisims/primitive/DSP48E1.vhd
Warning: OPMODE Input Warning : The OPMODE 0110X0X with CARRYINSEL  000 to DSP48E1 instance is invalid.
Time: 22672500 ps  Iteration: 4  Process: /apatb_Reorder_fft_top/AESL_inst_Reorder_fft/Reorder_fft_fadd_hbi_U4/Reorder_fft_ap_fadd_6_full_dsp_32_u/U0/i_synth/addsub_op/ADDSUB/speed_op/dsp/OP/dsp48e1_body/ALIGN_ADD/DSP2/DSP/prcs_opmode_drc  File: C:\Xilinx_2018\Vivado\2018.3\data/vhdl/src/unisims/primitive/DSP48E1.vhd
Warning: OPMODE Input Warning : The OPMODE 0110X0X with CARRYINSEL  000 to DSP48E1 instance is invalid.
Time: 22672500 ps  Iteration: 4  Process: /apatb_Reorder_fft_top/AESL_inst_Reorder_fft/Reorder_fft_fadd_hbi_U5/Reorder_fft_ap_fadd_6_full_dsp_32_u/U0/i_synth/addsub_op/ADDSUB/speed_op/dsp/OP/dsp48e1_body/ALIGN_ADD/DSP2/DSP/prcs_opmode_drc  File: C:\Xilinx_2018\Vivado\2018.3\data/vhdl/src/unisims/primitive/DSP48E1.vhd
Warning: OPMODE Input Warning : The OPMODE 0110X0X with CARRYINSEL  000 to DSP48E1 instance is invalid.
Time: 22672500 ps  Iteration: 4  Process: /apatb_Reorder_fft_top/AESL_inst_Reorder_fft/Reorder_fft_fadd_hbi_U6/Reorder_fft_ap_fadd_6_full_dsp_32_u/U0/i_synth/addsub_op/ADDSUB/speed_op/dsp/OP/dsp48e1_body/ALIGN_ADD/DSP2/DSP/prcs_opmode_drc  File: C:\Xilinx_2018\Vivado\2018.3\data/vhdl/src/unisims/primitive/DSP48E1.vhd
Warning: OPMODE Input Warning : The OPMODE 0110X0X with CARRYINSEL  000 to DSP48E1 instance is invalid.
Time: 22672500 ps  Iteration: 4  Process: /apatb_Reorder_fft_top/AESL_inst_Reorder_fft/Reorder_fft_fadd_hbi_U7/Reorder_fft_ap_fadd_6_full_dsp_32_u/U0/i_synth/addsub_op/ADDSUB/speed_op/dsp/OP/dsp48e1_body/ALIGN_ADD/DSP2/DSP/prcs_opmode_drc  File: C:\Xilinx_2018\Vivado\2018.3\data/vhdl/src/unisims/primitive/DSP48E1.vhd
Warning: OPMODE Input Warning : The OPMODE 0110X0X with CARRYINSEL  000 to DSP48E1 instance is invalid.
Time: 22672500 ps  Iteration: 4  Process: /apatb_Reorder_fft_top/AESL_inst_Reorder_fft/Reorder_fft_fadd_hbi_U8/Reorder_fft_ap_fadd_6_full_dsp_32_u/U0/i_synth/addsub_op/ADDSUB/speed_op/dsp/OP/dsp48e1_body/ALIGN_ADD/DSP2/DSP/prcs_opmode_drc  File: C:\Xilinx_2018\Vivado\2018.3\data/vhdl/src/unisims/primitive/DSP48E1.vhd
Warning: OPMODE Input Warning : The OPMODE 0110X0X with CARRYINSEL  000 to DSP48E1 instance is invalid.
Time: 22682500 ps  Iteration: 4  Process: /apatb_Reorder_fft_top/AESL_inst_Reorder_fft/Reorder_fft_fadd_hbi_U1/Reorder_fft_ap_fadd_6_full_dsp_32_u/U0/i_synth/addsub_op/ADDSUB/speed_op/dsp/OP/dsp48e1_body/ALIGN_ADD/DSP2/DSP/prcs_opmode_drc  File: C:\Xilinx_2018\Vivado\2018.3\data/vhdl/src/unisims/primitive/DSP48E1.vhd
Warning: OPMODE Input Warning : The OPMODE 0110X0X with CARRYINSEL  000 to DSP48E1 instance is invalid.
Time: 22682500 ps  Iteration: 4  Process: /apatb_Reorder_fft_top/AESL_inst_Reorder_fft/Reorder_fft_fadd_hbi_U2/Reorder_fft_ap_fadd_6_full_dsp_32_u/U0/i_synth/addsub_op/ADDSUB/speed_op/dsp/OP/dsp48e1_body/ALIGN_ADD/DSP2/DSP/prcs_opmode_drc  File: C:\Xilinx_2018\Vivado\2018.3\data/vhdl/src/unisims/primitive/DSP48E1.vhd
Warning: OPMODE Input Warning : The OPMODE 0110X0X with CARRYINSEL  000 to DSP48E1 instance is invalid.
Time: 22682500 ps  Iteration: 4  Process: /apatb_Reorder_fft_top/AESL_inst_Reorder_fft/Reorder_fft_fadd_hbi_U3/Reorder_fft_ap_fadd_6_full_dsp_32_u/U0/i_synth/addsub_op/ADDSUB/speed_op/dsp/OP/dsp48e1_body/ALIGN_ADD/DSP2/DSP/prcs_opmode_drc  File: C:\Xilinx_2018\Vivado\2018.3\data/vhdl/src/unisims/primitive/DSP48E1.vhd
Warning: OPMODE Input Warning : The OPMODE 0110X0X with CARRYINSEL  000 to DSP48E1 instance is invalid.
Time: 22682500 ps  Iteration: 4  Process: /apatb_Reorder_fft_top/AESL_inst_Reorder_fft/Reorder_fft_fadd_hbi_U4/Reorder_fft_ap_fadd_6_full_dsp_32_u/U0/i_synth/addsub_op/ADDSUB/speed_op/dsp/OP/dsp48e1_body/ALIGN_ADD/DSP2/DSP/prcs_opmode_drc  File: C:\Xilinx_2018\Vivado\2018.3\data/vhdl/src/unisims/primitive/DSP48E1.vhd
Warning: OPMODE Input Warning : The OPMODE 0110X0X with CARRYINSEL  000 to DSP48E1 instance is invalid.
Time: 22682500 ps  Iteration: 4  Process: /apatb_Reorder_fft_top/AESL_inst_Reorder_fft/Reorder_fft_fadd_hbi_U5/Reorder_fft_ap_fadd_6_full_dsp_32_u/U0/i_synth/addsub_op/ADDSUB/speed_op/dsp/OP/dsp48e1_body/ALIGN_ADD/DSP2/DSP/prcs_opmode_drc  File: C:\Xilinx_2018\Vivado\2018.3\data/vhdl/src/unisims/primitive/DSP48E1.vhd
Warning: OPMODE Input Warning : The OPMODE 0110X0X with CARRYINSEL  000 to DSP48E1 instance is invalid.
Time: 22682500 ps  Iteration: 4  Process: /apatb_Reorder_fft_top/AESL_inst_Reorder_fft/Reorder_fft_fadd_hbi_U6/Reorder_fft_ap_fadd_6_full_dsp_32_u/U0/i_synth/addsub_op/ADDSUB/speed_op/dsp/OP/dsp48e1_body/ALIGN_ADD/DSP2/DSP/prcs_opmode_drc  File: C:\Xilinx_2018\Vivado\2018.3\data/vhdl/src/unisims/primitive/DSP48E1.vhd
Warning: OPMODE Input Warning : The OPMODE 0110X0X with CARRYINSEL  000 to DSP48E1 instance is invalid.
Time: 22682500 ps  Iteration: 4  Process: /apatb_Reorder_fft_top/AESL_inst_Reorder_fft/Reorder_fft_fadd_hbi_U7/Reorder_fft_ap_fadd_6_full_dsp_32_u/U0/i_synth/addsub_op/ADDSUB/speed_op/dsp/OP/dsp48e1_body/ALIGN_ADD/DSP2/DSP/prcs_opmode_drc  File: C:\Xilinx_2018\Vivado\2018.3\data/vhdl/src/unisims/primitive/DSP48E1.vhd
Warning: OPMODE Input Warning : The OPMODE 0110X0X with CARRYINSEL  000 to DSP48E1 instance is invalid.
Time: 22682500 ps  Iteration: 4  Process: /apatb_Reorder_fft_top/AESL_inst_Reorder_fft/Reorder_fft_fadd_hbi_U8/Reorder_fft_ap_fadd_6_full_dsp_32_u/U0/i_synth/addsub_op/ADDSUB/speed_op/dsp/OP/dsp48e1_body/ALIGN_ADD/DSP2/DSP/prcs_opmode_drc  File: C:\Xilinx_2018\Vivado\2018.3\data/vhdl/src/unisims/primitive/DSP48E1.vhd
Warning: OPMODE Input Warning : The OPMODE 0110X0X with CARRYINSEL  000 to DSP48E1 instance is invalid.
Time: 22692500 ps  Iteration: 4  Process: /apatb_Reorder_fft_top/AESL_inst_Reorder_fft/Reorder_fft_fadd_hbi_U1/Reorder_fft_ap_fadd_6_full_dsp_32_u/U0/i_synth/addsub_op/ADDSUB/speed_op/dsp/OP/dsp48e1_body/ALIGN_ADD/DSP2/DSP/prcs_opmode_drc  File: C:\Xilinx_2018\Vivado\2018.3\data/vhdl/src/unisims/primitive/DSP48E1.vhd
Warning: OPMODE Input Warning : The OPMODE 0110X0X with CARRYINSEL  000 to DSP48E1 instance is invalid.
Time: 22692500 ps  Iteration: 4  Process: /apatb_Reorder_fft_top/AESL_inst_Reorder_fft/Reorder_fft_fadd_hbi_U2/Reorder_fft_ap_fadd_6_full_dsp_32_u/U0/i_synth/addsub_op/ADDSUB/speed_op/dsp/OP/dsp48e1_body/ALIGN_ADD/DSP2/DSP/prcs_opmode_drc  File: C:\Xilinx_2018\Vivado\2018.3\data/vhdl/src/unisims/primitive/DSP48E1.vhd
Warning: OPMODE Input Warning : The OPMODE 0110X0X with CARRYINSEL  000 to DSP48E1 instance is invalid.
Time: 22692500 ps  Iteration: 4  Process: /apatb_Reorder_fft_top/AESL_inst_Reorder_fft/Reorder_fft_fadd_hbi_U3/Reorder_fft_ap_fadd_6_full_dsp_32_u/U0/i_synth/addsub_op/ADDSUB/speed_op/dsp/OP/dsp48e1_body/ALIGN_ADD/DSP2/DSP/prcs_opmode_drc  File: C:\Xilinx_2018\Vivado\2018.3\data/vhdl/src/unisims/primitive/DSP48E1.vhd
Warning: OPMODE Input Warning : The OPMODE 0110X0X with CARRYINSEL  000 to DSP48E1 instance is invalid.
Time: 22692500 ps  Iteration: 4  Process: /apatb_Reorder_fft_top/AESL_inst_Reorder_fft/Reorder_fft_fadd_hbi_U4/Reorder_fft_ap_fadd_6_full_dsp_32_u/U0/i_synth/addsub_op/ADDSUB/speed_op/dsp/OP/dsp48e1_body/ALIGN_ADD/DSP2/DSP/prcs_opmode_drc  File: C:\Xilinx_2018\Vivado\2018.3\data/vhdl/src/unisims/primitive/DSP48E1.vhd
Warning: OPMODE Input Warning : The OPMODE 0110X0X with CARRYINSEL  000 to DSP48E1 instance is invalid.
Time: 22692500 ps  Iteration: 4  Process: /apatb_Reorder_fft_top/AESL_inst_Reorder_fft/Reorder_fft_fadd_hbi_U5/Reorder_fft_ap_fadd_6_full_dsp_32_u/U0/i_synth/addsub_op/ADDSUB/speed_op/dsp/OP/dsp48e1_body/ALIGN_ADD/DSP2/DSP/prcs_opmode_drc  File: C:\Xilinx_2018\Vivado\2018.3\data/vhdl/src/unisims/primitive/DSP48E1.vhd
Warning: OPMODE Input Warning : The OPMODE 0110X0X with CARRYINSEL  000 to DSP48E1 instance is invalid.
Time: 22692500 ps  Iteration: 4  Process: /apatb_Reorder_fft_top/AESL_inst_Reorder_fft/Reorder_fft_fadd_hbi_U6/Reorder_fft_ap_fadd_6_full_dsp_32_u/U0/i_synth/addsub_op/ADDSUB/speed_op/dsp/OP/dsp48e1_body/ALIGN_ADD/DSP2/DSP/prcs_opmode_drc  File: C:\Xilinx_2018\Vivado\2018.3\data/vhdl/src/unisims/primitive/DSP48E1.vhd
Warning: OPMODE Input Warning : The OPMODE 0110X0X with CARRYINSEL  000 to DSP48E1 instance is invalid.
Time: 22692500 ps  Iteration: 4  Process: /apatb_Reorder_fft_top/AESL_inst_Reorder_fft/Reorder_fft_fadd_hbi_U7/Reorder_fft_ap_fadd_6_full_dsp_32_u/U0/i_synth/addsub_op/ADDSUB/speed_op/dsp/OP/dsp48e1_body/ALIGN_ADD/DSP2/DSP/prcs_opmode_drc  File: C:\Xilinx_2018\Vivado\2018.3\data/vhdl/src/unisims/primitive/DSP48E1.vhd
Warning: OPMODE Input Warning : The OPMODE 0110X0X with CARRYINSEL  000 to DSP48E1 instance is invalid.
Time: 22692500 ps  Iteration: 4  Process: /apatb_Reorder_fft_top/AESL_inst_Reorder_fft/Reorder_fft_fadd_hbi_U8/Reorder_fft_ap_fadd_6_full_dsp_32_u/U0/i_synth/addsub_op/ADDSUB/speed_op/dsp/OP/dsp48e1_body/ALIGN_ADD/DSP2/DSP/prcs_opmode_drc  File: C:\Xilinx_2018\Vivado\2018.3\data/vhdl/src/unisims/primitive/DSP48E1.vhd
Warning: OPMODE Input Warning : The OPMODE 0110X0X with CARRYINSEL  000 to DSP48E1 instance is invalid.
Time: 22702500 ps  Iteration: 4  Process: /apatb_Reorder_fft_top/AESL_inst_Reorder_fft/Reorder_fft_fadd_hbi_U1/Reorder_fft_ap_fadd_6_full_dsp_32_u/U0/i_synth/addsub_op/ADDSUB/speed_op/dsp/OP/dsp48e1_body/ALIGN_ADD/DSP2/DSP/prcs_opmode_drc  File: C:\Xilinx_2018\Vivado\2018.3\data/vhdl/src/unisims/primitive/DSP48E1.vhd
Warning: OPMODE Input Warning : The OPMODE 0110X0X with CARRYINSEL  000 to DSP48E1 instance is invalid.
Time: 22702500 ps  Iteration: 4  Process: /apatb_Reorder_fft_top/AESL_inst_Reorder_fft/Reorder_fft_fadd_hbi_U2/Reorder_fft_ap_fadd_6_full_dsp_32_u/U0/i_synth/addsub_op/ADDSUB/speed_op/dsp/OP/dsp48e1_body/ALIGN_ADD/DSP2/DSP/prcs_opmode_drc  File: C:\Xilinx_2018\Vivado\2018.3\data/vhdl/src/unisims/primitive/DSP48E1.vhd
Warning: OPMODE Input Warning : The OPMODE 0110X0X with CARRYINSEL  000 to DSP48E1 instance is invalid.
Time: 22702500 ps  Iteration: 4  Process: /apatb_Reorder_fft_top/AESL_inst_Reorder_fft/Reorder_fft_fadd_hbi_U3/Reorder_fft_ap_fadd_6_full_dsp_32_u/U0/i_synth/addsub_op/ADDSUB/speed_op/dsp/OP/dsp48e1_body/ALIGN_ADD/DSP2/DSP/prcs_opmode_drc  File: C:\Xilinx_2018\Vivado\2018.3\data/vhdl/src/unisims/primitive/DSP48E1.vhd
Warning: OPMODE Input Warning : The OPMODE 0110X0X with CARRYINSEL  000 to DSP48E1 instance is invalid.
Time: 22702500 ps  Iteration: 4  Process: /apatb_Reorder_fft_top/AESL_inst_Reorder_fft/Reorder_fft_fadd_hbi_U4/Reorder_fft_ap_fadd_6_full_dsp_32_u/U0/i_synth/addsub_op/ADDSUB/speed_op/dsp/OP/dsp48e1_body/ALIGN_ADD/DSP2/DSP/prcs_opmode_drc  File: C:\Xilinx_2018\Vivado\2018.3\data/vhdl/src/unisims/primitive/DSP48E1.vhd
Warning: OPMODE Input Warning : The OPMODE 0110X0X with CARRYINSEL  000 to DSP48E1 instance is invalid.
Time: 22702500 ps  Iteration: 4  Process: /apatb_Reorder_fft_top/AESL_inst_Reorder_fft/Reorder_fft_fadd_hbi_U5/Reorder_fft_ap_fadd_6_full_dsp_32_u/U0/i_synth/addsub_op/ADDSUB/speed_op/dsp/OP/dsp48e1_body/ALIGN_ADD/DSP2/DSP/prcs_opmode_drc  File: C:\Xilinx_2018\Vivado\2018.3\data/vhdl/src/unisims/primitive/DSP48E1.vhd
Warning: OPMODE Input Warning : The OPMODE 0110X0X with CARRYINSEL  000 to DSP48E1 instance is invalid.
Time: 22702500 ps  Iteration: 4  Process: /apatb_Reorder_fft_top/AESL_inst_Reorder_fft/Reorder_fft_fadd_hbi_U6/Reorder_fft_ap_fadd_6_full_dsp_32_u/U0/i_synth/addsub_op/ADDSUB/speed_op/dsp/OP/dsp48e1_body/ALIGN_ADD/DSP2/DSP/prcs_opmode_drc  File: C:\Xilinx_2018\Vivado\2018.3\data/vhdl/src/unisims/primitive/DSP48E1.vhd
Warning: OPMODE Input Warning : The OPMODE 0110X0X with CARRYINSEL  000 to DSP48E1 instance is invalid.
Time: 22702500 ps  Iteration: 4  Process: /apatb_Reorder_fft_top/AESL_inst_Reorder_fft/Reorder_fft_fadd_hbi_U7/Reorder_fft_ap_fadd_6_full_dsp_32_u/U0/i_synth/addsub_op/ADDSUB/speed_op/dsp/OP/dsp48e1_body/ALIGN_ADD/DSP2/DSP/prcs_opmode_drc  File: C:\Xilinx_2018\Vivado\2018.3\data/vhdl/src/unisims/primitive/DSP48E1.vhd
Warning: OPMODE Input Warning : The OPMODE 0110X0X with CARRYINSEL  000 to DSP48E1 instance is invalid.
Time: 22702500 ps  Iteration: 4  Process: /apatb_Reorder_fft_top/AESL_inst_Reorder_fft/Reorder_fft_fadd_hbi_U8/Reorder_fft_ap_fadd_6_full_dsp_32_u/U0/i_synth/addsub_op/ADDSUB/speed_op/dsp/OP/dsp48e1_body/ALIGN_ADD/DSP2/DSP/prcs_opmode_drc  File: C:\Xilinx_2018\Vivado\2018.3\data/vhdl/src/unisims/primitive/DSP48E1.vhd
Warning: OPMODE Input Warning : The OPMODE 0110X0X with CARRYINSEL  000 to DSP48E1 instance is invalid.
Time: 22712500 ps  Iteration: 4  Process: /apatb_Reorder_fft_top/AESL_inst_Reorder_fft/Reorder_fft_fadd_hbi_U1/Reorder_fft_ap_fadd_6_full_dsp_32_u/U0/i_synth/addsub_op/ADDSUB/speed_op/dsp/OP/dsp48e1_body/ALIGN_ADD/DSP2/DSP/prcs_opmode_drc  File: C:\Xilinx_2018\Vivado\2018.3\data/vhdl/src/unisims/primitive/DSP48E1.vhd
Warning: OPMODE Input Warning : The OPMODE 0110X0X with CARRYINSEL  000 to DSP48E1 instance is invalid.
Time: 22712500 ps  Iteration: 4  Process: /apatb_Reorder_fft_top/AESL_inst_Reorder_fft/Reorder_fft_fadd_hbi_U2/Reorder_fft_ap_fadd_6_full_dsp_32_u/U0/i_synth/addsub_op/ADDSUB/speed_op/dsp/OP/dsp48e1_body/ALIGN_ADD/DSP2/DSP/prcs_opmode_drc  File: C:\Xilinx_2018\Vivado\2018.3\data/vhdl/src/unisims/primitive/DSP48E1.vhd
Warning: OPMODE Input Warning : The OPMODE 0110X0X with CARRYINSEL  000 to DSP48E1 instance is invalid.
Time: 22712500 ps  Iteration: 4  Process: /apatb_Reorder_fft_top/AESL_inst_Reorder_fft/Reorder_fft_fadd_hbi_U3/Reorder_fft_ap_fadd_6_full_dsp_32_u/U0/i_synth/addsub_op/ADDSUB/speed_op/dsp/OP/dsp48e1_body/ALIGN_ADD/DSP2/DSP/prcs_opmode_drc  File: C:\Xilinx_2018\Vivado\2018.3\data/vhdl/src/unisims/primitive/DSP48E1.vhd
Warning: OPMODE Input Warning : The OPMODE 0110X0X with CARRYINSEL  000 to DSP48E1 instance is invalid.
Time: 22712500 ps  Iteration: 4  Process: /apatb_Reorder_fft_top/AESL_inst_Reorder_fft/Reorder_fft_fadd_hbi_U4/Reorder_fft_ap_fadd_6_full_dsp_32_u/U0/i_synth/addsub_op/ADDSUB/speed_op/dsp/OP/dsp48e1_body/ALIGN_ADD/DSP2/DSP/prcs_opmode_drc  File: C:\Xilinx_2018\Vivado\2018.3\data/vhdl/src/unisims/primitive/DSP48E1.vhd
Warning: OPMODE Input Warning : The OPMODE 0110X0X with CARRYINSEL  000 to DSP48E1 instance is invalid.
Time: 22712500 ps  Iteration: 4  Process: /apatb_Reorder_fft_top/AESL_inst_Reorder_fft/Reorder_fft_fadd_hbi_U5/Reorder_fft_ap_fadd_6_full_dsp_32_u/U0/i_synth/addsub_op/ADDSUB/speed_op/dsp/OP/dsp48e1_body/ALIGN_ADD/DSP2/DSP/prcs_opmode_drc  File: C:\Xilinx_2018\Vivado\2018.3\data/vhdl/src/unisims/primitive/DSP48E1.vhd
Warning: OPMODE Input Warning : The OPMODE 0110X0X with CARRYINSEL  000 to DSP48E1 instance is invalid.
Time: 22712500 ps  Iteration: 4  Process: /apatb_Reorder_fft_top/AESL_inst_Reorder_fft/Reorder_fft_fadd_hbi_U6/Reorder_fft_ap_fadd_6_full_dsp_32_u/U0/i_synth/addsub_op/ADDSUB/speed_op/dsp/OP/dsp48e1_body/ALIGN_ADD/DSP2/DSP/prcs_opmode_drc  File: C:\Xilinx_2018\Vivado\2018.3\data/vhdl/src/unisims/primitive/DSP48E1.vhd
Warning: OPMODE Input Warning : The OPMODE 0110X0X with CARRYINSEL  000 to DSP48E1 instance is invalid.
Time: 22712500 ps  Iteration: 4  Process: /apatb_Reorder_fft_top/AESL_inst_Reorder_fft/Reorder_fft_fadd_hbi_U7/Reorder_fft_ap_fadd_6_full_dsp_32_u/U0/i_synth/addsub_op/ADDSUB/speed_op/dsp/OP/dsp48e1_body/ALIGN_ADD/DSP2/DSP/prcs_opmode_drc  File: C:\Xilinx_2018\Vivado\2018.3\data/vhdl/src/unisims/primitive/DSP48E1.vhd
Warning: OPMODE Input Warning : The OPMODE 0110X0X with CARRYINSEL  000 to DSP48E1 instance is invalid.
Time: 22712500 ps  Iteration: 4  Process: /apatb_Reorder_fft_top/AESL_inst_Reorder_fft/Reorder_fft_fadd_hbi_U8/Reorder_fft_ap_fadd_6_full_dsp_32_u/U0/i_synth/addsub_op/ADDSUB/speed_op/dsp/OP/dsp48e1_body/ALIGN_ADD/DSP2/DSP/prcs_opmode_drc  File: C:\Xilinx_2018\Vivado\2018.3\data/vhdl/src/unisims/primitive/DSP48E1.vhd
// RTL Simulation : 2 / 3 [n/a] @ "63078000"
Warning: OPMODE Input Warning : The OPMODE 0110X0X with CARRYINSEL  000 to DSP48E1 instance is invalid.
Time: 63117500 ps  Iteration: 4  Process: /apatb_Reorder_fft_top/AESL_inst_Reorder_fft/Reorder_fft_fadd_hbi_U1/Reorder_fft_ap_fadd_6_full_dsp_32_u/U0/i_synth/addsub_op/ADDSUB/speed_op/dsp/OP/dsp48e1_body/ALIGN_ADD/DSP2/DSP/prcs_opmode_drc  File: C:\Xilinx_2018\Vivado\2018.3\data/vhdl/src/unisims/primitive/DSP48E1.vhd
Warning: OPMODE Input Warning : The OPMODE 0110X0X with CARRYINSEL  000 to DSP48E1 instance is invalid.
Time: 63117500 ps  Iteration: 4  Process: /apatb_Reorder_fft_top/AESL_inst_Reorder_fft/Reorder_fft_fadd_hbi_U2/Reorder_fft_ap_fadd_6_full_dsp_32_u/U0/i_synth/addsub_op/ADDSUB/speed_op/dsp/OP/dsp48e1_body/ALIGN_ADD/DSP2/DSP/prcs_opmode_drc  File: C:\Xilinx_2018\Vivado\2018.3\data/vhdl/src/unisims/primitive/DSP48E1.vhd
Warning: OPMODE Input Warning : The OPMODE 0110X0X with CARRYINSEL  000 to DSP48E1 instance is invalid.
Time: 63117500 ps  Iteration: 4  Process: /apatb_Reorder_fft_top/AESL_inst_Reorder_fft/Reorder_fft_fadd_hbi_U3/Reorder_fft_ap_fadd_6_full_dsp_32_u/U0/i_synth/addsub_op/ADDSUB/speed_op/dsp/OP/dsp48e1_body/ALIGN_ADD/DSP2/DSP/prcs_opmode_drc  File: C:\Xilinx_2018\Vivado\2018.3\data/vhdl/src/unisims/primitive/DSP48E1.vhd
Warning: OPMODE Input Warning : The OPMODE 0110X0X with CARRYINSEL  000 to DSP48E1 instance is invalid.
Time: 63117500 ps  Iteration: 4  Process: /apatb_Reorder_fft_top/AESL_inst_Reorder_fft/Reorder_fft_fadd_hbi_U4/Reorder_fft_ap_fadd_6_full_dsp_32_u/U0/i_synth/addsub_op/ADDSUB/speed_op/dsp/OP/dsp48e1_body/ALIGN_ADD/DSP2/DSP/prcs_opmode_drc  File: C:\Xilinx_2018\Vivado\2018.3\data/vhdl/src/unisims/primitive/DSP48E1.vhd
Warning: OPMODE Input Warning : The OPMODE 0110X0X with CARRYINSEL  000 to DSP48E1 instance is invalid.
Time: 63117500 ps  Iteration: 4  Process: /apatb_Reorder_fft_top/AESL_inst_Reorder_fft/Reorder_fft_fadd_hbi_U5/Reorder_fft_ap_fadd_6_full_dsp_32_u/U0/i_synth/addsub_op/ADDSUB/speed_op/dsp/OP/dsp48e1_body/ALIGN_ADD/DSP2/DSP/prcs_opmode_drc  File: C:\Xilinx_2018\Vivado\2018.3\data/vhdl/src/unisims/primitive/DSP48E1.vhd
Warning: OPMODE Input Warning : The OPMODE 0110X0X with CARRYINSEL  000 to DSP48E1 instance is invalid.
Time: 63117500 ps  Iteration: 4  Process: /apatb_Reorder_fft_top/AESL_inst_Reorder_fft/Reorder_fft_fadd_hbi_U6/Reorder_fft_ap_fadd_6_full_dsp_32_u/U0/i_synth/addsub_op/ADDSUB/speed_op/dsp/OP/dsp48e1_body/ALIGN_ADD/DSP2/DSP/prcs_opmode_drc  File: C:\Xilinx_2018\Vivado\2018.3\data/vhdl/src/unisims/primitive/DSP48E1.vhd
Warning: OPMODE Input Warning : The OPMODE 0110X0X with CARRYINSEL  000 to DSP48E1 instance is invalid.
Time: 63117500 ps  Iteration: 4  Process: /apatb_Reorder_fft_top/AESL_inst_Reorder_fft/Reorder_fft_fadd_hbi_U7/Reorder_fft_ap_fadd_6_full_dsp_32_u/U0/i_synth/addsub_op/ADDSUB/speed_op/dsp/OP/dsp48e1_body/ALIGN_ADD/DSP2/DSP/prcs_opmode_drc  File: C:\Xilinx_2018\Vivado\2018.3\data/vhdl/src/unisims/primitive/DSP48E1.vhd
Warning: OPMODE Input Warning : The OPMODE 0110X0X with CARRYINSEL  000 to DSP48E1 instance is invalid.
Time: 63117500 ps  Iteration: 4  Process: /apatb_Reorder_fft_top/AESL_inst_Reorder_fft/Reorder_fft_fadd_hbi_U8/Reorder_fft_ap_fadd_6_full_dsp_32_u/U0/i_synth/addsub_op/ADDSUB/speed_op/dsp/OP/dsp48e1_body/ALIGN_ADD/DSP2/DSP/prcs_opmode_drc  File: C:\Xilinx_2018\Vivado\2018.3\data/vhdl/src/unisims/primitive/DSP48E1.vhd
Warning: OPMODE Input Warning : The OPMODE 0110X0X with CARRYINSEL  000 to DSP48E1 instance is invalid.
Time: 63127500 ps  Iteration: 4  Process: /apatb_Reorder_fft_top/AESL_inst_Reorder_fft/Reorder_fft_fadd_hbi_U1/Reorder_fft_ap_fadd_6_full_dsp_32_u/U0/i_synth/addsub_op/ADDSUB/speed_op/dsp/OP/dsp48e1_body/ALIGN_ADD/DSP2/DSP/prcs_opmode_drc  File: C:\Xilinx_2018\Vivado\2018.3\data/vhdl/src/unisims/primitive/DSP48E1.vhd
Warning: OPMODE Input Warning : The OPMODE 0110X0X with CARRYINSEL  000 to DSP48E1 instance is invalid.
Time: 63127500 ps  Iteration: 4  Process: /apatb_Reorder_fft_top/AESL_inst_Reorder_fft/Reorder_fft_fadd_hbi_U2/Reorder_fft_ap_fadd_6_full_dsp_32_u/U0/i_synth/addsub_op/ADDSUB/speed_op/dsp/OP/dsp48e1_body/ALIGN_ADD/DSP2/DSP/prcs_opmode_drc  File: C:\Xilinx_2018\Vivado\2018.3\data/vhdl/src/unisims/primitive/DSP48E1.vhd
Warning: OPMODE Input Warning : The OPMODE 0110X0X with CARRYINSEL  000 to DSP48E1 instance is invalid.
Time: 63127500 ps  Iteration: 4  Process: /apatb_Reorder_fft_top/AESL_inst_Reorder_fft/Reorder_fft_fadd_hbi_U3/Reorder_fft_ap_fadd_6_full_dsp_32_u/U0/i_synth/addsub_op/ADDSUB/speed_op/dsp/OP/dsp48e1_body/ALIGN_ADD/DSP2/DSP/prcs_opmode_drc  File: C:\Xilinx_2018\Vivado\2018.3\data/vhdl/src/unisims/primitive/DSP48E1.vhd
Warning: OPMODE Input Warning : The OPMODE 0110X0X with CARRYINSEL  000 to DSP48E1 instance is invalid.
Time: 63127500 ps  Iteration: 4  Process: /apatb_Reorder_fft_top/AESL_inst_Reorder_fft/Reorder_fft_fadd_hbi_U4/Reorder_fft_ap_fadd_6_full_dsp_32_u/U0/i_synth/addsub_op/ADDSUB/speed_op/dsp/OP/dsp48e1_body/ALIGN_ADD/DSP2/DSP/prcs_opmode_drc  File: C:\Xilinx_2018\Vivado\2018.3\data/vhdl/src/unisims/primitive/DSP48E1.vhd
Warning: OPMODE Input Warning : The OPMODE 0110X0X with CARRYINSEL  000 to DSP48E1 instance is invalid.
Time: 63127500 ps  Iteration: 4  Process: /apatb_Reorder_fft_top/AESL_inst_Reorder_fft/Reorder_fft_fadd_hbi_U5/Reorder_fft_ap_fadd_6_full_dsp_32_u/U0/i_synth/addsub_op/ADDSUB/speed_op/dsp/OP/dsp48e1_body/ALIGN_ADD/DSP2/DSP/prcs_opmode_drc  File: C:\Xilinx_2018\Vivado\2018.3\data/vhdl/src/unisims/primitive/DSP48E1.vhd
Warning: OPMODE Input Warning : The OPMODE 0110X0X with CARRYINSEL  000 to DSP48E1 instance is invalid.
Time: 63127500 ps  Iteration: 4  Process: /apatb_Reorder_fft_top/AESL_inst_Reorder_fft/Reorder_fft_fadd_hbi_U6/Reorder_fft_ap_fadd_6_full_dsp_32_u/U0/i_synth/addsub_op/ADDSUB/speed_op/dsp/OP/dsp48e1_body/ALIGN_ADD/DSP2/DSP/prcs_opmode_drc  File: C:\Xilinx_2018\Vivado\2018.3\data/vhdl/src/unisims/primitive/DSP48E1.vhd
Warning: OPMODE Input Warning : The OPMODE 0110X0X with CARRYINSEL  000 to DSP48E1 instance is invalid.
Time: 63127500 ps  Iteration: 4  Process: /apatb_Reorder_fft_top/AESL_inst_Reorder_fft/Reorder_fft_fadd_hbi_U7/Reorder_fft_ap_fadd_6_full_dsp_32_u/U0/i_synth/addsub_op/ADDSUB/speed_op/dsp/OP/dsp48e1_body/ALIGN_ADD/DSP2/DSP/prcs_opmode_drc  File: C:\Xilinx_2018\Vivado\2018.3\data/vhdl/src/unisims/primitive/DSP48E1.vhd
Warning: OPMODE Input Warning : The OPMODE 0110X0X with CARRYINSEL  000 to DSP48E1 instance is invalid.
Time: 63127500 ps  Iteration: 4  Process: /apatb_Reorder_fft_top/AESL_inst_Reorder_fft/Reorder_fft_fadd_hbi_U8/Reorder_fft_ap_fadd_6_full_dsp_32_u/U0/i_synth/addsub_op/ADDSUB/speed_op/dsp/OP/dsp48e1_body/ALIGN_ADD/DSP2/DSP/prcs_opmode_drc  File: C:\Xilinx_2018\Vivado\2018.3\data/vhdl/src/unisims/primitive/DSP48E1.vhd
Warning: OPMODE Input Warning : The OPMODE 0110X0X with CARRYINSEL  000 to DSP48E1 instance is invalid.
Time: 63137500 ps  Iteration: 4  Process: /apatb_Reorder_fft_top/AESL_inst_Reorder_fft/Reorder_fft_fadd_hbi_U1/Reorder_fft_ap_fadd_6_full_dsp_32_u/U0/i_synth/addsub_op/ADDSUB/speed_op/dsp/OP/dsp48e1_body/ALIGN_ADD/DSP2/DSP/prcs_opmode_drc  File: C:\Xilinx_2018\Vivado\2018.3\data/vhdl/src/unisims/primitive/DSP48E1.vhd
Warning: OPMODE Input Warning : The OPMODE 0110X0X with CARRYINSEL  000 to DSP48E1 instance is invalid.
Time: 63137500 ps  Iteration: 4  Process: /apatb_Reorder_fft_top/AESL_inst_Reorder_fft/Reorder_fft_fadd_hbi_U2/Reorder_fft_ap_fadd_6_full_dsp_32_u/U0/i_synth/addsub_op/ADDSUB/speed_op/dsp/OP/dsp48e1_body/ALIGN_ADD/DSP2/DSP/prcs_opmode_drc  File: C:\Xilinx_2018\Vivado\2018.3\data/vhdl/src/unisims/primitive/DSP48E1.vhd
Warning: OPMODE Input Warning : The OPMODE 0110X0X with CARRYINSEL  000 to DSP48E1 instance is invalid.
Time: 63137500 ps  Iteration: 4  Process: /apatb_Reorder_fft_top/AESL_inst_Reorder_fft/Reorder_fft_fadd_hbi_U3/Reorder_fft_ap_fadd_6_full_dsp_32_u/U0/i_synth/addsub_op/ADDSUB/speed_op/dsp/OP/dsp48e1_body/ALIGN_ADD/DSP2/DSP/prcs_opmode_drc  File: C:\Xilinx_2018\Vivado\2018.3\data/vhdl/src/unisims/primitive/DSP48E1.vhd
Warning: OPMODE Input Warning : The OPMODE 0110X0X with CARRYINSEL  000 to DSP48E1 instance is invalid.
Time: 63137500 ps  Iteration: 4  Process: /apatb_Reorder_fft_top/AESL_inst_Reorder_fft/Reorder_fft_fadd_hbi_U4/Reorder_fft_ap_fadd_6_full_dsp_32_u/U0/i_synth/addsub_op/ADDSUB/speed_op/dsp/OP/dsp48e1_body/ALIGN_ADD/DSP2/DSP/prcs_opmode_drc  File: C:\Xilinx_2018\Vivado\2018.3\data/vhdl/src/unisims/primitive/DSP48E1.vhd
Warning: OPMODE Input Warning : The OPMODE 0110X0X with CARRYINSEL  000 to DSP48E1 instance is invalid.
Time: 63137500 ps  Iteration: 4  Process: /apatb_Reorder_fft_top/AESL_inst_Reorder_fft/Reorder_fft_fadd_hbi_U5/Reorder_fft_ap_fadd_6_full_dsp_32_u/U0/i_synth/addsub_op/ADDSUB/speed_op/dsp/OP/dsp48e1_body/ALIGN_ADD/DSP2/DSP/prcs_opmode_drc  File: C:\Xilinx_2018\Vivado\2018.3\data/vhdl/src/unisims/primitive/DSP48E1.vhd
Warning: OPMODE Input Warning : The OPMODE 0110X0X with CARRYINSEL  000 to DSP48E1 instance is invalid.
Time: 63137500 ps  Iteration: 4  Process: /apatb_Reorder_fft_top/AESL_inst_Reorder_fft/Reorder_fft_fadd_hbi_U6/Reorder_fft_ap_fadd_6_full_dsp_32_u/U0/i_synth/addsub_op/ADDSUB/speed_op/dsp/OP/dsp48e1_body/ALIGN_ADD/DSP2/DSP/prcs_opmode_drc  File: C:\Xilinx_2018\Vivado\2018.3\data/vhdl/src/unisims/primitive/DSP48E1.vhd
Warning: OPMODE Input Warning : The OPMODE 0110X0X with CARRYINSEL  000 to DSP48E1 instance is invalid.
Time: 63137500 ps  Iteration: 4  Process: /apatb_Reorder_fft_top/AESL_inst_Reorder_fft/Reorder_fft_fadd_hbi_U7/Reorder_fft_ap_fadd_6_full_dsp_32_u/U0/i_synth/addsub_op/ADDSUB/speed_op/dsp/OP/dsp48e1_body/ALIGN_ADD/DSP2/DSP/prcs_opmode_drc  File: C:\Xilinx_2018\Vivado\2018.3\data/vhdl/src/unisims/primitive/DSP48E1.vhd
Warning: OPMODE Input Warning : The OPMODE 0110X0X with CARRYINSEL  000 to DSP48E1 instance is invalid.
Time: 63137500 ps  Iteration: 4  Process: /apatb_Reorder_fft_top/AESL_inst_Reorder_fft/Reorder_fft_fadd_hbi_U8/Reorder_fft_ap_fadd_6_full_dsp_32_u/U0/i_synth/addsub_op/ADDSUB/speed_op/dsp/OP/dsp48e1_body/ALIGN_ADD/DSP2/DSP/prcs_opmode_drc  File: C:\Xilinx_2018\Vivado\2018.3\data/vhdl/src/unisims/primitive/DSP48E1.vhd
Warning: OPMODE Input Warning : The OPMODE 0110X0X with CARRYINSEL  000 to DSP48E1 instance is invalid.
Time: 63147500 ps  Iteration: 4  Process: /apatb_Reorder_fft_top/AESL_inst_Reorder_fft/Reorder_fft_fadd_hbi_U1/Reorder_fft_ap_fadd_6_full_dsp_32_u/U0/i_synth/addsub_op/ADDSUB/speed_op/dsp/OP/dsp48e1_body/ALIGN_ADD/DSP2/DSP/prcs_opmode_drc  File: C:\Xilinx_2018\Vivado\2018.3\data/vhdl/src/unisims/primitive/DSP48E1.vhd
Warning: OPMODE Input Warning : The OPMODE 0110X0X with CARRYINSEL  000 to DSP48E1 instance is invalid.
Time: 63147500 ps  Iteration: 4  Process: /apatb_Reorder_fft_top/AESL_inst_Reorder_fft/Reorder_fft_fadd_hbi_U2/Reorder_fft_ap_fadd_6_full_dsp_32_u/U0/i_synth/addsub_op/ADDSUB/speed_op/dsp/OP/dsp48e1_body/ALIGN_ADD/DSP2/DSP/prcs_opmode_drc  File: C:\Xilinx_2018\Vivado\2018.3\data/vhdl/src/unisims/primitive/DSP48E1.vhd
Warning: OPMODE Input Warning : The OPMODE 0110X0X with CARRYINSEL  000 to DSP48E1 instance is invalid.
Time: 63147500 ps  Iteration: 4  Process: /apatb_Reorder_fft_top/AESL_inst_Reorder_fft/Reorder_fft_fadd_hbi_U3/Reorder_fft_ap_fadd_6_full_dsp_32_u/U0/i_synth/addsub_op/ADDSUB/speed_op/dsp/OP/dsp48e1_body/ALIGN_ADD/DSP2/DSP/prcs_opmode_drc  File: C:\Xilinx_2018\Vivado\2018.3\data/vhdl/src/unisims/primitive/DSP48E1.vhd
Warning: OPMODE Input Warning : The OPMODE 0110X0X with CARRYINSEL  000 to DSP48E1 instance is invalid.
Time: 63147500 ps  Iteration: 4  Process: /apatb_Reorder_fft_top/AESL_inst_Reorder_fft/Reorder_fft_fadd_hbi_U4/Reorder_fft_ap_fadd_6_full_dsp_32_u/U0/i_synth/addsub_op/ADDSUB/speed_op/dsp/OP/dsp48e1_body/ALIGN_ADD/DSP2/DSP/prcs_opmode_drc  File: C:\Xilinx_2018\Vivado\2018.3\data/vhdl/src/unisims/primitive/DSP48E1.vhd
Warning: OPMODE Input Warning : The OPMODE 0110X0X with CARRYINSEL  000 to DSP48E1 instance is invalid.
Time: 63147500 ps  Iteration: 4  Process: /apatb_Reorder_fft_top/AESL_inst_Reorder_fft/Reorder_fft_fadd_hbi_U5/Reorder_fft_ap_fadd_6_full_dsp_32_u/U0/i_synth/addsub_op/ADDSUB/speed_op/dsp/OP/dsp48e1_body/ALIGN_ADD/DSP2/DSP/prcs_opmode_drc  File: C:\Xilinx_2018\Vivado\2018.3\data/vhdl/src/unisims/primitive/DSP48E1.vhd
Warning: OPMODE Input Warning : The OPMODE 0110X0X with CARRYINSEL  000 to DSP48E1 instance is invalid.
Time: 63147500 ps  Iteration: 4  Process: /apatb_Reorder_fft_top/AESL_inst_Reorder_fft/Reorder_fft_fadd_hbi_U6/Reorder_fft_ap_fadd_6_full_dsp_32_u/U0/i_synth/addsub_op/ADDSUB/speed_op/dsp/OP/dsp48e1_body/ALIGN_ADD/DSP2/DSP/prcs_opmode_drc  File: C:\Xilinx_2018\Vivado\2018.3\data/vhdl/src/unisims/primitive/DSP48E1.vhd
Warning: OPMODE Input Warning : The OPMODE 0110X0X with CARRYINSEL  000 to DSP48E1 instance is invalid.
Time: 63147500 ps  Iteration: 4  Process: /apatb_Reorder_fft_top/AESL_inst_Reorder_fft/Reorder_fft_fadd_hbi_U7/Reorder_fft_ap_fadd_6_full_dsp_32_u/U0/i_synth/addsub_op/ADDSUB/speed_op/dsp/OP/dsp48e1_body/ALIGN_ADD/DSP2/DSP/prcs_opmode_drc  File: C:\Xilinx_2018\Vivado\2018.3\data/vhdl/src/unisims/primitive/DSP48E1.vhd
Warning: OPMODE Input Warning : The OPMODE 0110X0X with CARRYINSEL  000 to DSP48E1 instance is invalid.
Time: 63147500 ps  Iteration: 4  Process: /apatb_Reorder_fft_top/AESL_inst_Reorder_fft/Reorder_fft_fadd_hbi_U8/Reorder_fft_ap_fadd_6_full_dsp_32_u/U0/i_synth/addsub_op/ADDSUB/speed_op/dsp/OP/dsp48e1_body/ALIGN_ADD/DSP2/DSP/prcs_opmode_drc  File: C:\Xilinx_2018\Vivado\2018.3\data/vhdl/src/unisims/primitive/DSP48E1.vhd
Warning: OPMODE Input Warning : The OPMODE 0110X0X with CARRYINSEL  000 to DSP48E1 instance is invalid.
Time: 104072500 ps  Iteration: 4  Process: /apatb_Reorder_fft_top/AESL_inst_Reorder_fft/Reorder_fft_fadd_hbi_U1/Reorder_fft_ap_fadd_6_full_dsp_32_u/U0/i_synth/addsub_op/ADDSUB/speed_op/dsp/OP/dsp48e1_body/ALIGN_ADD/DSP2/DSP/prcs_opmode_drc  File: C:\Xilinx_2018\Vivado\2018.3\data/vhdl/src/unisims/primitive/DSP48E1.vhd
Warning: OPMODE Input Warning : The OPMODE 0110X0X with CARRYINSEL  000 to DSP48E1 instance is invalid.
Time: 104072500 ps  Iteration: 4  Process: /apatb_Reorder_fft_top/AESL_inst_Reorder_fft/Reorder_fft_fadd_hbi_U2/Reorder_fft_ap_fadd_6_full_dsp_32_u/U0/i_synth/addsub_op/ADDSUB/speed_op/dsp/OP/dsp48e1_body/ALIGN_ADD/DSP2/DSP/prcs_opmode_drc  File: C:\Xilinx_2018\Vivado\2018.3\data/vhdl/src/unisims/primitive/DSP48E1.vhd
Warning: OPMODE Input Warning : The OPMODE 0110X0X with CARRYINSEL  000 to DSP48E1 instance is invalid.
Time: 104072500 ps  Iteration: 4  Process: /apatb_Reorder_fft_top/AESL_inst_Reorder_fft/Reorder_fft_fadd_hbi_U3/Reorder_fft_ap_fadd_6_full_dsp_32_u/U0/i_synth/addsub_op/ADDSUB/speed_op/dsp/OP/dsp48e1_body/ALIGN_ADD/DSP2/DSP/prcs_opmode_drc  File: C:\Xilinx_2018\Vivado\2018.3\data/vhdl/src/unisims/primitive/DSP48E1.vhd
Warning: OPMODE Input Warning : The OPMODE 0110X0X with CARRYINSEL  000 to DSP48E1 instance is invalid.
Time: 104072500 ps  Iteration: 4  Process: /apatb_Reorder_fft_top/AESL_inst_Reorder_fft/Reorder_fft_fadd_hbi_U4/Reorder_fft_ap_fadd_6_full_dsp_32_u/U0/i_synth/addsub_op/ADDSUB/speed_op/dsp/OP/dsp48e1_body/ALIGN_ADD/DSP2/DSP/prcs_opmode_drc  File: C:\Xilinx_2018\Vivado\2018.3\data/vhdl/src/unisims/primitive/DSP48E1.vhd
Warning: OPMODE Input Warning : The OPMODE 0110X0X with CARRYINSEL  000 to DSP48E1 instance is invalid.
Time: 104072500 ps  Iteration: 4  Process: /apatb_Reorder_fft_top/AESL_inst_Reorder_fft/Reorder_fft_fadd_hbi_U5/Reorder_fft_ap_fadd_6_full_dsp_32_u/U0/i_synth/addsub_op/ADDSUB/speed_op/dsp/OP/dsp48e1_body/ALIGN_ADD/DSP2/DSP/prcs_opmode_drc  File: C:\Xilinx_2018\Vivado\2018.3\data/vhdl/src/unisims/primitive/DSP48E1.vhd
Warning: OPMODE Input Warning : The OPMODE 0110X0X with CARRYINSEL  000 to DSP48E1 instance is invalid.
Time: 104072500 ps  Iteration: 4  Process: /apatb_Reorder_fft_top/AESL_inst_Reorder_fft/Reorder_fft_fadd_hbi_U6/Reorder_fft_ap_fadd_6_full_dsp_32_u/U0/i_synth/addsub_op/ADDSUB/speed_op/dsp/OP/dsp48e1_body/ALIGN_ADD/DSP2/DSP/prcs_opmode_drc  File: C:\Xilinx_2018\Vivado\2018.3\data/vhdl/src/unisims/primitive/DSP48E1.vhd
Warning: OPMODE Input Warning : The OPMODE 0110X0X with CARRYINSEL  000 to DSP48E1 instance is invalid.
Time: 104072500 ps  Iteration: 4  Process: /apatb_Reorder_fft_top/AESL_inst_Reorder_fft/Reorder_fft_fadd_hbi_U7/Reorder_fft_ap_fadd_6_full_dsp_32_u/U0/i_synth/addsub_op/ADDSUB/speed_op/dsp/OP/dsp48e1_body/ALIGN_ADD/DSP2/DSP/prcs_opmode_drc  File: C:\Xilinx_2018\Vivado\2018.3\data/vhdl/src/unisims/primitive/DSP48E1.vhd
Warning: OPMODE Input Warning : The OPMODE 0110X0X with CARRYINSEL  000 to DSP48E1 instance is invalid.
Time: 104072500 ps  Iteration: 4  Process: /apatb_Reorder_fft_top/AESL_inst_Reorder_fft/Reorder_fft_fadd_hbi_U8/Reorder_fft_ap_fadd_6_full_dsp_32_u/U0/i_synth/addsub_op/ADDSUB/speed_op/dsp/OP/dsp48e1_body/ALIGN_ADD/DSP2/DSP/prcs_opmode_drc  File: C:\Xilinx_2018\Vivado\2018.3\data/vhdl/src/unisims/primitive/DSP48E1.vhd
Warning: OPMODE Input Warning : The OPMODE 0110X0X with CARRYINSEL  000 to DSP48E1 instance is invalid.
Time: 104082500 ps  Iteration: 4  Process: /apatb_Reorder_fft_top/AESL_inst_Reorder_fft/Reorder_fft_fadd_hbi_U1/Reorder_fft_ap_fadd_6_full_dsp_32_u/U0/i_synth/addsub_op/ADDSUB/speed_op/dsp/OP/dsp48e1_body/ALIGN_ADD/DSP2/DSP/prcs_opmode_drc  File: C:\Xilinx_2018\Vivado\2018.3\data/vhdl/src/unisims/primitive/DSP48E1.vhd
Warning: OPMODE Input Warning : The OPMODE 0110X0X with CARRYINSEL  000 to DSP48E1 instance is invalid.
Time: 104082500 ps  Iteration: 4  Process: /apatb_Reorder_fft_top/AESL_inst_Reorder_fft/Reorder_fft_fadd_hbi_U2/Reorder_fft_ap_fadd_6_full_dsp_32_u/U0/i_synth/addsub_op/ADDSUB/speed_op/dsp/OP/dsp48e1_body/ALIGN_ADD/DSP2/DSP/prcs_opmode_drc  File: C:\Xilinx_2018\Vivado\2018.3\data/vhdl/src/unisims/primitive/DSP48E1.vhd
Warning: OPMODE Input Warning : The OPMODE 0110X0X with CARRYINSEL  000 to DSP48E1 instance is invalid.
Time: 104082500 ps  Iteration: 4  Process: /apatb_Reorder_fft_top/AESL_inst_Reorder_fft/Reorder_fft_fadd_hbi_U3/Reorder_fft_ap_fadd_6_full_dsp_32_u/U0/i_synth/addsub_op/ADDSUB/speed_op/dsp/OP/dsp48e1_body/ALIGN_ADD/DSP2/DSP/prcs_opmode_drc  File: C:\Xilinx_2018\Vivado\2018.3\data/vhdl/src/unisims/primitive/DSP48E1.vhd
Warning: OPMODE Input Warning : The OPMODE 0110X0X with CARRYINSEL  000 to DSP48E1 instance is invalid.
Time: 104082500 ps  Iteration: 4  Process: /apatb_Reorder_fft_top/AESL_inst_Reorder_fft/Reorder_fft_fadd_hbi_U4/Reorder_fft_ap_fadd_6_full_dsp_32_u/U0/i_synth/addsub_op/ADDSUB/speed_op/dsp/OP/dsp48e1_body/ALIGN_ADD/DSP2/DSP/prcs_opmode_drc  File: C:\Xilinx_2018\Vivado\2018.3\data/vhdl/src/unisims/primitive/DSP48E1.vhd
Warning: OPMODE Input Warning : The OPMODE 0110X0X with CARRYINSEL  000 to DSP48E1 instance is invalid.
Time: 104082500 ps  Iteration: 4  Process: /apatb_Reorder_fft_top/AESL_inst_Reorder_fft/Reorder_fft_fadd_hbi_U5/Reorder_fft_ap_fadd_6_full_dsp_32_u/U0/i_synth/addsub_op/ADDSUB/speed_op/dsp/OP/dsp48e1_body/ALIGN_ADD/DSP2/DSP/prcs_opmode_drc  File: C:\Xilinx_2018\Vivado\2018.3\data/vhdl/src/unisims/primitive/DSP48E1.vhd
Warning: OPMODE Input Warning : The OPMODE 0110X0X with CARRYINSEL  000 to DSP48E1 instance is invalid.
Time: 104082500 ps  Iteration: 4  Process: /apatb_Reorder_fft_top/AESL_inst_Reorder_fft/Reorder_fft_fadd_hbi_U6/Reorder_fft_ap_fadd_6_full_dsp_32_u/U0/i_synth/addsub_op/ADDSUB/speed_op/dsp/OP/dsp48e1_body/ALIGN_ADD/DSP2/DSP/prcs_opmode_drc  File: C:\Xilinx_2018\Vivado\2018.3\data/vhdl/src/unisims/primitive/DSP48E1.vhd
Warning: OPMODE Input Warning : The OPMODE 0110X0X with CARRYINSEL  000 to DSP48E1 instance is invalid.
Time: 104082500 ps  Iteration: 4  Process: /apatb_Reorder_fft_top/AESL_inst_Reorder_fft/Reorder_fft_fadd_hbi_U7/Reorder_fft_ap_fadd_6_full_dsp_32_u/U0/i_synth/addsub_op/ADDSUB/speed_op/dsp/OP/dsp48e1_body/ALIGN_ADD/DSP2/DSP/prcs_opmode_drc  File: C:\Xilinx_2018\Vivado\2018.3\data/vhdl/src/unisims/primitive/DSP48E1.vhd
Warning: OPMODE Input Warning : The OPMODE 0110X0X with CARRYINSEL  000 to DSP48E1 instance is invalid.
Time: 104082500 ps  Iteration: 4  Process: /apatb_Reorder_fft_top/AESL_inst_Reorder_fft/Reorder_fft_fadd_hbi_U8/Reorder_fft_ap_fadd_6_full_dsp_32_u/U0/i_synth/addsub_op/ADDSUB/speed_op/dsp/OP/dsp48e1_body/ALIGN_ADD/DSP2/DSP/prcs_opmode_drc  File: C:\Xilinx_2018\Vivado\2018.3\data/vhdl/src/unisims/primitive/DSP48E1.vhd
Warning: OPMODE Input Warning : The OPMODE 0110X0X with CARRYINSEL  000 to DSP48E1 instance is invalid.
Time: 104092500 ps  Iteration: 4  Process: /apatb_Reorder_fft_top/AESL_inst_Reorder_fft/Reorder_fft_fadd_hbi_U1/Reorder_fft_ap_fadd_6_full_dsp_32_u/U0/i_synth/addsub_op/ADDSUB/speed_op/dsp/OP/dsp48e1_body/ALIGN_ADD/DSP2/DSP/prcs_opmode_drc  File: C:\Xilinx_2018\Vivado\2018.3\data/vhdl/src/unisims/primitive/DSP48E1.vhd
Warning: OPMODE Input Warning : The OPMODE 0110X0X with CARRYINSEL  000 to DSP48E1 instance is invalid.
Time: 104092500 ps  Iteration: 4  Process: /apatb_Reorder_fft_top/AESL_inst_Reorder_fft/Reorder_fft_fadd_hbi_U2/Reorder_fft_ap_fadd_6_full_dsp_32_u/U0/i_synth/addsub_op/ADDSUB/speed_op/dsp/OP/dsp48e1_body/ALIGN_ADD/DSP2/DSP/prcs_opmode_drc  File: C:\Xilinx_2018\Vivado\2018.3\data/vhdl/src/unisims/primitive/DSP48E1.vhd
Warning: OPMODE Input Warning : The OPMODE 0110X0X with CARRYINSEL  000 to DSP48E1 instance is invalid.
Time: 104092500 ps  Iteration: 4  Process: /apatb_Reorder_fft_top/AESL_inst_Reorder_fft/Reorder_fft_fadd_hbi_U3/Reorder_fft_ap_fadd_6_full_dsp_32_u/U0/i_synth/addsub_op/ADDSUB/speed_op/dsp/OP/dsp48e1_body/ALIGN_ADD/DSP2/DSP/prcs_opmode_drc  File: C:\Xilinx_2018\Vivado\2018.3\data/vhdl/src/unisims/primitive/DSP48E1.vhd
Warning: OPMODE Input Warning : The OPMODE 0110X0X with CARRYINSEL  000 to DSP48E1 instance is invalid.
Time: 104092500 ps  Iteration: 4  Process: /apatb_Reorder_fft_top/AESL_inst_Reorder_fft/Reorder_fft_fadd_hbi_U4/Reorder_fft_ap_fadd_6_full_dsp_32_u/U0/i_synth/addsub_op/ADDSUB/speed_op/dsp/OP/dsp48e1_body/ALIGN_ADD/DSP2/DSP/prcs_opmode_drc  File: C:\Xilinx_2018\Vivado\2018.3\data/vhdl/src/unisims/primitive/DSP48E1.vhd
Warning: OPMODE Input Warning : The OPMODE 0110X0X with CARRYINSEL  000 to DSP48E1 instance is invalid.
Time: 104092500 ps  Iteration: 4  Process: /apatb_Reorder_fft_top/AESL_inst_Reorder_fft/Reorder_fft_fadd_hbi_U5/Reorder_fft_ap_fadd_6_full_dsp_32_u/U0/i_synth/addsub_op/ADDSUB/speed_op/dsp/OP/dsp48e1_body/ALIGN_ADD/DSP2/DSP/prcs_opmode_drc  File: C:\Xilinx_2018\Vivado\2018.3\data/vhdl/src/unisims/primitive/DSP48E1.vhd
Warning: OPMODE Input Warning : The OPMODE 0110X0X with CARRYINSEL  000 to DSP48E1 instance is invalid.
Time: 104092500 ps  Iteration: 4  Process: /apatb_Reorder_fft_top/AESL_inst_Reorder_fft/Reorder_fft_fadd_hbi_U6/Reorder_fft_ap_fadd_6_full_dsp_32_u/U0/i_synth/addsub_op/ADDSUB/speed_op/dsp/OP/dsp48e1_body/ALIGN_ADD/DSP2/DSP/prcs_opmode_drc  File: C:\Xilinx_2018\Vivado\2018.3\data/vhdl/src/unisims/primitive/DSP48E1.vhd
Warning: OPMODE Input Warning : The OPMODE 0110X0X with CARRYINSEL  000 to DSP48E1 instance is invalid.
Time: 104092500 ps  Iteration: 4  Process: /apatb_Reorder_fft_top/AESL_inst_Reorder_fft/Reorder_fft_fadd_hbi_U7/Reorder_fft_ap_fadd_6_full_dsp_32_u/U0/i_synth/addsub_op/ADDSUB/speed_op/dsp/OP/dsp48e1_body/ALIGN_ADD/DSP2/DSP/prcs_opmode_drc  File: C:\Xilinx_2018\Vivado\2018.3\data/vhdl/src/unisims/primitive/DSP48E1.vhd
Warning: OPMODE Input Warning : The OPMODE 0110X0X with CARRYINSEL  000 to DSP48E1 instance is invalid.
Time: 104092500 ps  Iteration: 4  Process: /apatb_Reorder_fft_top/AESL_inst_Reorder_fft/Reorder_fft_fadd_hbi_U8/Reorder_fft_ap_fadd_6_full_dsp_32_u/U0/i_synth/addsub_op/ADDSUB/speed_op/dsp/OP/dsp48e1_body/ALIGN_ADD/DSP2/DSP/prcs_opmode_drc  File: C:\Xilinx_2018\Vivado\2018.3\data/vhdl/src/unisims/primitive/DSP48E1.vhd
Warning: OPMODE Input Warning : The OPMODE 0110X0X with CARRYINSEL  000 to DSP48E1 instance is invalid.
Time: 104102500 ps  Iteration: 4  Process: /apatb_Reorder_fft_top/AESL_inst_Reorder_fft/Reorder_fft_fadd_hbi_U1/Reorder_fft_ap_fadd_6_full_dsp_32_u/U0/i_synth/addsub_op/ADDSUB/speed_op/dsp/OP/dsp48e1_body/ALIGN_ADD/DSP2/DSP/prcs_opmode_drc  File: C:\Xilinx_2018\Vivado\2018.3\data/vhdl/src/unisims/primitive/DSP48E1.vhd
Warning: OPMODE Input Warning : The OPMODE 0110X0X with CARRYINSEL  000 to DSP48E1 instance is invalid.
Time: 104102500 ps  Iteration: 4  Process: /apatb_Reorder_fft_top/AESL_inst_Reorder_fft/Reorder_fft_fadd_hbi_U2/Reorder_fft_ap_fadd_6_full_dsp_32_u/U0/i_synth/addsub_op/ADDSUB/speed_op/dsp/OP/dsp48e1_body/ALIGN_ADD/DSP2/DSP/prcs_opmode_drc  File: C:\Xilinx_2018\Vivado\2018.3\data/vhdl/src/unisims/primitive/DSP48E1.vhd
Warning: OPMODE Input Warning : The OPMODE 0110X0X with CARRYINSEL  000 to DSP48E1 instance is invalid.
Time: 104102500 ps  Iteration: 4  Process: /apatb_Reorder_fft_top/AESL_inst_Reorder_fft/Reorder_fft_fadd_hbi_U3/Reorder_fft_ap_fadd_6_full_dsp_32_u/U0/i_synth/addsub_op/ADDSUB/speed_op/dsp/OP/dsp48e1_body/ALIGN_ADD/DSP2/DSP/prcs_opmode_drc  File: C:\Xilinx_2018\Vivado\2018.3\data/vhdl/src/unisims/primitive/DSP48E1.vhd
Warning: OPMODE Input Warning : The OPMODE 0110X0X with CARRYINSEL  000 to DSP48E1 instance is invalid.
Time: 104102500 ps  Iteration: 4  Process: /apatb_Reorder_fft_top/AESL_inst_Reorder_fft/Reorder_fft_fadd_hbi_U4/Reorder_fft_ap_fadd_6_full_dsp_32_u/U0/i_synth/addsub_op/ADDSUB/speed_op/dsp/OP/dsp48e1_body/ALIGN_ADD/DSP2/DSP/prcs_opmode_drc  File: C:\Xilinx_2018\Vivado\2018.3\data/vhdl/src/unisims/primitive/DSP48E1.vhd
Warning: OPMODE Input Warning : The OPMODE 0110X0X with CARRYINSEL  000 to DSP48E1 instance is invalid.
Time: 104102500 ps  Iteration: 4  Process: /apatb_Reorder_fft_top/AESL_inst_Reorder_fft/Reorder_fft_fadd_hbi_U5/Reorder_fft_ap_fadd_6_full_dsp_32_u/U0/i_synth/addsub_op/ADDSUB/speed_op/dsp/OP/dsp48e1_body/ALIGN_ADD/DSP2/DSP/prcs_opmode_drc  File: C:\Xilinx_2018\Vivado\2018.3\data/vhdl/src/unisims/primitive/DSP48E1.vhd
Warning: OPMODE Input Warning : The OPMODE 0110X0X with CARRYINSEL  000 to DSP48E1 instance is invalid.
Time: 104102500 ps  Iteration: 4  Process: /apatb_Reorder_fft_top/AESL_inst_Reorder_fft/Reorder_fft_fadd_hbi_U6/Reorder_fft_ap_fadd_6_full_dsp_32_u/U0/i_synth/addsub_op/ADDSUB/speed_op/dsp/OP/dsp48e1_body/ALIGN_ADD/DSP2/DSP/prcs_opmode_drc  File: C:\Xilinx_2018\Vivado\2018.3\data/vhdl/src/unisims/primitive/DSP48E1.vhd
Warning: OPMODE Input Warning : The OPMODE 0110X0X with CARRYINSEL  000 to DSP48E1 instance is invalid.
Time: 104102500 ps  Iteration: 4  Process: /apatb_Reorder_fft_top/AESL_inst_Reorder_fft/Reorder_fft_fadd_hbi_U7/Reorder_fft_ap_fadd_6_full_dsp_32_u/U0/i_synth/addsub_op/ADDSUB/speed_op/dsp/OP/dsp48e1_body/ALIGN_ADD/DSP2/DSP/prcs_opmode_drc  File: C:\Xilinx_2018\Vivado\2018.3\data/vhdl/src/unisims/primitive/DSP48E1.vhd
Warning: OPMODE Input Warning : The OPMODE 0110X0X with CARRYINSEL  000 to DSP48E1 instance is invalid.
Time: 104102500 ps  Iteration: 4  Process: /apatb_Reorder_fft_top/AESL_inst_Reorder_fft/Reorder_fft_fadd_hbi_U8/Reorder_fft_ap_fadd_6_full_dsp_32_u/U0/i_synth/addsub_op/ADDSUB/speed_op/dsp/OP/dsp48e1_body/ALIGN_ADD/DSP2/DSP/prcs_opmode_drc  File: C:\Xilinx_2018\Vivado\2018.3\data/vhdl/src/unisims/primitive/DSP48E1.vhd
Warning: OPMODE Input Warning : The OPMODE 0110X0X with CARRYINSEL  000 to DSP48E1 instance is invalid.
Time: 104112500 ps  Iteration: 4  Process: /apatb_Reorder_fft_top/AESL_inst_Reorder_fft/Reorder_fft_fadd_hbi_U1/Reorder_fft_ap_fadd_6_full_dsp_32_u/U0/i_synth/addsub_op/ADDSUB/speed_op/dsp/OP/dsp48e1_body/ALIGN_ADD/DSP2/DSP/prcs_opmode_drc  File: C:\Xilinx_2018\Vivado\2018.3\data/vhdl/src/unisims/primitive/DSP48E1.vhd
Warning: OPMODE Input Warning : The OPMODE 0110X0X with CARRYINSEL  000 to DSP48E1 instance is invalid.
Time: 104112500 ps  Iteration: 4  Process: /apatb_Reorder_fft_top/AESL_inst_Reorder_fft/Reorder_fft_fadd_hbi_U2/Reorder_fft_ap_fadd_6_full_dsp_32_u/U0/i_synth/addsub_op/ADDSUB/speed_op/dsp/OP/dsp48e1_body/ALIGN_ADD/DSP2/DSP/prcs_opmode_drc  File: C:\Xilinx_2018\Vivado\2018.3\data/vhdl/src/unisims/primitive/DSP48E1.vhd
Warning: OPMODE Input Warning : The OPMODE 0110X0X with CARRYINSEL  000 to DSP48E1 instance is invalid.
Time: 104112500 ps  Iteration: 4  Process: /apatb_Reorder_fft_top/AESL_inst_Reorder_fft/Reorder_fft_fadd_hbi_U3/Reorder_fft_ap_fadd_6_full_dsp_32_u/U0/i_synth/addsub_op/ADDSUB/speed_op/dsp/OP/dsp48e1_body/ALIGN_ADD/DSP2/DSP/prcs_opmode_drc  File: C:\Xilinx_2018\Vivado\2018.3\data/vhdl/src/unisims/primitive/DSP48E1.vhd
Warning: OPMODE Input Warning : The OPMODE 0110X0X with CARRYINSEL  000 to DSP48E1 instance is invalid.
Time: 104112500 ps  Iteration: 4  Process: /apatb_Reorder_fft_top/AESL_inst_Reorder_fft/Reorder_fft_fadd_hbi_U4/Reorder_fft_ap_fadd_6_full_dsp_32_u/U0/i_synth/addsub_op/ADDSUB/speed_op/dsp/OP/dsp48e1_body/ALIGN_ADD/DSP2/DSP/prcs_opmode_drc  File: C:\Xilinx_2018\Vivado\2018.3\data/vhdl/src/unisims/primitive/DSP48E1.vhd
Warning: OPMODE Input Warning : The OPMODE 0110X0X with CARRYINSEL  000 to DSP48E1 instance is invalid.
Time: 104112500 ps  Iteration: 4  Process: /apatb_Reorder_fft_top/AESL_inst_Reorder_fft/Reorder_fft_fadd_hbi_U5/Reorder_fft_ap_fadd_6_full_dsp_32_u/U0/i_synth/addsub_op/ADDSUB/speed_op/dsp/OP/dsp48e1_body/ALIGN_ADD/DSP2/DSP/prcs_opmode_drc  File: C:\Xilinx_2018\Vivado\2018.3\data/vhdl/src/unisims/primitive/DSP48E1.vhd
Warning: OPMODE Input Warning : The OPMODE 0110X0X with CARRYINSEL  000 to DSP48E1 instance is invalid.
Time: 104112500 ps  Iteration: 4  Process: /apatb_Reorder_fft_top/AESL_inst_Reorder_fft/Reorder_fft_fadd_hbi_U6/Reorder_fft_ap_fadd_6_full_dsp_32_u/U0/i_synth/addsub_op/ADDSUB/speed_op/dsp/OP/dsp48e1_body/ALIGN_ADD/DSP2/DSP/prcs_opmode_drc  File: C:\Xilinx_2018\Vivado\2018.3\data/vhdl/src/unisims/primitive/DSP48E1.vhd
Warning: OPMODE Input Warning : The OPMODE 0110X0X with CARRYINSEL  000 to DSP48E1 instance is invalid.
Time: 104112500 ps  Iteration: 4  Process: /apatb_Reorder_fft_top/AESL_inst_Reorder_fft/Reorder_fft_fadd_hbi_U7/Reorder_fft_ap_fadd_6_full_dsp_32_u/U0/i_synth/addsub_op/ADDSUB/speed_op/dsp/OP/dsp48e1_body/ALIGN_ADD/DSP2/DSP/prcs_opmode_drc  File: C:\Xilinx_2018\Vivado\2018.3\data/vhdl/src/unisims/primitive/DSP48E1.vhd
Warning: OPMODE Input Warning : The OPMODE 0110X0X with CARRYINSEL  000 to DSP48E1 instance is invalid.
Time: 104112500 ps  Iteration: 4  Process: /apatb_Reorder_fft_top/AESL_inst_Reorder_fft/Reorder_fft_fadd_hbi_U8/Reorder_fft_ap_fadd_6_full_dsp_32_u/U0/i_synth/addsub_op/ADDSUB/speed_op/dsp/OP/dsp48e1_body/ALIGN_ADD/DSP2/DSP/prcs_opmode_drc  File: C:\Xilinx_2018\Vivado\2018.3\data/vhdl/src/unisims/primitive/DSP48E1.vhd
// RTL Simulation : 3 / 3 [n/a] @ "265438000"
////////////////////////////////////////////////////////////////////////////////////
$finish called at time : 265457500 ps : File "C:/Users/EMILIO/Desktop/HLS/FFR_Reorder_x_num/With_array_P/sim/verilog/Reorder_fft.autotb.v" Line 663
run: Time (s): cpu = 00:00:00 ; elapsed = 00:00:33 . Memory (MB): peak = 217.840 ; gain = 0.000
## quit
INFO: [Common 17-206] Exiting xsim at Sun Mar 28 22:09:44 2021...
